2 path.c:128 0x230032a9 24
4 path.c:254 0x230032a9 24
2 path.c:128 0x230054c9 24
1 dynarray.c:84 0x230032a9 24
2 dynarray.c:95 0x230054f9 16
2 path.c:90 0x23005529 6
1 path.c:143 0x23005549 6
4 path.c:246 0x23005549 6
4 path.c:31 0x23005529 6
4 dynarray.c:112 0x230054f9 16
4 dynarray.c:113 0x230032a9 24
4 path.c:254 0x230054c9 24
1 dynarray.c:84 0x230054c9 24
2 dynarray.c:95 0x23005569 16
1 bdtBad5.c:662 0x23005529 1
4 dynarray.c:112 0x23005569 16
4 dynarray.c:113 0x230054c9 24
4 bdt_client.c:39 0x23005529 1
2 path.c:128 0x23005599 24
4 path.c:254 0x23005599 24
2 path.c:128 0x230055c9 24
1 dynarray.c:84 0x23005599 24
2 dynarray.c:95 0x230055f9 16
4 dynarray.c:112 0x230055f9 16
4 dynarray.c:113 0x23005599 24
4 path.c:254 0x230055c9 24
2 path.c:128 0x23005629 24
1 dynarray.c:84 0x230055c9 24
2 dynarray.c:95 0x23005659 16
2 path.c:90 0x23005689 6
2 path.c:90 0x230056a9 7
4 path.c:31 0x23005689 6
4 path.c:31 0x230056a9 7
4 dynarray.c:112 0x23005659 16
4 dynarray.c:113 0x230055c9 24
4 path.c:254 0x23005629 24
2 path.c:128 0x23005629 24
1 dynarray.c:84 0x23005659 24
2 dynarray.c:95 0x230055c9 16
2 path.c:90 0x230056c9 6
4 path.c:31 0x230056c9 6
4 dynarray.c:112 0x230055c9 16
4 dynarray.c:113 0x23005659 24
4 path.c:254 0x23005629 24
2 path.c:128 0x23005629 24
1 dynarray.c:84 0x230055c9 24
2 dynarray.c:95 0x23005659 16
2 path.c:90 0x230056e9 6
1 path.c:143 0x230056c9 6
2 path.c:178 0x23005709 24
1 dynarray.c:84 0x23005599 24
2 dynarray.c:95 0x23005739 16
2 path.c:191 0x23005769 6
2 path.c:205 0x23005789 6
3 path.c:223 0x23005769 0x23005769 6 6
1 bdtBad5.c:143 0x230057a9 32
2 path.c:178 0x230057e9 24
1 dynarray.c:84 0x230055f9 24
2 dynarray.c:95 0x23005819 16
2 path.c:191 0x23005849 6
2 path.c:205 0x23005869 6
3 path.c:223 0x23005849 0x23005849 6 6
4 path.c:246 0x23005769 6
4 path.c:31 0x23005789 6
4 dynarray.c:112 0x23005739 16
4 dynarray.c:113 0x23005599 24
4 path.c:254 0x23005709 24
4 path.c:246 0x230056c9 6
4 path.c:31 0x230056e9 6
4 dynarray.c:112 0x23005659 16
4 dynarray.c:113 0x230055c9 24
4 path.c:254 0x23005629 24
2 path.c:128 0x23005629 24
1 dynarray.c:84 0x23005709 24
2 dynarray.c:95 0x230055c9 16
2 path.c:90 0x230056e9 6
2 path.c:90 0x23005889 7
2 path.c:90 0x230058a9 12
3 dynarray.c:69 0x230058c9 0x230055c9 16 32
1 path.c:143 0x23005659 25
2 path.c:178 0x230055c9 24
1 dynarray.c:84 0x23005599 24
2 dynarray.c:95 0x23005909 16
2 path.c:191 0x23005939 25
2 path.c:205 0x23005969 6
3 path.c:223 0x23005939 0x23005939 25 6
4 path.c:246 0x23005939 6
4 path.c:31 0x23005969 6
4 dynarray.c:112 0x23005909 16
4 dynarray.c:113 0x23005599 24
4 path.c:254 0x230055c9 24
2 path.c:178 0x230055c9 24
1 dynarray.c:84 0x23005909 24
2 dynarray.c:95 0x23005599 16
2 path.c:191 0x23005989 25
2 path.c:205 0x23005969 6
2 path.c:205 0x230059b9 7
3 path.c:223 0x23005989 0x23005989 25 13
4 path.c:246 0x23005989 13
4 path.c:31 0x23005969 6
4 path.c:31 0x230059b9 7
4 dynarray.c:112 0x23005599 16
4 dynarray.c:113 0x23005909 24
4 path.c:254 0x230055c9 24
2 path.c:178 0x230055c9 24
1 dynarray.c:84 0x23005989 24
2 dynarray.c:95 0x23005909 16
2 path.c:191 0x230059d9 25
2 path.c:205 0x230059b9 6
2 path.c:205 0x23005969 7
3 path.c:223 0x230059d9 0x230059d9 25 13
1 bdtBad5.c:143 0x23005a09 32
2 path.c:178 0x23005a49 24
1 dynarray.c:84 0x23005599 24
2 dynarray.c:95 0x23005a79 16
2 path.c:191 0x23005aa9 13
2 path.c:205 0x23005ac9 6
2 path.c:205 0x23005ae9 7
3 path.c:223 0x23005aa9 0x23005aa9 13 13
4 path.c:246 0x230059d9 13
4 path.c:31 0x230059b9 6
4 path.c:31 0x23005969 7
4 dynarray.c:112 0x23005909 16
4 dynarray.c:113 0x23005989 24
4 path.c:254 0x230055c9 24
2 path.c:178 0x230055c9 24
1 dynarray.c:84 0x230059d9 24
2 dynarray.c:95 0x23005989 24
2 path.c:191 0x23005b09 25
2 path.c:205 0x23005969 6
2 path.c:205 0x230059b9 7
2 path.c:205 0x23005b39 12
3 path.c:223 0x23005b09 0x23005b09 25 25
1 bdtBad5.c:143 0x23005b59 32
2 path.c:178 0x23005b99 24
1 dynarray.c:84 0x23005909 24
2 dynarray.c:95 0x23005bc9 24
2 path.c:191 0x23005bf9 25
2 path.c:205 0x23005c29 6
2 path.c:205 0x23005c49 7
2 path.c:205 0x23005c69 12
3 path.c:223 0x23005bf9 0x23005bf9 25 25
4 path.c:246 0x23005b09 25
4 path.c:31 0x23005969 6
4 path.c:31 0x230059b9 7
4 path.c:31 0x23005b39 12
4 dynarray.c:112 0x23005989 24
4 dynarray.c:113 0x230059d9 24
4 path.c:254 0x230055c9 24
4 path.c:246 0x23005659 25
4 path.c:31 0x230056e9 6
4 path.c:31 0x23005889 7
4 path.c:31 0x230058a9 12
4 dynarray.c:112 0x230058c9 32
4 dynarray.c:113 0x23005709 24
4 path.c:254 0x23005629 24
2 path.c:128 0x23005629 24
1 dynarray.c:84 0x23005b09 24
2 dynarray.c:95 0x23005709 16
2 path.c:90 0x230058a9 6
1 path.c:143 0x230056c9 6
2 path.c:178 0x230055c9 24
1 dynarray.c:84 0x23005659 24
2 dynarray.c:95 0x230059d9 16
2 path.c:191 0x23005889 6
2 path.c:205 0x23005b39 6
3 path.c:223 0x23005889 0x23005889 6 6
4 path.c:246 0x23005889 6
4 path.c:31 0x23005b39 6
4 dynarray.c:112 0x230059d9 16
4 dynarray.c:113 0x23005659 24
4 path.c:254 0x230055c9 24
4 path.c:246 0x230056c9 6
4 path.c:31 0x230058a9 6
4 dynarray.c:112 0x23005709 16
4 dynarray.c:113 0x23005b09 24
4 path.c:254 0x23005629 24
2 path.c:128 0x23005629 24
1 dynarray.c:84 0x23005989 24
2 dynarray.c:95 0x23005b09 16
2 path.c:90 0x230058a9 6
2 path.c:90 0x230056c9 7
1 path.c:143 0x230056e9 13
2 path.c:178 0x230055c9 24
1 dynarray.c:84 0x23005709 24
2 dynarray.c:95 0x23005659 16
2 path.c:191 0x23005b39 13
2 path.c:205 0x230059b9 6
3 path.c:223 0x23005b39 0x23005b39 13 6
4 path.c:246 0x23005b39 6
4 path.c:31 0x230059b9 6
4 dynarray.c:112 0x23005659 16
4 dynarray.c:113 0x23005709 24
4 path.c:254 0x230055c9 24
2 path.c:178 0x230055c9 24
1 dynarray.c:84 0x230059d9 24
2 dynarray.c:95 0x23005709 16
2 path.c:191 0x230059b9 13
2 path.c:205 0x23005b39 6
2 path.c:205 0x23005969 7
3 path.c:223 0x230059b9 0x230059b9 13 13
4 path.c:246 0x230059b9 13
4 path.c:31 0x23005b39 6
4 path.c:31 0x23005969 7
4 dynarray.c:112 0x23005709 16
4 dynarray.c:113 0x230059d9 24
4 path.c:254 0x230055c9 24
4 path.c:246 0x230056e9 13
4 path.c:31 0x230058a9 6
4 path.c:31 0x230056c9 7
4 dynarray.c:112 0x23005b09 16
4 dynarray.c:113 0x23005989 24
4 path.c:254 0x23005629 24
2 path.c:128 0x23005629 24
1 dynarray.c:84 0x23005659 24
2 dynarray.c:95 0x23005989 16
2 path.c:90 0x230056c9 6
2 path.c:90 0x230058a9 7
2 path.c:90 0x230056e9 12
3 dynarray.c:69 0x23005c89 0x23005989 16 32
1 path.c:143 0x23005b09 25
2 path.c:178 0x23005989 24
1 dynarray.c:84 0x230055c9 24
2 dynarray.c:95 0x230059d9 16
2 path.c:191 0x23005cc9 25
2 path.c:205 0x23005969 6
3 path.c:223 0x23005cc9 0x23005cc9 25 6
4 path.c:246 0x23005cc9 6
4 path.c:31 0x23005969 6
4 dynarray.c:112 0x230059d9 16
4 dynarray.c:113 0x230055c9 24
4 path.c:254 0x23005989 24
2 path.c:178 0x23005989 24
1 dynarray.c:84 0x23005709 24
2 dynarray.c:95 0x230055c9 16
2 path.c:191 0x23005cc9 25
2 path.c:205 0x23005969 6
2 path.c:205 0x23005b39 7
3 path.c:223 0x23005cc9 0x23005cc9 25 13
4 path.c:246 0x23005cc9 13
4 path.c:31 0x23005969 6
4 path.c:31 0x23005b39 7
4 dynarray.c:112 0x230055c9 16
4 dynarray.c:113 0x23005709 24
4 path.c:254 0x23005989 24
2 path.c:178 0x23005989 24
1 dynarray.c:84 0x230059d9 24
2 dynarray.c:95 0x23005709 24
2 path.c:191 0x23005cc9 25
2 path.c:205 0x23005b39 6
2 path.c:205 0x23005969 7
2 path.c:205 0x230059b9 12
3 path.c:223 0x23005cc9 0x23005cc9 25 25
4 path.c:246 0x23005cc9 25
4 path.c:31 0x23005b39 6
4 path.c:31 0x23005969 7
4 path.c:31 0x230059b9 12
4 dynarray.c:112 0x23005709 24
4 dynarray.c:113 0x230059d9 24
4 path.c:254 0x23005989 24
4 path.c:246 0x23005b09 25
4 path.c:31 0x230056c9 6
4 path.c:31 0x230058a9 7
4 path.c:31 0x230056e9 12
4 dynarray.c:112 0x23005c89 32
4 dynarray.c:113 0x23005659 24
4 path.c:254 0x23005629 24
2 path.c:128 0x23005629 24
1 dynarray.c:84 0x230055c9 24
2 dynarray.c:95 0x23005659 16
2 path.c:90 0x230056e9 12
1 path.c:143 0x23005889 12
2 path.c:178 0x23005989 24
1 dynarray.c:84 0x23005b09 24
2 dynarray.c:95 0x230059d9 16
2 path.c:191 0x230058a9 12
2 path.c:205 0x230059b9 12
3 path.c:223 0x230058a9 0x230058a9 12 12
4 path.c:246 0x230058a9 12
4 path.c:31 0x230059b9 12
4 dynarray.c:112 0x230059d9 16
4 dynarray.c:113 0x23005b09 24
4 path.c:254 0x23005989 24
4 path.c:246 0x23005889 12
4 path.c:31 0x230056e9 12
4 dynarray.c:112 0x23005659 16
4 dynarray.c:113 0x230055c9 24
4 path.c:254 0x23005629 24
2 path.c:128 0x23005629 24
1 dynarray.c:84 0x23005709 24
2 dynarray.c:95 0x230055c9 16
2 path.c:90 0x230056e9 12
1 path.c:143 0x230056c9 12
2 path.c:178 0x23005989 24
1 dynarray.c:84 0x23005659 24
2 dynarray.c:95 0x23005b09 16
2 path.c:191 0x23005889 12
2 path.c:205 0x230058a9 12
3 path.c:223 0x23005889 0x23005889 12 12
4 path.c:246 0x23005889 12
4 path.c:31 0x230058a9 12
4 dynarray.c:112 0x23005b09 16
4 dynarray.c:113 0x23005659 24
4 path.c:254 0x23005989 24
4 path.c:246 0x230056c9 12
4 path.c:31 0x230056e9 12
4 dynarray.c:112 0x230055c9 16
4 dynarray.c:113 0x23005709 24
4 path.c:254 0x23005629 24
2 path.c:128 0x23005629 24
1 dynarray.c:84 0x230059d9 24
2 dynarray.c:95 0x23005709 16
2 path.c:90 0x230056e9 12
1 path.c:143 0x230059b9 12
2 path.c:178 0x23005989 24
1 dynarray.c:84 0x230055c9 24
2 dynarray.c:95 0x23005659 16
2 path.c:191 0x230056c9 12
2 path.c:205 0x23005889 12
3 path.c:223 0x230056c9 0x230056c9 12 12
4 path.c:246 0x230056c9 12
4 path.c:31 0x23005889 12
4 dynarray.c:112 0x23005659 16
4 dynarray.c:113 0x230055c9 24
4 path.c:254 0x23005989 24
4 path.c:246 0x230059b9 12
4 path.c:31 0x230056e9 12
4 dynarray.c:112 0x23005709 16
4 dynarray.c:113 0x230059d9 24
4 path.c:254 0x23005629 24
2 path.c:128 0x23005629 24
1 dynarray.c:84 0x23005b09 24
2 dynarray.c:95 0x230059d9 16
2 path.c:90 0x230056e9 6
2 path.c:90 0x230059b9 8
1 path.c:143 0x230058a9 14
2 path.c:178 0x23005989 24
1 dynarray.c:84 0x23005709 24
2 dynarray.c:95 0x230055c9 16
2 path.c:191 0x23005889 14
2 path.c:205 0x23005969 6
3 path.c:223 0x23005889 0x23005889 14 6
4 path.c:246 0x23005889 6
4 path.c:31 0x23005969 6
4 dynarray.c:112 0x230055c9 16
4 dynarray.c:113 0x23005709 24
4 path.c:254 0x23005989 24
2 path.c:178 0x23005989 24
1 dynarray.c:84 0x23005659 24
2 dynarray.c:95 0x23005709 16
2 path.c:191 0x23005969 14
2 path.c:205 0x23005889 6
2 path.c:205 0x23005b39 8
3 path.c:223 0x23005969 0x23005969 14 14
4 path.c:246 0x23005969 14
4 path.c:31 0x23005889 6
4 path.c:31 0x23005b39 8
4 dynarray.c:112 0x23005709 16
4 dynarray.c:113 0x23005659 24
4 path.c:254 0x23005989 24
2 path.c:128 0x23005989 24
1 dynarray.c:84 0x230055c9 24
2 dynarray.c:95 0x23005659 16
2 path.c:90 0x23005b39 6
2 path.c:90 0x23005889 7
2 path.c:90 0x23005969 12
3 dynarray.c:69 0x23005cf9 0x23005659 16 32
1 path.c:143 0x23005709 25
2 path.c:178 0x23005659 24
1 dynarray.c:84 0x23005cc9 24
2 dynarray.c:95 0x23005d39 16
2 path.c:191 0x23005d69 25
2 path.c:205 0x23005d99 6
3 path.c:223 0x23005d69 0x23005d69 25 6
4 path.c:246 0x23005d69 6
4 path.c:31 0x23005d99 6
4 dynarray.c:112 0x23005d39 16
4 dynarray.c:113 0x23005cc9 24
4 path.c:254 0x23005659 24
2 path.c:178 0x23005659 24
1 dynarray.c:84 0x23005d69 24
2 dynarray.c:95 0x23005cc9 16
2 path.c:191 0x23005db9 25
2 path.c:205 0x23005d99 6
2 path.c:205 0x23005de9 7
3 path.c:223 0x23005db9 0x23005db9 25 13
4 path.c:246 0x23005db9 13
4 path.c:31 0x23005d99 6
4 path.c:31 0x23005de9 7
4 dynarray.c:112 0x23005cc9 16
4 dynarray.c:113 0x23005d69 24
4 path.c:254 0x23005659 24
2 path.c:178 0x23005659 24
1 dynarray.c:84 0x23005d39 24
2 dynarray.c:95 0x23005d69 24
2 path.c:191 0x23005db9 25
2 path.c:205 0x23005de9 6
2 path.c:205 0x23005d99 7
2 path.c:205 0x23005e09 12
3 path.c:223 0x23005db9 0x23005db9 25 25
4 path.c:246 0x23005db9 25
4 path.c:31 0x23005de9 6
4 path.c:31 0x23005d99 7
4 path.c:31 0x23005e09 12
4 dynarray.c:112 0x23005d69 24
4 dynarray.c:113 0x23005d39 24
4 path.c:254 0x23005659 24
4 path.c:246 0x23005709 25
4 path.c:31 0x23005b39 6
4 path.c:31 0x23005889 7
4 path.c:31 0x23005969 12
4 dynarray.c:112 0x23005cf9 32
4 dynarray.c:113 0x230055c9 24
4 path.c:254 0x23005989 24
2 path.c:128 0x23005989 24
1 dynarray.c:84 0x23005cc9 24
2 dynarray.c:95 0x230055c9 16
2 path.c:90 0x23005969 12
2 path.c:90 0x23005889 6
2 path.c:90 0x23005b39 9
3 dynarray.c:69 0x23005e29 0x230055c9 16 32
1 path.c:143 0x23005709 27
2 path.c:178 0x230055c9 24
1 dynarray.c:84 0x23005659 24
2 dynarray.c:95 0x23005d39 16
2 path.c:191 0x23005db9 27
2 path.c:205 0x23005e09 12
3 path.c:223 0x23005db9 0x23005db9 27 12
4 path.c:246 0x23005db9 12
4 path.c:31 0x23005e09 12
4 dynarray.c:112 0x23005d39 16
4 dynarray.c:113 0x23005659 24
4 path.c:254 0x230055c9 24
4 path.c:246 0x23005709 27
4 path.c:31 0x23005969 12
4 path.c:31 0x23005889 6
4 path.c:31 0x23005b39 9
4 dynarray.c:112 0x23005e29 32
4 dynarray.c:113 0x23005cc9 24
4 path.c:254 0x23005989 24
2 path.c:128 0x23005989 24
1 dynarray.c:84 0x23005d69 24
2 dynarray.c:95 0x23005cc9 16
2 path.c:90 0x23005b39 6
2 path.c:90 0x23005889 8
1 path.c:143 0x230056c9 14
2 path.c:178 0x230055c9 24
1 dynarray.c:84 0x23005709 24
2 dynarray.c:95 0x23005659 16
2 path.c:191 0x23005969 14
2 path.c:205 0x23005d99 6
3 path.c:223 0x23005969 0x23005969 14 6
4 path.c:246 0x23005969 6
4 path.c:31 0x23005d99 6
4 dynarray.c:112 0x23005659 16
4 dynarray.c:113 0x23005709 24
4 path.c:254 0x230055c9 24
2 path.c:178 0x230055c9 24
1 dynarray.c:84 0x23005d39 24
2 dynarray.c:95 0x23005709 16
2 path.c:191 0x23005d99 14
2 path.c:205 0x23005969 6
2 path.c:205 0x23005de9 8
3 path.c:223 0x23005d99 0x23005d99 14 14
4 path.c:246 0x23005d99 14
4 path.c:31 0x23005969 6
4 path.c:31 0x23005de9 8
4 dynarray.c:112 0x23005709 16
4 dynarray.c:113 0x23005d39 24
4 path.c:254 0x230055c9 24
2 path.c:178 0x230055c9 24
1 dynarray.c:84 0x23005659 24
2 dynarray.c:95 0x23005d39 16
2 path.c:191 0x23005de9 14
2 path.c:205 0x23005969 6
2 path.c:205 0x23005d99 8
3 path.c:223 0x23005de9 0x23005de9 14 14
1 bdtBad5.c:143 0x23005e29 32
2 path.c:178 0x23005db9 24
1 dynarray.c:84 0x23005709 24
2 dynarray.c:95 0x23005e69 16
2 path.c:191 0x23005e99 14
2 path.c:205 0x23005eb9 6
2 path.c:205 0x23005ed9 8
3 path.c:223 0x23005e99 0x23005e99 14 14
4 path.c:246 0x23005de9 14
4 path.c:31 0x23005969 6
4 path.c:31 0x23005d99 8
4 dynarray.c:112 0x23005d39 16
4 dynarray.c:113 0x23005659 24
4 path.c:254 0x230055c9 24
4 path.c:246 0x230056c9 14
4 path.c:31 0x23005b39 6
4 path.c:31 0x23005889 8
4 dynarray.c:112 0x23005cc9 16
4 dynarray.c:113 0x23005d69 24
4 path.c:254 0x23005989 24
2 path.c:128 0x23005989 24
1 dynarray.c:84 0x23005d39 24
2 dynarray.c:95 0x23005d69 16
2 path.c:90 0x23005889 6
2 path.c:90 0x23005b39 7
1 path.c:143 0x23005e09 13
2 path.c:178 0x230055c9 24
1 dynarray.c:84 0x23005cc9 24
2 dynarray.c:95 0x23005659 16
2 path.c:191 0x230056c9 13
2 path.c:205 0x23005969 6
3 path.c:223 0x230056c9 0x230056c9 13 6
4 path.c:246 0x230056c9 6
4 path.c:31 0x23005969 6
4 dynarray.c:112 0x23005659 16
4 dynarray.c:113 0x23005cc9 24
4 path.c:254 0x230055c9 24
2 path.c:178 0x230055c9 24
1 dynarray.c:84 0x23005659 24
2 dynarray.c:95 0x23005cc9 16
2 path.c:191 0x23005969 13
2 path.c:205 0x230056c9 6
2 path.c:205 0x23005de9 7
3 path.c:223 0x23005969 0x23005969 13 13
4 path.c:246 0x23005969 13
4 path.c:31 0x230056c9 6
4 path.c:31 0x23005de9 7
4 dynarray.c:112 0x23005cc9 16
4 dynarray.c:113 0x23005659 24
4 path.c:254 0x230055c9 24
2 path.c:178 0x230055c9 24
1 dynarray.c:84 0x23005cc9 24
2 dynarray.c:95 0x23005659 16
2 path.c:191 0x23005de9 13
2 path.c:205 0x230056c9 6
2 path.c:205 0x23005969 7
3 path.c:223 0x23005de9 0x23005de9 13 13
1 bdtBad5.c:143 0x23005cf9 32
2 path.c:178 0x23005ef9 24
1 dynarray.c:84 0x23005939 24
2 dynarray.c:95 0x23005f29 16
2 path.c:191 0x23005f59 13
2 path.c:205 0x23005f79 6
2 path.c:205 0x23005f99 7
3 path.c:223 0x23005f59 0x23005f59 13 13
4 path.c:246 0x23005f59 13
4 path.c:31 0x23005f79 6
4 path.c:31 0x23005f99 7
4 dynarray.c:112 0x23005f29 16
4 dynarray.c:113 0x23005939 24
4 path.c:254 0x23005ef9 24
4 bdtBad5.c:193 0x23005cf9 32
4 path.c:246 0x23005e09 13
4 path.c:31 0x23005889 6
4 path.c:31 0x23005b39 7
4 dynarray.c:112 0x23005d69 16
4 dynarray.c:113 0x23005d39 24
4 path.c:254 0x23005989 24
4 path.c:246 0x23005de9 13
4 path.c:31 0x230056c9 6
4 path.c:31 0x23005969 7
4 dynarray.c:112 0x23005659 16
4 dynarray.c:113 0x23005cc9 24
4 path.c:254 0x230055c9 24
2 path.c:128 0x230055c9 24
1 dynarray.c:84 0x23005939 24
2 dynarray.c:95 0x23005cc9 16
2 path.c:90 0x23005969 6
2 path.c:90 0x230056c9 4
2 path.c:90 0x23005de9 5
3 dynarray.c:69 0x23005fb9 0x23005cc9 16 32
2 path.c:90 0x23005b39 7
1 path.c:143 0x23005659 22
2 path.c:178 0x23005cc9 24
1 dynarray.c:84 0x23005989 24
2 dynarray.c:95 0x23005d39 16
2 path.c:191 0x23005ef9 22
2 path.c:205 0x23005889 6
3 path.c:223 0x23005ef9 0x23005ef9 22 6
4 path.c:246 0x23005ef9 6
4 path.c:31 0x23005889 6
4 dynarray.c:112 0x23005d39 16
4 dynarray.c:113 0x23005989 24
4 path.c:254 0x23005cc9 24
2 path.c:178 0x23005cc9 24
1 dynarray.c:84 0x23005d69 24
2 dynarray.c:95 0x23005989 16
2 path.c:191 0x23005ef9 22
2 path.c:205 0x23005889 6
2 path.c:205 0x23005e09 4
3 path.c:223 0x23005ef9 0x23005ef9 22 10
4 path.c:246 0x23005ef9 10
4 path.c:31 0x23005889 6
4 path.c:31 0x23005e09 4
4 dynarray.c:112 0x23005989 16
4 dynarray.c:113 0x23005d69 24
4 path.c:254 0x23005cc9 24
2 path.c:178 0x23005cc9 24
1 dynarray.c:84 0x23005d39 24
2 dynarray.c:95 0x23005d69 16
2 path.c:191 0x23005ef9 22
2 path.c:205 0x23005e09 6
2 path.c:205 0x23005889 4
3 path.c:223 0x23005ef9 0x23005ef9 22 10
1 bdtBad5.c:143 0x23005cf9 32
2 path.c:178 0x23005ff9 24
1 dynarray.c:84 0x23005989 24
2 dynarray.c:95 0x23006029 16
2 path.c:191 0x23005f99 10
2 path.c:205 0x23005f79 6
2 path.c:205 0x23005f59 4
3 path.c:223 0x23005f99 0x23005f99 10 10
4 path.c:246 0x23005f99 10
4 path.c:31 0x23005f79 6
4 path.c:31 0x23005f59 4
4 dynarray.c:112 0x23006029 16
4 dynarray.c:113 0x23005989 24
4 path.c:254 0x23005ff9 24
4 bdtBad5.c:193 0x23005cf9 32
4 path.c:246 0x23005659 22
4 path.c:31 0x23005969 6
4 path.c:31 0x230056c9 4
4 path.c:31 0x23005de9 5
4 path.c:31 0x23005b39 7
4 dynarray.c:112 0x23005fb9 32
4 dynarray.c:113 0x23005939 24
4 path.c:254 0x230055c9 24
4 path.c:246 0x23005ef9 10
4 path.c:31 0x23005e09 6
4 path.c:31 0x23005889 4
4 dynarray.c:112 0x23005d69 16
4 dynarray.c:113 0x23005d39 24
4 path.c:254 0x23005cc9 24
2 path.c:128 0x23005cc9 24
1 dynarray.c:84 0x23006029 24
2 dynarray.c:95 0x23005d39 16
2 path.c:90 0x23005889 6
1 path.c:143 0x23005d99 6
2 path.c:178 0x23005ef9 24
1 dynarray.c:84 0x23005d69 24
2 dynarray.c:95 0x230055c9 16
2 path.c:191 0x23005e09 6
2 path.c:205 0x23005de9 6
3 path.c:223 0x23005e09 0x23005e09 6 6
4 path.c:246 0x23005e09 6
4 path.c:31 0x23005de9 6
4 dynarray.c:112 0x230055c9 16
4 dynarray.c:113 0x23005d69 24
4 path.c:254 0x23005ef9 24
4 path.c:246 0x23005d99 6
4 path.c:31 0x23005889 6
4 dynarray.c:112 0x23005d39 16
4 dynarray.c:113 0x23006029 24
4 path.c:254 0x23005cc9 24
2 path.c:128 0x23005cc9 24
1 dynarray.c:84 0x23005939 24
2 dynarray.c:95 0x23006029 16
2 path.c:90 0x23005889 6
2 path.c:90 0x23005d99 7
1 path.c:143 0x23005b39 13
2 path.c:178 0x23005ef9 24
1 dynarray.c:84 0x23005d39 24
2 dynarray.c:95 0x23005d69 16
2 path.c:191 0x23005de9 13
2 path.c:205 0x230056c9 6
3 path.c:223 0x23005de9 0x23005de9 13 6
4 path.c:246 0x23005de9 6
4 path.c:31 0x230056c9 6
4 dynarray.c:112 0x23005d69 16
4 dynarray.c:113 0x23005d39 24
4 path.c:254 0x23005ef9 24
2 path.c:178 0x23005ef9 24
1 dynarray.c:84 0x230055c9 24
2 dynarray.c:95 0x23005d39 16
2 path.c:191 0x230056c9 13
2 path.c:205 0x23005de9 6
2 path.c:205 0x23005969 7
3 path.c:223 0x230056c9 0x230056c9 13 13
4 path.c:246 0x230056c9 13
4 path.c:31 0x23005de9 6
4 path.c:31 0x23005969 7
4 dynarray.c:112 0x23005d39 16
4 dynarray.c:113 0x230055c9 24
4 path.c:254 0x23005ef9 24
4 path.c:246 0x23005b39 13
4 path.c:31 0x23005889 6
4 path.c:31 0x23005d99 7
4 dynarray.c:112 0x23006029 16
4 dynarray.c:113 0x23005939 24
4 path.c:254 0x23005cc9 24
2 path.c:128 0x23005cc9 24
1 dynarray.c:84 0x23005d69 24
2 dynarray.c:95 0x23005939 16
2 path.c:90 0x23005d99 6
2 path.c:90 0x23005889 8
1 path.c:143 0x23005e09 14
2 path.c:178 0x23005ef9 24
1 dynarray.c:84 0x23006029 24
2 dynarray.c:95 0x230055c9 16
2 path.c:191 0x23005b39 14
2 path.c:205 0x23005de9 6
3 path.c:223 0x23005b39 0x23005b39 14 6
4 path.c:246 0x23005b39 6
4 path.c:31 0x23005de9 6
4 dynarray.c:112 0x230055c9 16
4 dynarray.c:113 0x23006029 24
4 path.c:254 0x23005ef9 24
2 path.c:178 0x23005ef9 24
1 dynarray.c:84 0x23005d39 24
2 dynarray.c:95 0x23006029 16
2 path.c:191 0x23005de9 14
2 path.c:205 0x23005b39 6
2 path.c:205 0x230056c9 8
3 path.c:223 0x23005de9 0x23005de9 14 14
4 path.c:246 0x23005de9 14
4 path.c:31 0x23005b39 6
4 path.c:31 0x230056c9 8
4 dynarray.c:112 0x23006029 16
4 dynarray.c:113 0x23005d39 24
4 path.c:254 0x23005ef9 24
4 path.c:246 0x23005e09 14
4 path.c:31 0x23005d99 6
4 path.c:31 0x23005889 8
4 dynarray.c:112 0x23005939 16
4 dynarray.c:113 0x23005d69 24
4 path.c:254 0x23005cc9 24
2 path.c:128 0x23005cc9 24
1 dynarray.c:84 0x230055c9 24
2 dynarray.c:95 0x23005d69 16
2 path.c:90 0x23005889 6
2 path.c:90 0x23005d99 7
1 path.c:143 0x23005969 13
2 path.c:178 0x23005ef9 24
1 dynarray.c:84 0x23005939 24
2 dynarray.c:95 0x23005d39 16
2 path.c:191 0x23005e09 13
2 path.c:205 0x23005b39 6
3 path.c:223 0x23005e09 0x23005e09 13 6
4 path.c:246 0x23005e09 6
4 path.c:31 0x23005b39 6
4 dynarray.c:112 0x23005d39 16
4 dynarray.c:113 0x23005939 24
4 path.c:254 0x23005ef9 24
2 path.c:178 0x23005ef9 24
1 dynarray.c:84 0x23006029 24
2 dynarray.c:95 0x23005939 16
2 path.c:191 0x23005b39 13
2 path.c:205 0x23005e09 6
2 path.c:205 0x23005de9 7
3 path.c:223 0x23005b39 0x23005b39 13 13
4 path.c:246 0x23005b39 13
4 path.c:31 0x23005e09 6
4 path.c:31 0x23005de9 7
4 dynarray.c:112 0x23005939 16
4 dynarray.c:113 0x23006029 24
4 path.c:254 0x23005ef9 24
2 path.c:128 0x23005ef9 24
1 dynarray.c:84 0x23005d39 24
2 dynarray.c:95 0x23006029 16
2 path.c:90 0x23005de9 6
2 path.c:90 0x23005e09 4
1 path.c:143 0x230056c9 10
2 path.c:178 0x23005659 24
1 dynarray.c:84 0x23005939 24
2 dynarray.c:95 0x23005ff9 16
2 path.c:191 0x23005b39 10
2 path.c:205 0x23005f79 6
3 path.c:223 0x23005b39 0x23005b39 10 6
4 path.c:246 0x23005b39 6
4 path.c:31 0x23005f79 6
4 dynarray.c:112 0x23005ff9 16
4 dynarray.c:113 0x23005939 24
4 path.c:254 0x23005659 24
2 path.c:178 0x23005659 24
1 dynarray.c:84 0x23005989 24
2 dynarray.c:95 0x23005939 16
2 path.c:191 0x23005f79 10
2 path.c:205 0x23005b39 6
2 path.c:205 0x23005f99 4
3 path.c:223 0x23005f79 0x23005f79 10 10
4 path.c:246 0x23005f79 10
4 path.c:31 0x23005b39 6
4 path.c:31 0x23005f99 4
4 dynarray.c:112 0x23005939 16
4 dynarray.c:113 0x23005989 24
4 path.c:254 0x23005659 24
2 path.c:128 0x23005659 24
1 dynarray.c:84 0x23005ff9 24
2 dynarray.c:95 0x23005989 16
2 path.c:90 0x23005f99 6
2 path.c:90 0x23005b39 4
2 path.c:90 0x23005f79 5
3 dynarray.c:69 0x23006059 0x23005989 16 32
1 path.c:143 0x23005939 15
2 path.c:178 0x23005989 24
1 dynarray.c:84 0x23005f29 24
2 dynarray.c:95 0x23006099 16
2 path.c:191 0x230060c9 15
2 path.c:205 0x230060f9 6
3 path.c:223 0x230060c9 0x230060c9 15 6
4 path.c:246 0x230060c9 6
4 path.c:31 0x230060f9 6
4 dynarray.c:112 0x23006099 16
4 dynarray.c:113 0x23005f29 24
4 path.c:254 0x23005989 24
2 path.c:178 0x23005989 24
1 dynarray.c:84 0x23006099 24
2 dynarray.c:95 0x23005f29 16
2 path.c:191 0x23006119 15
2 path.c:205 0x230060f9 6
2 path.c:205 0x23006149 4
3 path.c:223 0x23006119 0x23006119 15 10
4 path.c:246 0x23006119 10
4 path.c:31 0x230060f9 6
4 path.c:31 0x23006149 4
4 dynarray.c:112 0x23005f29 16
4 dynarray.c:113 0x23006099 24
4 path.c:254 0x23005989 24
2 path.c:128 0x23005989 24
1 dynarray.c:84 0x23006119 24
2 dynarray.c:95 0x23006099 16
2 path.c:90 0x23006149 6
2 path.c:90 0x230060f9 4
2 path.c:90 0x23006169 5
3 dynarray.c:69 0x23006189 0x23006099 16 32
2 path.c:90 0x230061c9 7
1 path.c:143 0x23005f29 22
2 path.c:178 0x23006099 24
1 dynarray.c:84 0x230060c9 24
2 dynarray.c:95 0x230061e9 16
2 path.c:191 0x23006219 22
2 path.c:205 0x23006249 6
3 path.c:223 0x23006219 0x23006219 22 6
4 path.c:246 0x23006219 6
4 path.c:31 0x23006249 6
4 dynarray.c:112 0x230061e9 16
4 dynarray.c:113 0x230060c9 24
4 path.c:254 0x23006099 24
2 path.c:178 0x23006099 24
1 dynarray.c:84 0x230061e9 24
2 dynarray.c:95 0x230060c9 16
2 path.c:191 0x23006269 22
2 path.c:205 0x23006249 6
2 path.c:205 0x23006299 4
3 path.c:223 0x23006269 0x23006269 22 10
4 path.c:246 0x23006269 10
4 path.c:31 0x23006249 6
4 path.c:31 0x23006299 4
4 dynarray.c:112 0x230060c9 16
4 dynarray.c:113 0x230061e9 24
4 path.c:254 0x23006099 24
1 dynarray.c:84 0x23006269 24
2 dynarray.c:95 0x230062b9 32
1 bdtBad5.c:662 0x230062f9 59
4 dynarray.c:112 0x230062b9 32
4 dynarray.c:113 0x23006269 24
4 bdt_client.c:82 0x230062f9 59
2 path.c:128 0x23006099 24
1 dynarray.c:84 0x23006269 24
2 dynarray.c:95 0x230061e9 16
2 path.c:90 0x23006299 6
2 path.c:90 0x23006249 7
2 path.c:90 0x23006349 12
3 dynarray.c:69 0x23006369 0x230061e9 16 32
1 path.c:143 0x230060c9 25
2 path.c:178 0x230061e9 24
1 dynarray.c:84 0x23006219 24
2 dynarray.c:95 0x230063a9 16
2 path.c:191 0x230063d9 25
2 path.c:205 0x23006409 6
3 path.c:223 0x230063d9 0x230063d9 25 6
4 path.c:246 0x230063d9 6
4 path.c:31 0x23006409 6
4 dynarray.c:112 0x230063a9 16
4 dynarray.c:113 0x23006219 24
4 path.c:254 0x230061e9 24
2 path.c:178 0x230061e9 24
1 dynarray.c:84 0x230063a9 24
2 dynarray.c:95 0x23006219 16
2 path.c:191 0x23006429 25
2 path.c:205 0x23006409 6
2 path.c:205 0x23006459 7
3 path.c:223 0x23006429 0x23006429 25 13
4 path.c:246 0x23006429 13
4 path.c:31 0x23006409 6
4 path.c:31 0x23006459 7
4 dynarray.c:112 0x23006219 16
4 dynarray.c:113 0x230063a9 24
4 path.c:254 0x230061e9 24
2 path.c:178 0x230061e9 24
1 dynarray.c:84 0x23006429 24
2 dynarray.c:95 0x230063a9 24
2 path.c:191 0x23006479 25
2 path.c:205 0x23006459 6
2 path.c:205 0x23006409 7
2 path.c:205 0x230064a9 12
3 path.c:223 0x23006479 0x23006479 25 25
4 path.c:246 0x23006479 25
4 path.c:31 0x23006459 6
4 path.c:31 0x23006409 7
4 path.c:31 0x230064a9 12
4 dynarray.c:112 0x230063a9 24
4 dynarray.c:113 0x23006429 24
4 path.c:254 0x230061e9 24
4 path.c:246 0x230060c9 25
4 path.c:31 0x23006299 6
4 path.c:31 0x23006249 7
4 path.c:31 0x23006349 12
4 dynarray.c:112 0x23006369 32
4 dynarray.c:113 0x23006269 24
4 path.c:254 0x23006099 24
2 path.c:128 0x23006099 24
1 dynarray.c:84 0x23006219 24
2 dynarray.c:95 0x23006269 16
2 path.c:90 0x23006349 6
2 path.c:90 0x23006249 8
2 path.c:90 0x23006299 12
3 dynarray.c:69 0x230064c9 0x23006269 16 32
1 path.c:143 0x230060c9 26
2 path.c:178 0x23006269 24
1 dynarray.c:84 0x230061e9 24
2 dynarray.c:95 0x23006429 16
2 path.c:191 0x23006479 26
2 path.c:205 0x230064a9 6
3 path.c:223 0x23006479 0x23006479 26 6
4 path.c:246 0x23006479 6
4 path.c:31 0x230064a9 6
4 dynarray.c:112 0x23006429 16
4 dynarray.c:113 0x230061e9 24
4 path.c:254 0x23006269 24
2 path.c:178 0x23006269 24
1 dynarray.c:84 0x230063a9 24
2 dynarray.c:95 0x230061e9 16
2 path.c:191 0x23006479 26
2 path.c:205 0x230064a9 6
2 path.c:205 0x23006409 8
3 path.c:223 0x23006479 0x23006479 26 14
4 path.c:246 0x23006479 14
4 path.c:31 0x230064a9 6
4 path.c:31 0x23006409 8
4 dynarray.c:112 0x230061e9 16
4 dynarray.c:113 0x230063a9 24
4 path.c:254 0x23006269 24
2 path.c:178 0x23006269 24
1 dynarray.c:84 0x23006429 24
2 dynarray.c:95 0x230063a9 24
2 path.c:191 0x23006479 26
2 path.c:205 0x23006409 6
2 path.c:205 0x230064a9 8
2 path.c:205 0x23006459 12
3 path.c:223 0x23006479 0x23006479 26 26
4 path.c:246 0x23006479 26
4 path.c:31 0x23006409 6
4 path.c:31 0x230064a9 8
4 path.c:31 0x23006459 12
4 dynarray.c:112 0x230063a9 24
4 dynarray.c:113 0x23006429 24
4 path.c:254 0x23006269 24
2 path.c:128 0x23006269 24
1 dynarray.c:84 0x230061e9 24
2 dynarray.c:95 0x23006429 16
2 path.c:90 0x23006459 6
2 path.c:90 0x230064a9 8
2 path.c:90 0x23006409 12
3 dynarray.c:69 0x23006509 0x23006429 16 32
1 path.c:143 0x230063a9 26
2 path.c:178 0x23006429 24
1 dynarray.c:84 0x23006479 24
2 dynarray.c:95 0x23006549 16
2 path.c:191 0x23006579 26
2 path.c:205 0x230065a9 6
3 path.c:223 0x23006579 0x23006579 26 6
4 path.c:246 0x23006579 6
4 path.c:31 0x230065a9 6
4 dynarray.c:112 0x23006549 16
4 dynarray.c:113 0x23006479 24
4 path.c:254 0x23006429 24
2 path.c:178 0x23006429 24
1 dynarray.c:84 0x23006579 24
2 dynarray.c:95 0x23006479 16
2 path.c:191 0x230065c9 26
2 path.c:205 0x230065a9 6
2 path.c:205 0x230065f9 8
3 path.c:223 0x230065c9 0x230065c9 26 14
4 path.c:246 0x230065c9 14
4 path.c:31 0x230065a9 6
4 path.c:31 0x230065f9 8
4 dynarray.c:112 0x23006479 16
4 dynarray.c:113 0x23006579 24
4 path.c:254 0x23006429 24
2 path.c:178 0x23006429 24
1 dynarray.c:84 0x23006549 24
2 dynarray.c:95 0x23006579 24
2 path.c:191 0x230065c9 26
2 path.c:205 0x230065f9 6
2 path.c:205 0x230065a9 8
2 path.c:205 0x23006619 12
3 path.c:223 0x230065c9 0x230065c9 26 26
4 path.c:246 0x230065c9 26
4 path.c:31 0x230065f9 6
4 path.c:31 0x230065a9 8
4 path.c:31 0x23006619 12
4 dynarray.c:112 0x23006579 24
4 dynarray.c:113 0x23006549 24
4 path.c:254 0x23006429 24
2 path.c:178 0x23006429 24
1 dynarray.c:84 0x23006479 24
2 dynarray.c:95 0x23006549 24
2 path.c:191 0x230065c9 26
2 path.c:205 0x23006619 6
2 path.c:205 0x230065a9 8
2 path.c:205 0x230065f9 12
3 path.c:223 0x230065c9 0x230065c9 26 26
1 bdtBad5.c:143 0x23006369 32
2 path.c:178 0x23006639 24
1 dynarray.c:84 0x23006579 24
2 dynarray.c:95 0x23006669 24
2 path.c:191 0x23006699 26
2 path.c:205 0x230066c9 6
2 path.c:205 0x230066e9 8
2 path.c:205 0x23006709 12
3 path.c:223 0x23006699 0x23006699 26 26
4 path.c:246 0x230065c9 26
4 path.c:31 0x23006619 6
4 path.c:31 0x230065a9 8
4 path.c:31 0x230065f9 12
4 dynarray.c:112 0x23006549 24
4 dynarray.c:113 0x23006479 24
4 path.c:254 0x23006429 24
4 path.c:246 0x230063a9 26
4 path.c:31 0x23006459 6
4 path.c:31 0x230064a9 8
4 path.c:31 0x23006409 12
4 dynarray.c:112 0x23006509 32
4 dynarray.c:113 0x230061e9 24
4 path.c:254 0x23006269 24
2 path.c:128 0x23006269 24
1 dynarray.c:84 0x230065c9 24
2 dynarray.c:95 0x230061e9 16
2 path.c:90 0x23006409 6
2 path.c:90 0x230064a9 7
2 path.c:90 0x23006459 12
3 dynarray.c:69 0x23006729 0x230061e9 16 32
1 path.c:143 0x230063a9 25
2 path.c:178 0x230061e9 24
1 dynarray.c:84 0x23006429 24
2 dynarray.c:95 0x23006479 16
2 path.c:191 0x23006769 25
2 path.c:205 0x230065f9 6
3 path.c:223 0x23006769 0x23006769 25 6
4 path.c:246 0x23006769 6
4 path.c:31 0x230065f9 6
4 dynarray.c:112 0x23006479 16
4 dynarray.c:113 0x23006429 24
4 path.c:254 0x230061e9 24
2 path.c:178 0x230061e9 24
1 dynarray.c:84 0x23006549 24
2 dynarray.c:95 0x23006429 16
2 path.c:191 0x23006769 25
2 path.c:205 0x230065f9 6
2 path.c:205 0x230065a9 7
3 path.c:223 0x23006769 0x23006769 25 13
4 path.c:246 0x23006769 13
4 path.c:31 0x230065f9 6
4 path.c:31 0x230065a9 7
4 dynarray.c:112 0x23006429 16
4 dynarray.c:113 0x23006549 24
4 path.c:254 0x230061e9 24
2 path.c:178 0x230061e9 24
1 dynarray.c:84 0x23006479 24
2 dynarray.c:95 0x23006549 24
2 path.c:191 0x23006769 25
2 path.c:205 0x230065a9 6
2 path.c:205 0x230065f9 7
2 path.c:205 0x23006619 12
3 path.c:223 0x23006769 0x23006769 25 25
4 path.c:246 0x23006769 25
4 path.c:31 0x230065a9 6
4 path.c:31 0x230065f9 7
4 path.c:31 0x23006619 12
4 dynarray.c:112 0x23006549 24
4 dynarray.c:113 0x23006479 24
4 path.c:254 0x230061e9 24
4 path.c:246 0x230063a9 25
4 path.c:31 0x23006409 6
4 path.c:31 0x230064a9 7
4 path.c:31 0x23006459 12
4 dynarray.c:112 0x23006729 32
4 dynarray.c:113 0x230065c9 24
4 path.c:254 0x23006269 24
2 path.c:128 0x23006269 24
1 dynarray.c:84 0x23006429 24
2 dynarray.c:95 0x230065c9 16
2 path.c:90 0x23006459 6
2 path.c:90 0x230064a9 8
2 path.c:90 0x23006409 12
3 dynarray.c:69 0x23006799 0x230065c9 16 32
1 path.c:143 0x230063a9 26
2 path.c:178 0x230065c9 24
1 dynarray.c:84 0x230061e9 24
2 dynarray.c:95 0x23006479 16
2 path.c:191 0x23006769 26
2 path.c:205 0x23006619 6
3 path.c:223 0x23006769 0x23006769 26 6
4 path.c:246 0x23006769 6
4 path.c:31 0x23006619 6
4 dynarray.c:112 0x23006479 16
4 dynarray.c:113 0x230061e9 24
4 path.c:254 0x230065c9 24
2 path.c:178 0x230065c9 24
1 dynarray.c:84 0x23006549 24
2 dynarray.c:95 0x230061e9 16
2 path.c:191 0x23006769 26
2 path.c:205 0x23006619 6
2 path.c:205 0x230065f9 8
3 path.c:223 0x23006769 0x23006769 26 14
4 path.c:246 0x23006769 14
4 path.c:31 0x23006619 6
4 path.c:31 0x230065f9 8
4 dynarray.c:112 0x230061e9 16
4 dynarray.c:113 0x23006549 24
4 path.c:254 0x230065c9 24
2 path.c:178 0x230065c9 24
1 dynarray.c:84 0x23006479 24
2 dynarray.c:95 0x23006549 24
2 path.c:191 0x23006769 26
2 path.c:205 0x230065f9 6
2 path.c:205 0x23006619 8
2 path.c:205 0x230065a9 12
3 path.c:223 0x23006769 0x23006769 26 26
4 path.c:246 0x23006769 26
4 path.c:31 0x230065f9 6
4 path.c:31 0x23006619 8
4 path.c:31 0x230065a9 12
4 dynarray.c:112 0x23006549 24
4 dynarray.c:113 0x23006479 24
4 path.c:254 0x230065c9 24
4 path.c:246 0x230063a9 26
4 path.c:31 0x23006459 6
4 path.c:31 0x230064a9 8
4 path.c:31 0x23006409 12
4 dynarray.c:112 0x23006799 32
4 dynarray.c:113 0x23006429 24
4 path.c:254 0x23006269 24
2 path.c:128 0x23006269 24
1 dynarray.c:84 0x230061e9 24
2 dynarray.c:95 0x23006429 16
2 path.c:90 0x23006409 6
2 path.c:90 0x230064a9 8
2 path.c:90 0x23006459 12
3 dynarray.c:69 0x23006799 0x23006429 16 32
1 path.c:143 0x230063a9 26
2 path.c:178 0x23006429 24
1 dynarray.c:84 0x230065c9 24
2 dynarray.c:95 0x23006479 16
2 path.c:191 0x23006769 26
2 path.c:205 0x230065a9 6
3 path.c:223 0x23006769 0x23006769 26 6
4 path.c:246 0x23006769 6
4 path.c:31 0x230065a9 6
4 dynarray.c:112 0x23006479 16
4 dynarray.c:113 0x230065c9 24
4 path.c:254 0x23006429 24
2 path.c:178 0x23006429 24
1 dynarray.c:84 0x23006549 24
2 dynarray.c:95 0x230065c9 16
2 path.c:191 0x23006769 26
2 path.c:205 0x230065a9 6
2 path.c:205 0x23006619 8
3 path.c:223 0x23006769 0x23006769 26 14
4 path.c:246 0x23006769 14
4 path.c:31 0x230065a9 6
4 path.c:31 0x23006619 8
4 dynarray.c:112 0x230065c9 16
4 dynarray.c:113 0x23006549 24
4 path.c:254 0x23006429 24
2 path.c:178 0x23006429 24
1 dynarray.c:84 0x23006479 24
2 dynarray.c:95 0x23006549 24
2 path.c:191 0x23006769 26
2 path.c:205 0x23006619 6
2 path.c:205 0x230065a9 8
2 path.c:205 0x230065f9 12
3 path.c:223 0x23006769 0x23006769 26 26
4 path.c:246 0x23006769 26
4 path.c:31 0x23006619 6
4 path.c:31 0x230065a9 8
4 path.c:31 0x230065f9 12
4 dynarray.c:112 0x23006549 24
4 dynarray.c:113 0x23006479 24
4 path.c:254 0x23006429 24
4 path.c:246 0x230063a9 26
4 path.c:31 0x23006409 6
4 path.c:31 0x230064a9 8
4 path.c:31 0x23006459 12
4 dynarray.c:112 0x23006799 32
4 dynarray.c:113 0x230061e9 24
4 path.c:254 0x23006269 24
2 path.c:128 0x23006269 24
1 dynarray.c:84 0x230065c9 24
2 dynarray.c:95 0x230061e9 16
2 path.c:90 0x23006459 6
2 path.c:90 0x230064a9 8
2 path.c:90 0x23006409 12
3 dynarray.c:69 0x23006799 0x230061e9 16 32
2 path.c:90 0x230065f9 6
1 path.c:143 0x23006729 32
2 path.c:178 0x230061e9 24
1 dynarray.c:84 0x230063a9 24
2 dynarray.c:95 0x23006429 16
2 path.c:191 0x230067d9 32
2 path.c:205 0x230065a9 6
3 path.c:223 0x230067d9 0x230067d9 32 6
4 path.c:246 0x230067d9 6
4 path.c:31 0x230065a9 6
4 dynarray.c:112 0x23006429 16
4 dynarray.c:113 0x230063a9 24
4 path.c:254 0x230061e9 24
2 path.c:178 0x230061e9 24
1 dynarray.c:84 0x23006479 24
2 dynarray.c:95 0x230063a9 16
2 path.c:191 0x23006819 32
2 path.c:205 0x230065a9 6
2 path.c:205 0x230067d9 8
3 path.c:223 0x23006819 0x23006819 32 14
4 path.c:246 0x23006819 14
4 path.c:31 0x230065a9 6
4 path.c:31 0x230067d9 8
4 dynarray.c:112 0x230063a9 16
4 dynarray.c:113 0x23006479 24
4 path.c:254 0x230061e9 24
2 path.c:178 0x230061e9 24
1 dynarray.c:84 0x23006429 24
2 dynarray.c:95 0x23006479 24
2 path.c:191 0x23006859 32
2 path.c:205 0x230067d9 6
2 path.c:205 0x230065a9 8
2 path.c:205 0x23006819 12
3 path.c:223 0x23006859 0x23006859 32 26
4 path.c:246 0x23006859 26
4 path.c:31 0x230067d9 6
4 path.c:31 0x230065a9 8
4 path.c:31 0x23006819 12
4 dynarray.c:112 0x23006479 24
4 dynarray.c:113 0x23006429 24
4 path.c:254 0x230061e9 24
2 path.c:178 0x230061e9 24
1 dynarray.c:84 0x230063a9 24
2 dynarray.c:95 0x23006899 32
2 path.c:191 0x230068d9 32
2 path.c:205 0x23006819 6
2 path.c:205 0x230065a9 8
2 path.c:205 0x230067d9 12
2 path.c:205 0x23006839 6
3 path.c:223 0x230068d9 0x230068d9 32 32
4 path.c:246 0x230068d9 32
4 path.c:31 0x23006819 6
4 path.c:31 0x230065a9 8
4 path.c:31 0x230067d9 12
4 path.c:31 0x23006839 6
4 dynarray.c:112 0x23006899 32
4 dynarray.c:113 0x230063a9 24
4 path.c:254 0x230061e9 24
2 path.c:178 0x230061e9 24
1 dynarray.c:84 0x230063a9 24
2 dynarray.c:95 0x23006899 32
2 path.c:191 0x230068d9 32
2 path.c:205 0x23006839 6
2 path.c:205 0x230067d9 8
2 path.c:205 0x230065a9 12
2 path.c:205 0x23006819 6
3 path.c:223 0x230068d9 0x230068d9 32 32
1 bdtBad5.c:143 0x23006859 32
2 path.c:178 0x23006429 24
1 dynarray.c:84 0x23006479 24
2 dynarray.c:95 0x23006919 32
2 path.c:191 0x23006959 32
2 path.c:205 0x230067f9 6
2 path.c:205 0x23006619 8
2 path.c:205 0x23006999 12
2 path.c:205 0x230069b9 6
3 path.c:223 0x23006959 0x23006959 32 32
4 path.c:246 0x230068d9 32
4 path.c:31 0x23006839 6
4 path.c:31 0x230067d9 8
4 path.c:31 0x230065a9 12
4 path.c:31 0x23006819 6
4 dynarray.c:112 0x23006899 32
4 dynarray.c:113 0x230063a9 24
4 path.c:254 0x230061e9 24
4 path.c:246 0x23006729 32
4 path.c:31 0x23006459 6
4 path.c:31 0x230064a9 8
4 path.c:31 0x23006409 12
4 path.c:31 0x230065f9 6
4 dynarray.c:112 0x23006799 32
4 dynarray.c:113 0x230065c9 24
4 path.c:254 0x23006269 24
2 path.c:128 0x23006269 24
1 dynarray.c:84 0x230063a9 24
2 dynarray.c:95 0x230065c9 16
2 path.c:90 0x230065f9 6
2 path.c:90 0x23006409 8
2 path.c:90 0x230064a9 12
3 dynarray.c:69 0x23006799 0x230065c9 16 32
2 path.c:90 0x23006459 6
1 path.c:143 0x230068d9 32
2 path.c:178 0x230065c9 24
1 dynarray.c:84 0x230061e9 24
2 dynarray.c:95 0x23006549 16
2 path.c:191 0x23006729 32
2 path.c:205 0x23006819 6
3 path.c:223 0x23006729 0x23006729 32 6
4 path.c:246 0x23006729 6
4 path.c:31 0x23006819 6
4 dynarray.c:112 0x23006549 16
4 dynarray.c:113 0x230061e9 24
4 path.c:254 0x230065c9 24
2 path.c:178 0x230065c9 24
1 dynarray.c:84 0x23006769 24
2 dynarray.c:95 0x230061e9 16
2 path.c:191 0x230069d9 32
2 path.c:205 0x23006819 6
2 path.c:205 0x23006729 8
3 path.c:223 0x230069d9 0x230069d9 32 14
4 path.c:246 0x230069d9 14
4 path.c:31 0x23006819 6
4 path.c:31 0x23006729 8
4 dynarray.c:112 0x230061e9 16
4 dynarray.c:113 0x23006769 24
4 path.c:254 0x230065c9 24
2 path.c:178 0x230065c9 24
1 dynarray.c:84 0x23006549 24
2 dynarray.c:95 0x23006769 24
2 path.c:191 0x23006a19 32
2 path.c:205 0x23006729 6
2 path.c:205 0x23006819 8
2 path.c:205 0x230069d9 12
3 path.c:223 0x23006a19 0x23006a19 32 26
4 path.c:246 0x23006a19 26
4 path.c:31 0x23006729 6
4 path.c:31 0x23006819 8
4 path.c:31 0x230069d9 12
4 dynarray.c:112 0x23006769 24
4 dynarray.c:113 0x23006549 24
4 path.c:254 0x230065c9 24
2 path.c:178 0x230065c9 24
1 dynarray.c:84 0x230061e9 24
2 dynarray.c:95 0x23006a19 32
2 path.c:191 0x23006a59 32
2 path.c:205 0x230069d9 6
2 path.c:205 0x23006819 8
2 path.c:205 0x23006729 12
2 path.c:205 0x230069f9 6
3 path.c:223 0x23006a59 0x23006a59 32 32
4 path.c:246 0x23006a59 32
4 path.c:31 0x230069d9 6
4 path.c:31 0x23006819 8
4 path.c:31 0x23006729 12
4 path.c:31 0x230069f9 6
4 dynarray.c:112 0x23006a19 32
4 dynarray.c:113 0x230061e9 24
4 path.c:254 0x230065c9 24
4 path.c:246 0x230068d9 32
4 path.c:31 0x230065f9 6
4 path.c:31 0x23006409 8
4 path.c:31 0x230064a9 12
4 path.c:31 0x23006459 6
4 dynarray.c:112 0x23006799 32
4 dynarray.c:113 0x230063a9 24
4 path.c:254 0x23006269 24
1 dynarray.c:84 0x230061e9 24
2 dynarray.c:95 0x23006a99 48
1 bdtBad5.c:662 0x23006ae9 117
4 dynarray.c:112 0x23006a99 48
4 dynarray.c:113 0x230061e9 24
4 bdt_client.c:96 0x23006ae9 117
2 path.c:128 0x23006269 24
1 dynarray.c:84 0x230061e9 24
2 dynarray.c:95 0x230063a9 16
2 path.c:90 0x23006459 6
2 path.c:90 0x230064a9 8
2 path.c:90 0x23006409 12
3 dynarray.c:69 0x23006799 0x230063a9 16 32
2 path.c:90 0x230065f9 6
1 path.c:143 0x23006899 32
2 path.c:178 0x230063a9 24
1 dynarray.c:84 0x230065c9 24
2 dynarray.c:95 0x23006549 16
2 path.c:191 0x230068d9 32
2 path.c:205 0x230069f9 6
3 path.c:223 0x230068d9 0x230068d9 32 6
4 path.c:246 0x230068d9 6
4 path.c:31 0x230069f9 6
4 dynarray.c:112 0x23006549 16
4 dynarray.c:113 0x230065c9 24
4 path.c:254 0x230063a9 24
2 path.c:178 0x230063a9 24
1 dynarray.c:84 0x23006769 24
2 dynarray.c:95 0x230065c9 16
2 path.c:191 0x23006a59 32
2 path.c:205 0x230069f9 6
2 path.c:205 0x230068d9 8
3 path.c:223 0x23006a59 0x23006a59 32 14
4 path.c:246 0x23006a59 14
4 path.c:31 0x230069f9 6
4 path.c:31 0x230068d9 8
4 dynarray.c:112 0x230065c9 16
4 dynarray.c:113 0x23006769 24
4 path.c:254 0x230063a9 24
2 path.c:178 0x230063a9 24
1 dynarray.c:84 0x23006549 24
2 dynarray.c:95 0x23006769 24
2 path.c:191 0x23006b79 32
2 path.c:205 0x230068d9 6
2 path.c:205 0x230069f9 8
2 path.c:205 0x23006a59 12
3 path.c:223 0x23006b79 0x23006b79 32 26
4 path.c:246 0x23006b79 26
4 path.c:31 0x230068d9 6
4 path.c:31 0x230069f9 8
4 path.c:31 0x23006a59 12
4 dynarray.c:112 0x23006769 24
4 dynarray.c:113 0x23006549 24
4 path.c:254 0x230063a9 24
2 path.c:178 0x230063a9 24
1 dynarray.c:84 0x230065c9 24
2 dynarray.c:95 0x23006b79 32
2 path.c:191 0x23006bb9 32
2 path.c:205 0x23006a59 6
2 path.c:205 0x230069f9 8
2 path.c:205 0x230068d9 12
2 path.c:205 0x23006a79 6
3 path.c:223 0x23006bb9 0x23006bb9 32 32
4 path.c:246 0x23006bb9 32
4 path.c:31 0x23006a59 6
4 path.c:31 0x230069f9 8
4 path.c:31 0x230068d9 12
4 path.c:31 0x23006a79 6
4 dynarray.c:112 0x23006b79 32
4 dynarray.c:113 0x230065c9 24
4 path.c:254 0x230063a9 24
4 path.c:246 0x23006899 32
4 path.c:31 0x23006459 6
4 path.c:31 0x230064a9 8
4 path.c:31 0x23006409 12
4 path.c:31 0x230065f9 6
4 dynarray.c:112 0x23006799 32
4 dynarray.c:113 0x230061e9 24
4 path.c:254 0x23006269 24
2 path.c:128 0x23006269 24
1 dynarray.c:84 0x230065c9 24
2 dynarray.c:95 0x230061e9 16
2 path.c:90 0x230065f9 6
2 path.c:90 0x23006409 8
2 path.c:90 0x230064a9 8
3 dynarray.c:69 0x23006799 0x230061e9 16 32
1 path.c:143 0x230063a9 22
2 path.c:178 0x230061e9 24
1 dynarray.c:84 0x23006549 24
2 dynarray.c:95 0x23006769 16
2 path.c:191 0x23006bf9 22
2 path.c:205 0x23006459 6
3 path.c:223 0x23006bf9 0x23006bf9 22 6
4 path.c:246 0x23006bf9 6
4 path.c:31 0x23006459 6
4 dynarray.c:112 0x23006769 16
4 dynarray.c:113 0x23006549 24
4 path.c:254 0x230061e9 24
2 path.c:178 0x230061e9 24
1 dynarray.c:84 0x23006bf9 24
2 dynarray.c:95 0x23006549 16
2 path.c:191 0x23006c29 22
2 path.c:205 0x23006459 6
2 path.c:205 0x23006a79 8
3 path.c:223 0x23006c29 0x23006c29 22 14
4 path.c:246 0x23006c29 14
4 path.c:31 0x23006459 6
4 path.c:31 0x23006a79 8
4 dynarray.c:112 0x23006549 16
4 dynarray.c:113 0x23006bf9 24
4 path.c:254 0x230061e9 24
2 path.c:178 0x230061e9 24
1 dynarray.c:84 0x23006769 24
2 dynarray.c:95 0x23006bf9 24
2 path.c:191 0x23006c29 22
2 path.c:205 0x23006a79 6
2 path.c:205 0x23006459 8
2 path.c:205 0x230068d9 8
3 path.c:223 0x23006c29 0x23006c29 22 22
4 path.c:246 0x23006c29 22
4 path.c:31 0x23006a79 6
4 path.c:31 0x23006459 8
4 path.c:31 0x230068d9 8
4 dynarray.c:112 0x23006bf9 24
4 dynarray.c:113 0x23006769 24
4 path.c:254 0x230061e9 24
2 path.c:128 0x230061e9 24
1 dynarray.c:84 0x23006549 24
2 dynarray.c:95 0x23006769 16
2 path.c:90 0x230068d9 6
2 path.c:90 0x23006459 8
2 path.c:90 0x23006a79 8
3 dynarray.c:69 0x23006899 0x23006769 16 32
1 path.c:143 0x23006bf9 22
2 path.c:178 0x23006769 24
1 dynarray.c:84 0x23006c29 24
2 dynarray.c:95 0x23006c59 16
2 path.c:191 0x23006c89 22
2 path.c:205 0x230069f9 6
3 path.c:223 0x23006c89 0x23006c89 22 6
4 path.c:246 0x23006c89 6
4 path.c:31 0x230069f9 6
4 dynarray.c:112 0x23006c59 16
4 dynarray.c:113 0x23006c29 24
4 path.c:254 0x23006769 24
2 path.c:178 0x23006769 24
1 dynarray.c:84 0x23006c89 24
2 dynarray.c:95 0x23006c29 16
2 path.c:191 0x23006cb9 22
2 path.c:205 0x230069f9 6
2 path.c:205 0x23006a59 8
3 path.c:223 0x23006cb9 0x23006cb9 22 14
4 path.c:246 0x23006cb9 14
4 path.c:31 0x230069f9 6
4 path.c:31 0x23006a59 8
4 dynarray.c:112 0x23006c29 16
4 dynarray.c:113 0x23006c89 24
4 path.c:254 0x23006769 24
2 path.c:178 0x23006769 24
1 dynarray.c:84 0x23006c59 24
2 dynarray.c:95 0x23006c89 24
2 path.c:191 0x23006cb9 22
2 path.c:205 0x23006a59 6
2 path.c:205 0x230069f9 8
2 path.c:205 0x230068f9 8
3 path.c:223 0x23006cb9 0x23006cb9 22 22
4 path.c:246 0x23006cb9 22
4 path.c:31 0x23006a59 6
4 path.c:31 0x230069f9 8
4 path.c:31 0x230068f9 8
4 dynarray.c:112 0x23006c89 24
4 dynarray.c:113 0x23006c59 24
4 path.c:254 0x23006769 24
2 path.c:128 0x23006769 24
1 dynarray.c:84 0x23006c29 24
2 dynarray.c:95 0x23006c59 16
2 path.c:90 0x230068f9 6
2 path.c:90 0x230069f9 8
2 path.c:90 0x23006a59 8
3 dynarray.c:69 0x23006b79 0x23006c59 16 32
1 path.c:143 0x23006c89 22
2 path.c:178 0x23006c59 24
1 dynarray.c:84 0x23006cb9 24
2 dynarray.c:95 0x23006ce9 16
2 path.c:191 0x23006d19 22
2 path.c:205 0x23006729 6
3 path.c:223 0x23006d19 0x23006d19 22 6
4 path.c:246 0x23006d19 6
4 path.c:31 0x23006729 6
4 dynarray.c:112 0x23006ce9 16
4 dynarray.c:113 0x23006cb9 24
4 path.c:254 0x23006c59 24
2 path.c:178 0x23006c59 24
1 dynarray.c:84 0x23006d19 24
2 dynarray.c:95 0x23006cb9 16
2 path.c:191 0x23006d49 22
2 path.c:205 0x23006729 6
2 path.c:205 0x23006819 8
3 path.c:223 0x23006d49 0x23006d49 22 14
4 path.c:246 0x23006d49 14
4 path.c:31 0x23006729 6
4 path.c:31 0x23006819 8
4 dynarray.c:112 0x23006cb9 16
4 dynarray.c:113 0x23006d19 24
4 path.c:254 0x23006c59 24
2 path.c:178 0x23006c59 24
1 dynarray.c:84 0x23006ce9 24
2 dynarray.c:95 0x23006d19 24
2 path.c:191 0x23006d49 22
2 path.c:205 0x23006819 6
2 path.c:205 0x23006729 8
2 path.c:205 0x230069d9 8
3 path.c:223 0x23006d49 0x23006d49 22 22
4 path.c:246 0x23006d49 22
4 path.c:31 0x23006819 6
4 path.c:31 0x23006729 8
4 path.c:31 0x230069d9 8
4 dynarray.c:112 0x23006d19 24
4 dynarray.c:113 0x23006ce9 24
4 path.c:254 0x23006c59 24
2 path.c:128 0x23006c59 24
1 dynarray.c:84 0x23006cb9 24
2 dynarray.c:95 0x23006ce9 16
2 path.c:90 0x230069d9 6
2 path.c:90 0x23006729 8
1 path.c:143 0x23005f59 14
2 path.c:178 0x23006d49 24
1 dynarray.c:84 0x23006d19 24
2 dynarray.c:95 0x23006d79 16
2 path.c:191 0x23006819 14
2 path.c:205 0x230065a9 6
3 path.c:223 0x23006819 0x23006819 14 6
4 path.c:246 0x23006819 6
4 path.c:31 0x230065a9 6
4 dynarray.c:112 0x23006d79 16
4 dynarray.c:113 0x23006d19 24
4 path.c:254 0x23006d49 24
2 path.c:178 0x23006d49 24
1 dynarray.c:84 0x23006d79 24
2 dynarray.c:95 0x23006d19 16
2 path.c:191 0x230065a9 14
2 path.c:205 0x23006819 6
2 path.c:205 0x230067d9 8
3 path.c:223 0x230065a9 0x230065a9 14 14
4 path.c:246 0x230065a9 14
4 path.c:31 0x23006819 6
4 path.c:31 0x230067d9 8
4 dynarray.c:112 0x23006d19 16
4 dynarray.c:113 0x23006d79 24
4 path.c:254 0x23006d49 24
4 path.c:246 0x23005f59 14
4 path.c:31 0x230069d9 6
4 path.c:31 0x23006729 8
4 dynarray.c:112 0x23006ce9 16
4 dynarray.c:113 0x23006cb9 24
4 path.c:254 0x23006c59 24
4 path.c:246 0x23006959 32
4 path.c:31 0x230067f9 6
4 path.c:31 0x23006619 8
4 path.c:31 0x23006999 12
4 path.c:31 0x230069b9 6
4 dynarray.c:112 0x23006919 32
4 dynarray.c:113 0x23006479 24
4 path.c:254 0x23006429 24
4 bdtBad5.c:263 0x23006859 32
4 path.c:246 0x23006699 26
4 path.c:31 0x230066c9 6
4 path.c:31 0x230066e9 8
4 path.c:31 0x23006709 12
4 dynarray.c:112 0x23006669 24
4 dynarray.c:113 0x23006579 24
4 path.c:254 0x23006639 24
4 bdtBad5.c:263 0x23006369 32
4 path.c:246 0x23005e99 14
4 path.c:31 0x23005eb9 6
4 path.c:31 0x23005ed9 8
4 dynarray.c:112 0x23005e69 16
4 dynarray.c:113 0x23005709 24
4 path.c:254 0x23005db9 24
4 bdtBad5.c:263 0x23005e29 32
2 path.c:128 0x23005db9 24
1 dynarray.c:84 0x23006d19 24
2 dynarray.c:95 0x23005709 16
2 path.c:90 0x23005ed9 6
1 path.c:143 0x23006749 6
2 path.c:178 0x23006639 24
1 dynarray.c:84 0x23005e69 24
2 dynarray.c:95 0x23006579 16
2 path.c:191 0x23005eb9 6
2 path.c:205 0x23006709 6
3 path.c:223 0x23005eb9 0x23005eb9 6 6
4 path.c:246 0x23005eb9 6
4 path.c:31 0x23006709 6
4 dynarray.c:112 0x23006579 16
4 dynarray.c:113 0x23005e69 24
4 path.c:254 0x23006639 24
4 path.c:246 0x23006749 6
4 path.c:31 0x23005ed9 6
4 dynarray.c:112 0x23005709 16
4 dynarray.c:113 0x23006d19 24
4 path.c:254 0x23005db9 24
2 path.c:128 0x23005db9 24
1 dynarray.c:84 0x23006669 24
2 dynarray.c:95 0x23006d19 16
2 path.c:90 0x23005ed9 6
2 path.c:90 0x23006749 7
1 path.c:143 0x23005e99 13
2 path.c:178 0x23006639 24
1 dynarray.c:84 0x23005709 24
2 dynarray.c:95 0x23005e69 16
2 path.c:191 0x23006709 13
2 path.c:205 0x230066e9 6
3 path.c:223 0x23006709 0x23006709 13 6
4 path.c:246 0x23006709 6
4 path.c:31 0x230066e9 6
4 dynarray.c:112 0x23005e69 16
4 dynarray.c:113 0x23005709 24
4 path.c:254 0x23006639 24
2 path.c:178 0x23006639 24
1 dynarray.c:84 0x23006579 24
2 dynarray.c:95 0x23005709 16
2 path.c:191 0x230066e9 13
2 path.c:205 0x23006709 6
2 path.c:205 0x230066c9 7
3 path.c:223 0x230066e9 0x230066e9 13 13
4 path.c:246 0x230066e9 13
4 path.c:31 0x23006709 6
4 path.c:31 0x230066c9 7
4 dynarray.c:112 0x23005709 16
4 dynarray.c:113 0x23006579 24
4 path.c:254 0x23006639 24
4 path.c:246 0x23005e99 13
4 path.c:31 0x23005ed9 6
4 path.c:31 0x23006749 7
4 dynarray.c:112 0x23006d19 16
4 dynarray.c:113 0x23006669 24
4 path.c:254 0x23005db9 24
2 path.c:128 0x23005db9 24
1 dynarray.c:84 0x23005e69 24
2 dynarray.c:95 0x23006669 16
2 path.c:90 0x23006749 6
2 path.c:90 0x23005ed9 8
1 path.c:143 0x23005eb9 14
2 path.c:178 0x23006639 24
1 dynarray.c:84 0x23006d19 24
2 dynarray.c:95 0x23006579 16
2 path.c:191 0x23005e99 14
2 path.c:205 0x23006709 6
3 path.c:223 0x23005e99 0x23005e99 14 6
4 path.c:246 0x23005e99 6
4 path.c:31 0x23006709 6
4 dynarray.c:112 0x23006579 16
4 dynarray.c:113 0x23006d19 24
4 path.c:254 0x23006639 24
2 path.c:178 0x23006639 24
1 dynarray.c:84 0x23005709 24
2 dynarray.c:95 0x23006d19 16
2 path.c:191 0x23006709 14
2 path.c:205 0x23005e99 6
2 path.c:205 0x230066e9 8
3 path.c:223 0x23006709 0x23006709 14 14
4 path.c:246 0x23006709 14
4 path.c:31 0x23005e99 6
4 path.c:31 0x230066e9 8
4 dynarray.c:112 0x23006d19 16
4 dynarray.c:113 0x23005709 24
4 path.c:254 0x23006639 24
2 path.c:128 0x23006639 24
1 dynarray.c:84 0x23006579 24
2 dynarray.c:95 0x23005709 16
2 path.c:90 0x230066e9 6
2 path.c:90 0x23005e99 8
2 path.c:90 0x23006709 12
3 dynarray.c:69 0x23005e29 0x23005709 16 32
1 path.c:143 0x23006d19 26
2 path.c:178 0x23005709 24
1 dynarray.c:84 0x23006699 24
2 dynarray.c:95 0x23006429 16
2 path.c:191 0x23006c59 26
2 path.c:205 0x230069b9 6
3 path.c:223 0x23006c59 0x23006c59 26 6
4 path.c:246 0x23006c59 6
4 path.c:31 0x230069b9 6
4 dynarray.c:112 0x23006429 16
4 dynarray.c:113 0x23006699 24
4 path.c:254 0x23005709 24
2 path.c:178 0x23005709 24
1 dynarray.c:84 0x23006479 24
2 dynarray.c:95 0x23006699 16
2 path.c:191 0x23006c59 26
2 path.c:205 0x230069b9 6
2 path.c:205 0x23006999 8
3 path.c:223 0x23006c59 0x23006c59 26 14
4 path.c:246 0x23006c59 14
4 path.c:31 0x230069b9 6
4 path.c:31 0x23006999 8
4 dynarray.c:112 0x23006699 16
4 dynarray.c:113 0x23006479 24
4 path.c:254 0x23005709 24
2 path.c:128 0x23005709 24
1 dynarray.c:84 0x23006429 24
2 dynarray.c:95 0x23006479 16
2 path.c:90 0x23006999 6
2 path.c:90 0x230069b9 8
2 path.c:90 0x23006619 12
3 dynarray.c:69 0x23006369 0x23006479 16 32
2 path.c:90 0x230067f9 6
1 path.c:143 0x23006a19 32
2 path.c:178 0x23006479 24
1 dynarray.c:84 0x23006699 24
2 dynarray.c:95 0x23006c59 16
2 path.c:191 0x23006859 32
2 path.c:205 0x23006729 6
3 path.c:223 0x23006859 0x23006859 32 6
4 path.c:246 0x23006859 6
4 path.c:31 0x23006729 6
4 dynarray.c:112 0x23006c59 16
4 dynarray.c:113 0x23006699 24
4 path.c:254 0x23006479 24
2 path.c:178 0x23006479 24
1 dynarray.c:84 0x23006cb9 24
2 dynarray.c:95 0x23006699 16
2 path.c:191 0x23006959 32
2 path.c:205 0x23006729 6
2 path.c:205 0x23006859 8
3 path.c:223 0x23006959 0x23006959 32 14
4 path.c:246 0x23006959 14
4 path.c:31 0x23006729 6
4 path.c:31 0x23006859 8
4 dynarray.c:112 0x23006699 16
4 dynarray.c:113 0x23006cb9 24
4 path.c:254 0x23006479 24
1 dynarray.c:84 0x23006c59 24
2 dynarray.c:95 0x23006479 24
1 bdtBad5.c:662 0x23006919 45
4 dynarray.c:112 0x23006479 24
4 dynarray.c:113 0x23006c59 24
4 bdt_client.c:113 0x23006919 45
2 path.c:128 0x23006c59 24
1 dynarray.c:84 0x23006cb9 24
2 dynarray.c:95 0x23006479 16
2 path.c:90 0x23006859 13
1 path.c:143 0x230066c9 13
2 path.c:178 0x23006ce9 24
1 dynarray.c:84 0x23006699 24
2 dynarray.c:95 0x23006d49 16
2 path.c:191 0x23006729 13
2 path.c:205 0x23006979 13
3 path.c:223 0x23006729 0x23006729 13 13
4 path.c:246 0x23006729 13
4 path.c:31 0x23006979 13
4 dynarray.c:112 0x23006d49 16
4 dynarray.c:113 0x23006699 24
4 path.c:254 0x23006ce9 24
4 path.c:246 0x230066c9 13
4 path.c:31 0x23006859 13
4 dynarray.c:112 0x23006479 16
4 dynarray.c:113 0x23006cb9 24
4 path.c:254 0x23006c59 24
2 path.c:128 0x23006c59 24
1 dynarray.c:84 0x23006d79 24
2 dynarray.c:95 0x23006cb9 16
2 path.c:90 0x23006859 6
1 path.c:143 0x23006959 6
2 path.c:178 0x23006ce9 24
1 dynarray.c:84 0x23006479 24
2 dynarray.c:95 0x23006699 16
2 path.c:191 0x230066c9 6
2 path.c:205 0x23006729 6
3 path.c:223 0x230066c9 0x230066c9 6 6
4 path.c:246 0x230066c9 6
4 path.c:31 0x23006729 6
4 dynarray.c:112 0x23006699 16
4 dynarray.c:113 0x23006479 24
4 path.c:254 0x23006ce9 24
4 path.c:246 0x23006959 6
4 path.c:31 0x23006859 6
4 dynarray.c:112 0x23006cb9 16
4 dynarray.c:113 0x23006d79 24
4 path.c:254 0x23006c59 24
4 path.c:246 0x23005bf9 25
4 path.c:31 0x23005c29 6
4 path.c:31 0x23005c49 7
4 path.c:31 0x23005c69 12
4 dynarray.c:112 0x23005bc9 24
4 dynarray.c:113 0x23005909 24
4 path.c:254 0x23005b99 24
4 bdtBad5.c:263 0x23005b59 32
4 path.c:246 0x23005aa9 13
4 path.c:31 0x23005ac9 6
4 path.c:31 0x23005ae9 7
4 dynarray.c:112 0x23005a79 16
4 dynarray.c:113 0x23005599 24
4 path.c:254 0x23005a49 24
4 bdtBad5.c:263 0x23005a09 32
4 path.c:246 0x23005849 6
4 path.c:31 0x23005869 6
4 dynarray.c:112 0x23005819 16
4 dynarray.c:113 0x230055f9 24
4 path.c:254 0x230057e9 24
4 bdtBad5.c:263 0x230057a9 32
2 path.c:128 0x230057e9 24
1 dynarray.c:84 0x23006d49 24
2 dynarray.c:95 0x230055f9 16
2 path.c:90 0x23005869 6
2 path.c:90 0x23005849 7
1 path.c:143 0x23006979 13
4 path.c:246 0x23006979 13
4 path.c:31 0x23005869 6
4 path.c:31 0x23005849 7
4 dynarray.c:112 0x230055f9 16
4 dynarray.c:113 0x23006d49 24
4 path.c:254 0x230057e9 24
2 path.c:128 0x230057e9 24
1 dynarray.c:84 0x23005819 24
2 dynarray.c:95 0x23006d49 16
2 path.c:90 0x23005849 6
1 path.c:143 0x23006979 6
4 path.c:246 0x23006979 6
4 path.c:31 0x23005849 6
4 dynarray.c:112 0x23006d49 16
4 dynarray.c:113 0x23005819 24
4 path.c:254 0x230057e9 24
2 path.c:128 0x230057e9 24
1 dynarray.c:84 0x230055f9 24
2 dynarray.c:95 0x23005819 16
2 path.c:90 0x23005849 6
1 path.c:143 0x23006979 6
4 path.c:246 0x23006979 6
4 path.c:31 0x23005849 6
4 dynarray.c:112 0x23005819 16
4 dynarray.c:113 0x230055f9 24
4 path.c:254 0x230057e9 24
2 path.c:128 0x230057e9 24
1 dynarray.c:84 0x23006d49 24
2 dynarray.c:95 0x230055f9 16
2 path.c:90 0x23005849 13
1 path.c:143 0x23006979 13
4 path.c:246 0x23006979 13
4 path.c:31 0x23005849 13
4 dynarray.c:112 0x230055f9 16
4 dynarray.c:113 0x23006d49 24
4 path.c:254 0x230057e9 24
1 dynarray.c:84 0x23005819 24
2 dynarray.c:95 0x230057e9 16
1 bdtBad5.c:662 0x23006979 1
4 dynarray.c:112 0x230057e9 16
4 dynarray.c:113 0x23005819 24
4 bdt_client.c:124 0x23006979 1
2 path.c:128 0x23005819 24
1 dynarray.c:84 0x23006d49 24
2 dynarray.c:95 0x230057e9 16
2 path.c:90 0x23005849 2
2 path.c:90 0x23005869 2
1 path.c:143 0x23006979 4
2 path.c:178 0x23005a49 24
1 dynarray.c:84 0x230055f9 24
2 dynarray.c:95 0x23005599 16
2 path.c:191 0x23005ae9 4
2 path.c:205 0x23005aa9 2
3 path.c:223 0x23005ae9 0x23005ae9 4 2
1 bdtBad5.c:143 0x23006919 32
2 path.c:178 0x23005b99 24
1 dynarray.c:84 0x23005a79 24
2 dynarray.c:95 0x23005909 16
2 path.c:191 0x23005c69 2
2 path.c:205 0x23005c49 2
3 path.c:223 0x23005c69 0x23005c69 2 2
4 path.c:246 0x23005ae9 2
4 path.c:31 0x23005aa9 2
4 dynarray.c:112 0x23005599 16
4 dynarray.c:113 0x230055f9 24
4 path.c:254 0x23005a49 24
2 path.c:178 0x23005a49 24
1 dynarray.c:84 0x23005bc9 24
2 dynarray.c:95 0x230055f9 16
2 path.c:191 0x23005aa9 4
2 path.c:205 0x23005ae9 2
2 path.c:205 0x23005c29 2
3 path.c:223 0x23005aa9 0x23005aa9 4 4
1 bdtBad5.c:143 0x23006509 32
2 path.c:178 0x23005bf9 24
1 dynarray.c:84 0x23005599 24
2 dynarray.c:95 0x23006c59 16
2 path.c:191 0x23006859 4
2 path.c:205 0x23006959 2
2 path.c:205 0x23006729 2
3 path.c:223 0x23006859 0x23006859 4 4
4 path.c:246 0x23005aa9 4
4 path.c:31 0x23005ae9 2
4 path.c:31 0x23005c29 2
4 dynarray.c:112 0x230055f9 16
4 dynarray.c:113 0x23005bc9 24
4 path.c:254 0x23005a49 24
4 path.c:246 0x23006979 4
4 path.c:31 0x23005849 2
4 path.c:31 0x23005869 2
4 dynarray.c:112 0x230057e9 16
4 dynarray.c:113 0x23006d49 24
4 path.c:254 0x23005819 24
1 dynarray.c:84 0x23006d79 24
2 dynarray.c:95 0x23005819 16
1 bdtBad5.c:662 0x23005ac9 7
4 dynarray.c:112 0x23005819 16
4 dynarray.c:113 0x23006d79 24
4 bdt_client.c:136 0x23005ac9 7
2 path.c:128 0x23006d79 24
1 dynarray.c:84 0x23006d49 24
2 dynarray.c:95 0x23005819 16
2 path.c:90 0x23005869 2
2 path.c:90 0x23005849 2
1 path.c:143 0x23005ac9 4
2 path.c:178 0x23005a49 24
1 dynarray.c:84 0x230057e9 24
2 dynarray.c:95 0x23005bc9 16
2 path.c:191 0x23006979 4
2 path.c:205 0x23005ae9 2
3 path.c:223 0x23006979 0x23006979 4 2
4 path.c:246 0x23006979 2
4 path.c:31 0x23005ae9 2
4 dynarray.c:112 0x23005bc9 16
4 dynarray.c:113 0x230057e9 24
4 path.c:254 0x23005a49 24
2 path.c:178 0x23005a49 24
1 dynarray.c:84 0x230055f9 24
2 dynarray.c:95 0x230057e9 16
2 path.c:191 0x23005ae9 4
2 path.c:205 0x23006979 2
2 path.c:205 0x23005aa9 2
3 path.c:223 0x23005ae9 0x23005ae9 4 4
4 path.c:246 0x23005ae9 4
4 path.c:31 0x23006979 2
4 path.c:31 0x23005aa9 2
4 dynarray.c:112 0x230057e9 16
4 dynarray.c:113 0x230055f9 24
4 path.c:254 0x23005a49 24
2 path.c:178 0x23005a49 24
1 dynarray.c:84 0x23005bc9 24
2 dynarray.c:95 0x230055f9 16
2 path.c:191 0x23005aa9 4
2 path.c:205 0x23006979 2
2 path.c:205 0x23005ae9 2
3 path.c:223 0x23005aa9 0x23005aa9 4 4
1 bdtBad5.c:143 0x230062b9 32
2 path.c:178 0x23006cb9 24
1 dynarray.c:84 0x230057e9 24
2 dynarray.c:95 0x23006ce9 16
2 path.c:191 0x230066c9 4
2 path.c:205 0x23006879 2
2 path.c:205 0x230069d9 2
3 path.c:223 0x230066c9 0x230066c9 4 4
4 path.c:246 0x23005aa9 4
4 path.c:31 0x23006979 2
4 path.c:31 0x23005ae9 2
4 dynarray.c:112 0x230055f9 16
4 dynarray.c:113 0x23005bc9 24
4 path.c:254 0x23005a49 24
4 path.c:246 0x23005ac9 4
4 path.c:31 0x23005869 2
4 path.c:31 0x23005849 2
4 dynarray.c:112 0x23005819 16
4 dynarray.c:113 0x23006d49 24
4 path.c:254 0x23006d79 24
1 dynarray.c:84 0x23006479 24
2 dynarray.c:95 0x23006d79 24
1 bdtBad5.c:662 0x23005c29 11
4 dynarray.c:112 0x23006d79 24
4 dynarray.c:113 0x23006479 24
4 bdt_client.c:140 0x23005c29 11
2 path.c:128 0x23006479 24
1 dynarray.c:84 0x23006d49 24
2 dynarray.c:95 0x23006d79 16
2 path.c:90 0x23005849 2
2 path.c:90 0x23005869 2
1 path.c:143 0x23005c29 4
2 path.c:178 0x23005a49 24
1 dynarray.c:84 0x23005819 24
2 dynarray.c:95 0x23005bc9 16
2 path.c:191 0x23005ac9 4
2 path.c:205 0x23006979 2
3 path.c:223 0x23005ac9 0x23005ac9 4 2
4 path.c:246 0x23005ac9 2
4 path.c:31 0x23006979 2
4 dynarray.c:112 0x23005bc9 16
4 dynarray.c:113 0x23005819 24
4 path.c:254 0x23005a49 24
2 path.c:178 0x23005a49 24
1 dynarray.c:84 0x230055f9 24
2 dynarray.c:95 0x23005819 16
2 path.c:191 0x23006979 4
2 path.c:205 0x23005ac9 2
2 path.c:205 0x23005aa9 2
3 path.c:223 0x23006979 0x23006979 4 4
4 path.c:246 0x23006979 4
4 path.c:31 0x23005ac9 2
4 path.c:31 0x23005aa9 2
4 dynarray.c:112 0x23005819 16
4 dynarray.c:113 0x230055f9 24
4 path.c:254 0x23005a49 24
4 path.c:246 0x23005c29 4
4 path.c:31 0x23005849 2
4 path.c:31 0x23005869 2
4 dynarray.c:112 0x23006d79 16
4 dynarray.c:113 0x23006d49 24
4 path.c:254 0x23006479 24
4 path.c:246 0x23006859 4
4 path.c:31 0x23006959 2
4 path.c:31 0x23006729 2
4 dynarray.c:112 0x23006c59 16
4 dynarray.c:113 0x23005599 24
4 path.c:254 0x23005bf9 24
4 bdtBad5.c:263 0x23006509 32
1 dynarray.c:84 0x23005bc9 24
2 dynarray.c:95 0x23005bf9 16
1 bdtBad5.c:662 0x23005ae9 7
4 dynarray.c:112 0x23005bf9 16
4 dynarray.c:113 0x23005bc9 24
4 bdt_client.c:144 0x23005ae9 7
2 path.c:128 0x23005bc9 24
1 dynarray.c:84 0x23005599 24
2 dynarray.c:95 0x23005bf9 16
2 path.c:90 0x23006729 2
2 path.c:90 0x23006959 3
1 path.c:143 0x23005ae9 5
2 path.c:178 0x23006479 24
1 dynarray.c:84 0x23006c59 24
2 dynarray.c:95 0x23006d49 16
2 path.c:191 0x23006859 5
2 path.c:205 0x23005849 2
3 path.c:223 0x23006859 0x23006859 5 2
4 path.c:246 0x23006859 2
4 path.c:31 0x23005849 2
4 dynarray.c:112 0x23006d49 16
4 dynarray.c:113 0x23006c59 24
4 path.c:254 0x23006479 24
2 path.c:178 0x23006479 24
1 dynarray.c:84 0x23006d79 24
2 dynarray.c:95 0x23006c59 16
2 path.c:191 0x23005849 5
2 path.c:205 0x23006859 2
2 path.c:205 0x23005c29 3
3 path.c:223 0x23005849 0x23005849 5 5
4 path.c:246 0x23005849 5
4 path.c:31 0x23006859 2
4 path.c:31 0x23005c29 3
4 dynarray.c:112 0x23006c59 16
4 dynarray.c:113 0x23006d79 24
4 path.c:254 0x23006479 24
2 path.c:178 0x23006479 24
1 dynarray.c:84 0x23006d49 24
2 dynarray.c:95 0x23006d79 16
2 path.c:191 0x23005c29 5
2 path.c:205 0x23006859 2
2 path.c:205 0x23005849 3
3 path.c:223 0x23005c29 0x23005c29 5 5
1 bdtBad5.c:143 0x23006509 32
2 path.c:178 0x23005a49 24
1 dynarray.c:84 0x23006c59 24
2 dynarray.c:95 0x230055f9 16
2 path.c:191 0x23005aa9 5
2 path.c:205 0x23005ac9 2
2 path.c:205 0x23006979 3
3 path.c:223 0x23005aa9 0x23005aa9 5 5
4 path.c:246 0x23005c29 5
4 path.c:31 0x23006859 2
4 path.c:31 0x23005849 3
4 dynarray.c:112 0x23006d79 16
4 dynarray.c:113 0x23006d49 24
4 path.c:254 0x23006479 24
4 path.c:246 0x23005ae9 5
4 path.c:31 0x23006729 2
4 path.c:31 0x23006959 3
4 dynarray.c:112 0x23005bf9 16
4 dynarray.c:113 0x23005599 24
4 path.c:254 0x23005bc9 24
1 dynarray.c:84 0x23005819 24
2 dynarray.c:95 0x23005bc9 24
1 bdtBad5.c:662 0x23005869 12
4 dynarray.c:112 0x23005bc9 24
4 dynarray.c:113 0x23005819 24
4 bdt_client.c:148 0x23005869 12
2 path.c:128 0x23005819 24
1 dynarray.c:84 0x23005599 24
2 dynarray.c:95 0x23005bc9 16
2 path.c:90 0x23006959 2
2 path.c:90 0x23006729 3
1 path.c:143 0x23005869 5
2 path.c:178 0x23006479 24
1 dynarray.c:84 0x23005bf9 24
2 dynarray.c:95 0x23006d49 16
2 path.c:191 0x23005ae9 5
2 path.c:205 0x23006859 2
3 path.c:223 0x23005ae9 0x23005ae9 5 2
4 path.c:246 0x23005ae9 2
4 path.c:31 0x23006859 2
4 dynarray.c:112 0x23006d49 16
4 dynarray.c:113 0x23005bf9 24
4 path.c:254 0x23006479 24
2 path.c:178 0x23006479 24
1 dynarray.c:84 0x23006d79 24
2 dynarray.c:95 0x23005bf9 16
2 path.c:191 0x23006859 5
2 path.c:205 0x23005ae9 2
2 path.c:205 0x23005c29 3
3 path.c:223 0x23006859 0x23006859 5 5
4 path.c:246 0x23006859 5
4 path.c:31 0x23005ae9 2
4 path.c:31 0x23005c29 3
4 dynarray.c:112 0x23005bf9 16
4 dynarray.c:113 0x23006d79 24
4 path.c:254 0x23006479 24
4 path.c:246 0x23005869 5
4 path.c:31 0x23006959 2
4 path.c:31 0x23006729 3
4 dynarray.c:112 0x23005bc9 16
4 dynarray.c:113 0x23005599 24
4 path.c:254 0x23005819 24
4 path.c:246 0x23005aa9 5
4 path.c:31 0x23005ac9 2
4 path.c:31 0x23006979 3
4 dynarray.c:112 0x230055f9 16
4 dynarray.c:113 0x23006c59 24
4 path.c:254 0x23005a49 24
4 bdtBad5.c:263 0x23006509 32
1 dynarray.c:84 0x23006d49 24
2 dynarray.c:95 0x23005a49 16
1 bdtBad5.c:662 0x23005849 7
4 dynarray.c:112 0x23005a49 16
4 dynarray.c:113 0x23006d49 24
4 bdt_client.c:152 0x23005849 7
2 path.c:128 0x23006d49 24
1 dynarray.c:84 0x23006c59 24
2 dynarray.c:95 0x23005a49 16
2 path.c:90 0x23006979 2
2 path.c:90 0x23005ac9 3
1 path.c:143 0x23005849 5
2 path.c:178 0x23005819 24
1 dynarray.c:84 0x230055f9 24
2 dynarray.c:95 0x23005599 16
2 path.c:191 0x23005aa9 5
2 path.c:205 0x23006959 2
3 path.c:223 0x23005aa9 0x23005aa9 5 2
4 path.c:246 0x23005aa9 2
4 path.c:31 0x23006959 2
4 dynarray.c:112 0x23005599 16
4 dynarray.c:113 0x230055f9 24
4 path.c:254 0x23005819 24
2 path.c:178 0x23005819 24
1 dynarray.c:84 0x23005bc9 24
2 dynarray.c:95 0x230055f9 16
2 path.c:191 0x23006959 5
2 path.c:205 0x23005aa9 2
2 path.c:205 0x23005869 3
3 path.c:223 0x23006959 0x23006959 5 5
4 path.c:246 0x23006959 5
4 path.c:31 0x23005aa9 2
4 path.c:31 0x23005869 3
4 dynarray.c:112 0x230055f9 16
4 dynarray.c:113 0x23005bc9 24
4 path.c:254 0x23005819 24
2 path.c:178 0x23005819 24
1 dynarray.c:84 0x23005599 24
2 dynarray.c:95 0x23005bc9 16
2 path.c:191 0x23005869 5
2 path.c:205 0x23005aa9 2
2 path.c:205 0x23006959 3
3 path.c:223 0x23005869 0x23005869 5 5
1 bdtBad5.c:143 0x23006509 32
2 path.c:178 0x23006479 24
1 dynarray.c:84 0x230055f9 24
2 dynarray.c:95 0x23006d79 16
2 path.c:191 0x23005c29 5
2 path.c:205 0x23005ae9 2
2 path.c:205 0x23006859 3
3 path.c:223 0x23005c29 0x23005c29 5 5
4 path.c:246 0x23005869 5
4 path.c:31 0x23005aa9 2
4 path.c:31 0x23006959 3
4 dynarray.c:112 0x23005bc9 16
4 dynarray.c:113 0x23005599 24
4 path.c:254 0x23005819 24
4 path.c:246 0x23005849 5
4 path.c:31 0x23006979 2
4 path.c:31 0x23005ac9 3
4 dynarray.c:112 0x23005a49 16
4 dynarray.c:113 0x23006c59 24
4 path.c:254 0x23006d49 24
1 dynarray.c:84 0x23005bf9 24
2 dynarray.c:95 0x23006d49 24
1 bdtBad5.c:662 0x23006729 12
4 dynarray.c:112 0x23006d49 24
4 dynarray.c:113 0x23005bf9 24
4 bdt_client.c:156 0x23006729 12
2 path.c:128 0x23005bf9 24
1 dynarray.c:84 0x23006c59 24
2 dynarray.c:95 0x23006d49 16
2 path.c:90 0x23005ac9 2
2 path.c:90 0x23006979 2
1 path.c:143 0x23006729 4
2 path.c:178 0x23005819 24
1 dynarray.c:84 0x23005a49 24
2 dynarray.c:95 0x23005599 16
2 path.c:191 0x23005849 4
2 path.c:205 0x23005aa9 2
3 path.c:223 0x23005849 0x23005849 4 2
4 path.c:246 0x23005849 2
4 path.c:31 0x23005aa9 2
4 dynarray.c:112 0x23005599 16
4 dynarray.c:113 0x23005a49 24
4 path.c:254 0x23005819 24
2 path.c:178 0x23005819 24
1 dynarray.c:84 0x23005bc9 24
2 dynarray.c:95 0x23005a49 16
2 path.c:191 0x23005aa9 4
2 path.c:205 0x23005849 2
2 path.c:205 0x23005869 2
3 path.c:223 0x23005aa9 0x23005aa9 4 4
4 path.c:246 0x23005aa9 4
4 path.c:31 0x23005849 2
4 path.c:31 0x23005869 2
4 dynarray.c:112 0x23005a49 16
4 dynarray.c:113 0x23005bc9 24
4 path.c:254 0x23005819 24
4 path.c:246 0x23006729 4
4 path.c:31 0x23005ac9 2
4 path.c:31 0x23006979 2
4 dynarray.c:112 0x23006d49 16
4 dynarray.c:113 0x23006c59 24
4 path.c:254 0x23005bf9 24
4 path.c:246 0x230066c9 4
4 path.c:31 0x23006879 2
4 path.c:31 0x230069d9 2
4 dynarray.c:112 0x23006ce9 16
4 dynarray.c:113 0x230057e9 24
4 path.c:254 0x23006cb9 24
4 bdtBad5.c:263 0x230062b9 32
1 dynarray.c:84 0x23005599 24
2 dynarray.c:95 0x23006cb9 16
1 bdtBad5.c:662 0x23006959 8
4 dynarray.c:112 0x23006cb9 16
4 dynarray.c:113 0x23005599 24
4 bdt_client.c:160 0x23006959 8
4 path.c:246 0x23005c29 5
4 path.c:31 0x23005ae9 2
4 path.c:31 0x23006859 3
4 dynarray.c:112 0x23006d79 16
4 dynarray.c:113 0x230055f9 24
4 path.c:254 0x23006479 24
4 bdtBad5.c:263 0x23006509 32
4 path.c:246 0x23005c69 2
4 path.c:31 0x23005c49 2
4 dynarray.c:112 0x23005909 16
4 dynarray.c:113 0x23005a79 24
4 path.c:254 0x23005b99 24
4 bdtBad5.c:263 0x23006919 32
