2 path.c:128 0x23e5f2a9 24
4 path.c:254 0x23e5f2a9 24
2 path.c:128 0x23e614c9 24
1 dynarray.c:84 0x23e5f2a9 24
2 dynarray.c:95 0x23e614f9 16
2 path.c:90 0x23e61529 6
1 path.c:143 0x23e61549 6
4 path.c:246 0x23e61549 6
4 path.c:31 0x23e61529 6
4 dynarray.c:112 0x23e614f9 16
4 dynarray.c:113 0x23e5f2a9 24
4 path.c:254 0x23e614c9 24
1 dynarray.c:84 0x23e614c9 24
2 dynarray.c:95 0x23e61569 16
1 bdtBad4.c:663 0x23e61529 1
4 dynarray.c:112 0x23e61569 16
4 dynarray.c:113 0x23e614c9 24
4 bdt_client.c:39 0x23e61529 1
2 path.c:128 0x23e61599 24
4 path.c:254 0x23e61599 24
2 path.c:128 0x23e615c9 24
1 dynarray.c:84 0x23e61599 24
2 dynarray.c:95 0x23e615f9 16
4 dynarray.c:112 0x23e615f9 16
4 dynarray.c:113 0x23e61599 24
4 path.c:254 0x23e615c9 24
2 path.c:128 0x23e61629 24
1 dynarray.c:84 0x23e615c9 24
2 dynarray.c:95 0x23e61659 16
2 path.c:90 0x23e61689 6
2 path.c:90 0x23e616a9 7
4 path.c:31 0x23e61689 6
4 path.c:31 0x23e616a9 7
4 dynarray.c:112 0x23e61659 16
4 dynarray.c:113 0x23e615c9 24
4 path.c:254 0x23e61629 24
2 path.c:128 0x23e61629 24
1 dynarray.c:84 0x23e61659 24
2 dynarray.c:95 0x23e615c9 16
2 path.c:90 0x23e616c9 6
4 path.c:31 0x23e616c9 6
4 dynarray.c:112 0x23e615c9 16
4 dynarray.c:113 0x23e61659 24
4 path.c:254 0x23e61629 24
2 path.c:128 0x23e61629 24
1 dynarray.c:84 0x23e615c9 24
2 dynarray.c:95 0x23e61659 16
2 path.c:90 0x23e616e9 6
1 path.c:143 0x23e616c9 6
2 path.c:178 0x23e61709 24
1 dynarray.c:84 0x23e61599 24
2 dynarray.c:95 0x23e61739 16
2 path.c:191 0x23e61769 6
2 path.c:205 0x23e61789 6
3 path.c:223 0x23e61769 0x23e61769 6 6
1 bdtBad4.c:143 0x23e617a9 32
2 path.c:178 0x23e617e9 24
1 dynarray.c:84 0x23e615f9 24
2 dynarray.c:95 0x23e61819 16
2 path.c:191 0x23e61849 6
2 path.c:205 0x23e61869 6
3 path.c:223 0x23e61849 0x23e61849 6 6
4 path.c:246 0x23e61769 6
4 path.c:31 0x23e61789 6
4 dynarray.c:112 0x23e61739 16
4 dynarray.c:113 0x23e61599 24
4 path.c:254 0x23e61709 24
4 path.c:246 0x23e616c9 6
4 path.c:31 0x23e616e9 6
4 dynarray.c:112 0x23e61659 16
4 dynarray.c:113 0x23e615c9 24
4 path.c:254 0x23e61629 24
2 path.c:128 0x23e61629 24
1 dynarray.c:84 0x23e61709 24
2 dynarray.c:95 0x23e615c9 16
2 path.c:90 0x23e616e9 6
2 path.c:90 0x23e61889 7
2 path.c:90 0x23e618a9 12
3 dynarray.c:69 0x23e618c9 0x23e615c9 16 32
1 path.c:143 0x23e61659 25
2 path.c:178 0x23e615c9 24
1 dynarray.c:84 0x23e61599 24
2 dynarray.c:95 0x23e61909 16
2 path.c:191 0x23e61939 25
2 path.c:205 0x23e61969 6
3 path.c:223 0x23e61939 0x23e61939 25 6
4 path.c:246 0x23e61939 6
4 path.c:31 0x23e61969 6
4 dynarray.c:112 0x23e61909 16
4 dynarray.c:113 0x23e61599 24
4 path.c:254 0x23e615c9 24
2 path.c:178 0x23e615c9 24
1 dynarray.c:84 0x23e61909 24
2 dynarray.c:95 0x23e61599 16
2 path.c:191 0x23e61989 25
2 path.c:205 0x23e61969 6
2 path.c:205 0x23e619b9 7
3 path.c:223 0x23e61989 0x23e61989 25 13
4 path.c:246 0x23e61989 13
4 path.c:31 0x23e61969 6
4 path.c:31 0x23e619b9 7
4 dynarray.c:112 0x23e61599 16
4 dynarray.c:113 0x23e61909 24
4 path.c:254 0x23e615c9 24
2 path.c:178 0x23e615c9 24
1 dynarray.c:84 0x23e61989 24
2 dynarray.c:95 0x23e61909 16
2 path.c:191 0x23e619d9 25
2 path.c:205 0x23e619b9 6
2 path.c:205 0x23e61969 7
3 path.c:223 0x23e619d9 0x23e619d9 25 13
1 bdtBad4.c:143 0x23e61a09 32
2 path.c:178 0x23e61a49 24
1 dynarray.c:84 0x23e61599 24
2 dynarray.c:95 0x23e61a79 16
2 path.c:191 0x23e61aa9 13
2 path.c:205 0x23e61ac9 6
2 path.c:205 0x23e61ae9 7
3 path.c:223 0x23e61aa9 0x23e61aa9 13 13
4 path.c:246 0x23e619d9 13
4 path.c:31 0x23e619b9 6
4 path.c:31 0x23e61969 7
4 dynarray.c:112 0x23e61909 16
4 dynarray.c:113 0x23e61989 24
4 path.c:254 0x23e615c9 24
2 path.c:178 0x23e615c9 24
1 dynarray.c:84 0x23e619d9 24
2 dynarray.c:95 0x23e61989 24
2 path.c:191 0x23e61b09 25
2 path.c:205 0x23e61969 6
2 path.c:205 0x23e619b9 7
2 path.c:205 0x23e61b39 12
3 path.c:223 0x23e61b09 0x23e61b09 25 25
1 bdtBad4.c:143 0x23e61b59 32
2 path.c:178 0x23e61b99 24
1 dynarray.c:84 0x23e61909 24
2 dynarray.c:95 0x23e61bc9 24
2 path.c:191 0x23e61bf9 25
2 path.c:205 0x23e61c29 6
2 path.c:205 0x23e61c49 7
2 path.c:205 0x23e61c69 12
3 path.c:223 0x23e61bf9 0x23e61bf9 25 25
4 path.c:246 0x23e61b09 25
4 path.c:31 0x23e61969 6
4 path.c:31 0x23e619b9 7
4 path.c:31 0x23e61b39 12
4 dynarray.c:112 0x23e61989 24
4 dynarray.c:113 0x23e619d9 24
4 path.c:254 0x23e615c9 24
4 path.c:246 0x23e61659 25
4 path.c:31 0x23e616e9 6
4 path.c:31 0x23e61889 7
4 path.c:31 0x23e618a9 12
4 dynarray.c:112 0x23e618c9 32
4 dynarray.c:113 0x23e61709 24
4 path.c:254 0x23e61629 24
2 path.c:128 0x23e61629 24
1 dynarray.c:84 0x23e61b09 24
2 dynarray.c:95 0x23e61709 16
2 path.c:90 0x23e618a9 6
1 path.c:143 0x23e616c9 6
2 path.c:178 0x23e615c9 24
1 dynarray.c:84 0x23e61659 24
2 dynarray.c:95 0x23e619d9 16
2 path.c:191 0x23e61889 6
2 path.c:205 0x23e61b39 6
3 path.c:223 0x23e61889 0x23e61889 6 6
4 path.c:246 0x23e61889 6
4 path.c:31 0x23e61b39 6
4 dynarray.c:112 0x23e619d9 16
4 dynarray.c:113 0x23e61659 24
4 path.c:254 0x23e615c9 24
4 path.c:246 0x23e616c9 6
4 path.c:31 0x23e618a9 6
4 dynarray.c:112 0x23e61709 16
4 dynarray.c:113 0x23e61b09 24
4 path.c:254 0x23e61629 24
2 path.c:128 0x23e61629 24
1 dynarray.c:84 0x23e61989 24
2 dynarray.c:95 0x23e61b09 16
2 path.c:90 0x23e618a9 6
2 path.c:90 0x23e616c9 7
1 path.c:143 0x23e616e9 13
2 path.c:178 0x23e615c9 24
1 dynarray.c:84 0x23e61709 24
2 dynarray.c:95 0x23e61659 16
2 path.c:191 0x23e61b39 13
2 path.c:205 0x23e619b9 6
3 path.c:223 0x23e61b39 0x23e61b39 13 6
4 path.c:246 0x23e61b39 6
4 path.c:31 0x23e619b9 6
4 dynarray.c:112 0x23e61659 16
4 dynarray.c:113 0x23e61709 24
4 path.c:254 0x23e615c9 24
2 path.c:178 0x23e615c9 24
1 dynarray.c:84 0x23e619d9 24
2 dynarray.c:95 0x23e61709 16
2 path.c:191 0x23e619b9 13
2 path.c:205 0x23e61b39 6
2 path.c:205 0x23e61969 7
3 path.c:223 0x23e619b9 0x23e619b9 13 13
4 path.c:246 0x23e619b9 13
4 path.c:31 0x23e61b39 6
4 path.c:31 0x23e61969 7
4 dynarray.c:112 0x23e61709 16
4 dynarray.c:113 0x23e619d9 24
4 path.c:254 0x23e615c9 24
4 path.c:246 0x23e616e9 13
4 path.c:31 0x23e618a9 6
4 path.c:31 0x23e616c9 7
4 dynarray.c:112 0x23e61b09 16
4 dynarray.c:113 0x23e61989 24
4 path.c:254 0x23e61629 24
2 path.c:128 0x23e61629 24
1 dynarray.c:84 0x23e61659 24
2 dynarray.c:95 0x23e61989 16
2 path.c:90 0x23e616c9 6
2 path.c:90 0x23e618a9 7
2 path.c:90 0x23e616e9 12
3 dynarray.c:69 0x23e61c89 0x23e61989 16 32
1 path.c:143 0x23e61b09 25
2 path.c:178 0x23e61989 24
1 dynarray.c:84 0x23e615c9 24
2 dynarray.c:95 0x23e619d9 16
2 path.c:191 0x23e61cc9 25
2 path.c:205 0x23e61969 6
3 path.c:223 0x23e61cc9 0x23e61cc9 25 6
4 path.c:246 0x23e61cc9 6
4 path.c:31 0x23e61969 6
4 dynarray.c:112 0x23e619d9 16
4 dynarray.c:113 0x23e615c9 24
4 path.c:254 0x23e61989 24
2 path.c:178 0x23e61989 24
1 dynarray.c:84 0x23e61709 24
2 dynarray.c:95 0x23e615c9 16
2 path.c:191 0x23e61cc9 25
2 path.c:205 0x23e61969 6
2 path.c:205 0x23e61b39 7
3 path.c:223 0x23e61cc9 0x23e61cc9 25 13
4 path.c:246 0x23e61cc9 13
4 path.c:31 0x23e61969 6
4 path.c:31 0x23e61b39 7
4 dynarray.c:112 0x23e615c9 16
4 dynarray.c:113 0x23e61709 24
4 path.c:254 0x23e61989 24
2 path.c:178 0x23e61989 24
1 dynarray.c:84 0x23e619d9 24
2 dynarray.c:95 0x23e61709 24
2 path.c:191 0x23e61cc9 25
2 path.c:205 0x23e61b39 6
2 path.c:205 0x23e61969 7
2 path.c:205 0x23e619b9 12
3 path.c:223 0x23e61cc9 0x23e61cc9 25 25
4 path.c:246 0x23e61cc9 25
4 path.c:31 0x23e61b39 6
4 path.c:31 0x23e61969 7
4 path.c:31 0x23e619b9 12
4 dynarray.c:112 0x23e61709 24
4 dynarray.c:113 0x23e619d9 24
4 path.c:254 0x23e61989 24
4 path.c:246 0x23e61b09 25
4 path.c:31 0x23e616c9 6
4 path.c:31 0x23e618a9 7
4 path.c:31 0x23e616e9 12
4 dynarray.c:112 0x23e61c89 32
4 dynarray.c:113 0x23e61659 24
4 path.c:254 0x23e61629 24
2 path.c:128 0x23e61629 24
1 dynarray.c:84 0x23e615c9 24
2 dynarray.c:95 0x23e61659 16
2 path.c:90 0x23e616e9 12
1 path.c:143 0x23e61889 12
2 path.c:178 0x23e61989 24
1 dynarray.c:84 0x23e61b09 24
2 dynarray.c:95 0x23e619d9 16
2 path.c:191 0x23e618a9 12
2 path.c:205 0x23e619b9 12
3 path.c:223 0x23e618a9 0x23e618a9 12 12
4 path.c:246 0x23e618a9 12
4 path.c:31 0x23e619b9 12
4 dynarray.c:112 0x23e619d9 16
4 dynarray.c:113 0x23e61b09 24
4 path.c:254 0x23e61989 24
4 path.c:246 0x23e61889 12
4 path.c:31 0x23e616e9 12
4 dynarray.c:112 0x23e61659 16
4 dynarray.c:113 0x23e615c9 24
4 path.c:254 0x23e61629 24
2 path.c:128 0x23e61629 24
1 dynarray.c:84 0x23e61709 24
2 dynarray.c:95 0x23e615c9 16
2 path.c:90 0x23e616e9 12
1 path.c:143 0x23e616c9 12
2 path.c:178 0x23e61989 24
1 dynarray.c:84 0x23e61659 24
2 dynarray.c:95 0x23e61b09 16
2 path.c:191 0x23e61889 12
2 path.c:205 0x23e618a9 12
3 path.c:223 0x23e61889 0x23e61889 12 12
4 path.c:246 0x23e61889 12
4 path.c:31 0x23e618a9 12
4 dynarray.c:112 0x23e61b09 16
4 dynarray.c:113 0x23e61659 24
4 path.c:254 0x23e61989 24
4 path.c:246 0x23e616c9 12
4 path.c:31 0x23e616e9 12
4 dynarray.c:112 0x23e615c9 16
4 dynarray.c:113 0x23e61709 24
4 path.c:254 0x23e61629 24
2 path.c:128 0x23e61629 24
1 dynarray.c:84 0x23e619d9 24
2 dynarray.c:95 0x23e61709 16
2 path.c:90 0x23e616e9 12
1 path.c:143 0x23e619b9 12
2 path.c:178 0x23e61989 24
1 dynarray.c:84 0x23e615c9 24
2 dynarray.c:95 0x23e61659 16
2 path.c:191 0x23e616c9 12
2 path.c:205 0x23e61889 12
3 path.c:223 0x23e616c9 0x23e616c9 12 12
4 path.c:246 0x23e616c9 12
4 path.c:31 0x23e61889 12
4 dynarray.c:112 0x23e61659 16
4 dynarray.c:113 0x23e615c9 24
4 path.c:254 0x23e61989 24
4 path.c:246 0x23e619b9 12
4 path.c:31 0x23e616e9 12
4 dynarray.c:112 0x23e61709 16
4 dynarray.c:113 0x23e619d9 24
4 path.c:254 0x23e61629 24
2 path.c:128 0x23e61629 24
1 dynarray.c:84 0x23e61b09 24
2 dynarray.c:95 0x23e619d9 16
2 path.c:90 0x23e616e9 6
2 path.c:90 0x23e619b9 8
1 path.c:143 0x23e618a9 14
2 path.c:178 0x23e61989 24
1 dynarray.c:84 0x23e61709 24
2 dynarray.c:95 0x23e615c9 16
2 path.c:191 0x23e61889 14
2 path.c:205 0x23e61969 6
3 path.c:223 0x23e61889 0x23e61889 14 6
4 path.c:246 0x23e61889 6
4 path.c:31 0x23e61969 6
4 dynarray.c:112 0x23e615c9 16
4 dynarray.c:113 0x23e61709 24
4 path.c:254 0x23e61989 24
2 path.c:178 0x23e61989 24
1 dynarray.c:84 0x23e61659 24
2 dynarray.c:95 0x23e61709 16
2 path.c:191 0x23e61969 14
2 path.c:205 0x23e61889 6
2 path.c:205 0x23e61b39 8
3 path.c:223 0x23e61969 0x23e61969 14 14
4 path.c:246 0x23e61969 14
4 path.c:31 0x23e61889 6
4 path.c:31 0x23e61b39 8
4 dynarray.c:112 0x23e61709 16
4 dynarray.c:113 0x23e61659 24
4 path.c:254 0x23e61989 24
4 path.c:246 0x23e618a9 14
4 path.c:31 0x23e616e9 6
4 path.c:31 0x23e619b9 8
4 dynarray.c:112 0x23e619d9 16
4 dynarray.c:113 0x23e61b09 24
4 path.c:254 0x23e61629 24
2 path.c:128 0x23e61629 24
1 dynarray.c:84 0x23e615c9 24
2 dynarray.c:95 0x23e61b09 16
2 path.c:90 0x23e619b9 6
2 path.c:90 0x23e616e9 7
2 path.c:90 0x23e618a9 12
3 dynarray.c:69 0x23e61cf9 0x23e61b09 16 32
1 path.c:143 0x23e619d9 25
2 path.c:178 0x23e61b09 24
1 dynarray.c:84 0x23e61989 24
2 dynarray.c:95 0x23e61659 16
2 path.c:191 0x23e61cc9 25
2 path.c:205 0x23e61b39 6
3 path.c:223 0x23e61cc9 0x23e61cc9 25 6
4 path.c:246 0x23e61cc9 6
4 path.c:31 0x23e61b39 6
4 dynarray.c:112 0x23e61659 16
4 dynarray.c:113 0x23e61989 24
4 path.c:254 0x23e61b09 24
2 path.c:178 0x23e61b09 24
1 dynarray.c:84 0x23e61709 24
2 dynarray.c:95 0x23e61989 16
2 path.c:191 0x23e61cc9 25
2 path.c:205 0x23e61b39 6
2 path.c:205 0x23e61889 7
3 path.c:223 0x23e61cc9 0x23e61cc9 25 13
4 path.c:246 0x23e61cc9 13
4 path.c:31 0x23e61b39 6
4 path.c:31 0x23e61889 7
4 dynarray.c:112 0x23e61989 16
4 dynarray.c:113 0x23e61709 24
4 path.c:254 0x23e61b09 24
2 path.c:178 0x23e61b09 24
1 dynarray.c:84 0x23e61659 24
2 dynarray.c:95 0x23e61709 24
2 path.c:191 0x23e61cc9 25
2 path.c:205 0x23e61889 6
2 path.c:205 0x23e61b39 7
2 path.c:205 0x23e61969 12
3 path.c:223 0x23e61cc9 0x23e61cc9 25 25
4 path.c:246 0x23e61cc9 25
4 path.c:31 0x23e61889 6
4 path.c:31 0x23e61b39 7
4 path.c:31 0x23e61969 12
4 dynarray.c:112 0x23e61709 24
4 dynarray.c:113 0x23e61659 24
4 path.c:254 0x23e61b09 24
4 path.c:246 0x23e619d9 25
4 path.c:31 0x23e619b9 6
4 path.c:31 0x23e616e9 7
4 path.c:31 0x23e618a9 12
4 dynarray.c:112 0x23e61cf9 32
4 dynarray.c:113 0x23e615c9 24
4 path.c:254 0x23e61629 24
2 path.c:128 0x23e61629 24
1 dynarray.c:84 0x23e61989 24
2 dynarray.c:95 0x23e615c9 16
2 path.c:90 0x23e618a9 12
2 path.c:90 0x23e616e9 6
2 path.c:90 0x23e619b9 9
3 dynarray.c:69 0x23e61d39 0x23e615c9 16 32
1 path.c:143 0x23e619d9 27
2 path.c:178 0x23e615c9 24
1 dynarray.c:84 0x23e61b09 24
2 dynarray.c:95 0x23e61659 16
2 path.c:191 0x23e61cc9 27
2 path.c:205 0x23e61969 12
3 path.c:223 0x23e61cc9 0x23e61cc9 27 12
4 path.c:246 0x23e61cc9 12
4 path.c:31 0x23e61969 12
4 dynarray.c:112 0x23e61659 16
4 dynarray.c:113 0x23e61b09 24
4 path.c:254 0x23e615c9 24
4 path.c:246 0x23e619d9 27
4 path.c:31 0x23e618a9 12
4 path.c:31 0x23e616e9 6
4 path.c:31 0x23e619b9 9
4 dynarray.c:112 0x23e61d39 32
4 dynarray.c:113 0x23e61989 24
4 path.c:254 0x23e61629 24
2 path.c:128 0x23e61629 24
1 dynarray.c:84 0x23e61709 24
2 dynarray.c:95 0x23e61989 16
2 path.c:90 0x23e619b9 6
2 path.c:90 0x23e616e9 8
1 path.c:143 0x23e616c9 14
2 path.c:178 0x23e615c9 24
1 dynarray.c:84 0x23e619d9 24
2 dynarray.c:95 0x23e61b09 16
2 path.c:191 0x23e618a9 14
2 path.c:205 0x23e61b39 6
3 path.c:223 0x23e618a9 0x23e618a9 14 6
4 path.c:246 0x23e618a9 6
4 path.c:31 0x23e61b39 6
4 dynarray.c:112 0x23e61b09 16
4 dynarray.c:113 0x23e619d9 24
4 path.c:254 0x23e615c9 24
2 path.c:178 0x23e615c9 24
1 dynarray.c:84 0x23e61659 24
2 dynarray.c:95 0x23e619d9 16
2 path.c:191 0x23e61b39 14
2 path.c:205 0x23e618a9 6
2 path.c:205 0x23e61889 8
3 path.c:223 0x23e61b39 0x23e61b39 14 14
4 path.c:246 0x23e61b39 14
4 path.c:31 0x23e618a9 6
4 path.c:31 0x23e61889 8
4 dynarray.c:112 0x23e619d9 16
4 dynarray.c:113 0x23e61659 24
4 path.c:254 0x23e615c9 24
2 path.c:178 0x23e615c9 24
1 dynarray.c:84 0x23e61b09 24
2 dynarray.c:95 0x23e61659 16
2 path.c:191 0x23e61889 14
2 path.c:205 0x23e618a9 6
2 path.c:205 0x23e61b39 8
3 path.c:223 0x23e61889 0x23e61889 14 14
1 bdtBad4.c:143 0x23e61d39 32
2 path.c:178 0x23e61cc9 24
1 dynarray.c:84 0x23e619d9 24
2 dynarray.c:95 0x23e61d79 16
2 path.c:191 0x23e61da9 14
2 path.c:205 0x23e61dc9 6
2 path.c:205 0x23e61de9 8
3 path.c:223 0x23e61da9 0x23e61da9 14 14
4 path.c:246 0x23e61889 14
4 path.c:31 0x23e618a9 6
4 path.c:31 0x23e61b39 8
4 dynarray.c:112 0x23e61659 16
4 dynarray.c:113 0x23e61b09 24
4 path.c:254 0x23e615c9 24
4 path.c:246 0x23e616c9 14
4 path.c:31 0x23e619b9 6
4 path.c:31 0x23e616e9 8
4 dynarray.c:112 0x23e61989 16
4 dynarray.c:113 0x23e61709 24
4 path.c:254 0x23e61629 24
2 path.c:128 0x23e61629 24
1 dynarray.c:84 0x23e61659 24
2 dynarray.c:95 0x23e61709 16
2 path.c:90 0x23e616e9 6
2 path.c:90 0x23e619b9 7
1 path.c:143 0x23e61969 13
2 path.c:178 0x23e615c9 24
1 dynarray.c:84 0x23e61989 24
2 dynarray.c:95 0x23e61b09 16
2 path.c:191 0x23e616c9 13
2 path.c:205 0x23e618a9 6
3 path.c:223 0x23e616c9 0x23e616c9 13 6
4 path.c:246 0x23e616c9 6
4 path.c:31 0x23e618a9 6
4 dynarray.c:112 0x23e61b09 16
4 dynarray.c:113 0x23e61989 24
4 path.c:254 0x23e615c9 24
2 path.c:178 0x23e615c9 24
1 dynarray.c:84 0x23e61b09 24
2 dynarray.c:95 0x23e61989 16
2 path.c:191 0x23e618a9 13
2 path.c:205 0x23e616c9 6
2 path.c:205 0x23e61889 7
3 path.c:223 0x23e618a9 0x23e618a9 13 13
4 path.c:246 0x23e618a9 13
4 path.c:31 0x23e616c9 6
4 path.c:31 0x23e61889 7
4 dynarray.c:112 0x23e61989 16
4 dynarray.c:113 0x23e61b09 24
4 path.c:254 0x23e615c9 24
2 path.c:178 0x23e615c9 24
1 dynarray.c:84 0x23e61989 24
2 dynarray.c:95 0x23e61b09 16
2 path.c:191 0x23e61889 13
2 path.c:205 0x23e616c9 6
2 path.c:205 0x23e618a9 7
3 path.c:223 0x23e61889 0x23e61889 13 13
1 bdtBad4.c:143 0x23e61cf9 32
2 path.c:178 0x23e61e09 24
1 dynarray.c:84 0x23e61939 24
2 dynarray.c:95 0x23e61e39 16
2 path.c:191 0x23e61e69 13
2 path.c:205 0x23e61e89 6
2 path.c:205 0x23e61ea9 7
3 path.c:223 0x23e61e69 0x23e61e69 13 13
4 path.c:246 0x23e61e69 13
4 path.c:31 0x23e61e89 6
4 path.c:31 0x23e61ea9 7
4 dynarray.c:112 0x23e61e39 16
4 dynarray.c:113 0x23e61939 24
4 path.c:254 0x23e61e09 24
4 bdtBad4.c:193 0x23e61cf9 32
4 path.c:246 0x23e61969 13
4 path.c:31 0x23e616e9 6
4 path.c:31 0x23e619b9 7
4 dynarray.c:112 0x23e61709 16
4 dynarray.c:113 0x23e61659 24
4 path.c:254 0x23e61629 24
4 path.c:246 0x23e61889 13
4 path.c:31 0x23e616c9 6
4 path.c:31 0x23e618a9 7
4 dynarray.c:112 0x23e61b09 16
4 dynarray.c:113 0x23e61989 24
4 path.c:254 0x23e615c9 24
2 path.c:128 0x23e615c9 24
1 dynarray.c:84 0x23e61939 24
2 dynarray.c:95 0x23e61989 16
2 path.c:90 0x23e618a9 6
2 path.c:90 0x23e616c9 4
2 path.c:90 0x23e61889 5
3 dynarray.c:69 0x23e61ec9 0x23e61989 16 32
2 path.c:90 0x23e619b9 7
1 path.c:143 0x23e61b09 22
2 path.c:178 0x23e61989 24
1 dynarray.c:84 0x23e61629 24
2 dynarray.c:95 0x23e61659 16
2 path.c:191 0x23e61e09 22
2 path.c:205 0x23e616e9 6
3 path.c:223 0x23e61e09 0x23e61e09 22 6
4 path.c:246 0x23e61e09 6
4 path.c:31 0x23e616e9 6
4 dynarray.c:112 0x23e61659 16
4 dynarray.c:113 0x23e61629 24
4 path.c:254 0x23e61989 24
2 path.c:178 0x23e61989 24
1 dynarray.c:84 0x23e61709 24
2 dynarray.c:95 0x23e61629 16
2 path.c:191 0x23e61e09 22
2 path.c:205 0x23e616e9 6
2 path.c:205 0x23e61969 4
3 path.c:223 0x23e61e09 0x23e61e09 22 10
4 path.c:246 0x23e61e09 10
4 path.c:31 0x23e616e9 6
4 path.c:31 0x23e61969 4
4 dynarray.c:112 0x23e61629 16
4 dynarray.c:113 0x23e61709 24
4 path.c:254 0x23e61989 24
2 path.c:178 0x23e61989 24
1 dynarray.c:84 0x23e61659 24
2 dynarray.c:95 0x23e61709 16
2 path.c:191 0x23e61e09 22
2 path.c:205 0x23e61969 6
2 path.c:205 0x23e616e9 4
3 path.c:223 0x23e61e09 0x23e61e09 22 10
1 bdtBad4.c:143 0x23e61cf9 32
2 path.c:178 0x23e61f09 24
1 dynarray.c:84 0x23e61629 24
2 dynarray.c:95 0x23e61f39 16
2 path.c:191 0x23e61ea9 10
2 path.c:205 0x23e61e89 6
2 path.c:205 0x23e61e69 4
3 path.c:223 0x23e61ea9 0x23e61ea9 10 10
4 path.c:246 0x23e61ea9 10
4 path.c:31 0x23e61e89 6
4 path.c:31 0x23e61e69 4
4 dynarray.c:112 0x23e61f39 16
4 dynarray.c:113 0x23e61629 24
4 path.c:254 0x23e61f09 24
4 bdtBad4.c:193 0x23e61cf9 32
4 path.c:246 0x23e61b09 22
4 path.c:31 0x23e618a9 6
4 path.c:31 0x23e616c9 4
4 path.c:31 0x23e61889 5
4 path.c:31 0x23e619b9 7
4 dynarray.c:112 0x23e61ec9 32
4 dynarray.c:113 0x23e61939 24
4 path.c:254 0x23e615c9 24
4 path.c:246 0x23e61e09 10
4 path.c:31 0x23e61969 6
4 path.c:31 0x23e616e9 4
4 dynarray.c:112 0x23e61709 16
4 dynarray.c:113 0x23e61659 24
4 path.c:254 0x23e61989 24
2 path.c:128 0x23e61989 24
1 dynarray.c:84 0x23e61f39 24
2 dynarray.c:95 0x23e61659 16
2 path.c:90 0x23e616e9 6
1 path.c:143 0x23e61b39 6
2 path.c:178 0x23e61e09 24
1 dynarray.c:84 0x23e61709 24
2 dynarray.c:95 0x23e615c9 16
2 path.c:191 0x23e61969 6
2 path.c:205 0x23e61889 6
3 path.c:223 0x23e61969 0x23e61969 6 6
4 path.c:246 0x23e61969 6
4 path.c:31 0x23e61889 6
4 dynarray.c:112 0x23e615c9 16
4 dynarray.c:113 0x23e61709 24
4 path.c:254 0x23e61e09 24
4 path.c:246 0x23e61b39 6
4 path.c:31 0x23e616e9 6
4 dynarray.c:112 0x23e61659 16
4 dynarray.c:113 0x23e61f39 24
4 path.c:254 0x23e61989 24
2 path.c:128 0x23e61989 24
1 dynarray.c:84 0x23e61939 24
2 dynarray.c:95 0x23e61f39 16
2 path.c:90 0x23e616e9 6
2 path.c:90 0x23e61b39 7
1 path.c:143 0x23e619b9 13
2 path.c:178 0x23e61e09 24
1 dynarray.c:84 0x23e61659 24
2 dynarray.c:95 0x23e61709 16
2 path.c:191 0x23e61889 13
2 path.c:205 0x23e616c9 6
3 path.c:223 0x23e61889 0x23e61889 13 6
4 path.c:246 0x23e61889 6
4 path.c:31 0x23e616c9 6
4 dynarray.c:112 0x23e61709 16
4 dynarray.c:113 0x23e61659 24
4 path.c:254 0x23e61e09 24
2 path.c:178 0x23e61e09 24
1 dynarray.c:84 0x23e615c9 24
2 dynarray.c:95 0x23e61659 16
2 path.c:191 0x23e616c9 13
2 path.c:205 0x23e61889 6
2 path.c:205 0x23e618a9 7
3 path.c:223 0x23e616c9 0x23e616c9 13 13
4 path.c:246 0x23e616c9 13
4 path.c:31 0x23e61889 6
4 path.c:31 0x23e618a9 7
4 dynarray.c:112 0x23e61659 16
4 dynarray.c:113 0x23e615c9 24
4 path.c:254 0x23e61e09 24
4 path.c:246 0x23e619b9 13
4 path.c:31 0x23e616e9 6
4 path.c:31 0x23e61b39 7
4 dynarray.c:112 0x23e61f39 16
4 dynarray.c:113 0x23e61939 24
4 path.c:254 0x23e61989 24
2 path.c:128 0x23e61989 24
1 dynarray.c:84 0x23e61709 24
2 dynarray.c:95 0x23e61939 16
2 path.c:90 0x23e61b39 6
2 path.c:90 0x23e616e9 8
1 path.c:143 0x23e61969 14
2 path.c:178 0x23e61e09 24
1 dynarray.c:84 0x23e61f39 24
2 dynarray.c:95 0x23e615c9 16
2 path.c:191 0x23e619b9 14
2 path.c:205 0x23e61889 6
3 path.c:223 0x23e619b9 0x23e619b9 14 6
4 path.c:246 0x23e619b9 6
4 path.c:31 0x23e61889 6
4 dynarray.c:112 0x23e615c9 16
4 dynarray.c:113 0x23e61f39 24
4 path.c:254 0x23e61e09 24
2 path.c:178 0x23e61e09 24
1 dynarray.c:84 0x23e61659 24
2 dynarray.c:95 0x23e61f39 16
2 path.c:191 0x23e61889 14
2 path.c:205 0x23e619b9 6
2 path.c:205 0x23e616c9 8
3 path.c:223 0x23e61889 0x23e61889 14 14
4 path.c:246 0x23e61889 14
4 path.c:31 0x23e619b9 6
4 path.c:31 0x23e616c9 8
4 dynarray.c:112 0x23e61f39 16
4 dynarray.c:113 0x23e61659 24
4 path.c:254 0x23e61e09 24
4 path.c:246 0x23e61969 14
4 path.c:31 0x23e61b39 6
4 path.c:31 0x23e616e9 8
4 dynarray.c:112 0x23e61939 16
4 dynarray.c:113 0x23e61709 24
4 path.c:254 0x23e61989 24
2 path.c:128 0x23e61989 24
1 dynarray.c:84 0x23e615c9 24
2 dynarray.c:95 0x23e61709 16
2 path.c:90 0x23e616e9 6
2 path.c:90 0x23e61b39 7
1 path.c:143 0x23e618a9 13
2 path.c:178 0x23e61e09 24
1 dynarray.c:84 0x23e61939 24
2 dynarray.c:95 0x23e61659 16
2 path.c:191 0x23e61969 13
2 path.c:205 0x23e619b9 6
3 path.c:223 0x23e61969 0x23e61969 13 6
4 path.c:246 0x23e61969 6
4 path.c:31 0x23e619b9 6
4 dynarray.c:112 0x23e61659 16
4 dynarray.c:113 0x23e61939 24
4 path.c:254 0x23e61e09 24
2 path.c:178 0x23e61e09 24
1 dynarray.c:84 0x23e61f39 24
2 dynarray.c:95 0x23e61939 16
2 path.c:191 0x23e619b9 13
2 path.c:205 0x23e61969 6
2 path.c:205 0x23e61889 7
3 path.c:223 0x23e619b9 0x23e619b9 13 13
4 path.c:246 0x23e619b9 13
4 path.c:31 0x23e61969 6
4 path.c:31 0x23e61889 7
4 dynarray.c:112 0x23e61939 16
4 dynarray.c:113 0x23e61f39 24
4 path.c:254 0x23e61e09 24
4 path.c:246 0x23e618a9 13
4 path.c:31 0x23e616e9 6
4 path.c:31 0x23e61b39 7
4 dynarray.c:112 0x23e61709 16
4 dynarray.c:113 0x23e615c9 24
4 path.c:254 0x23e61989 24
2 path.c:128 0x23e61989 24
1 dynarray.c:84 0x23e61659 24
2 dynarray.c:95 0x23e615c9 16
2 path.c:90 0x23e61b39 6
2 path.c:90 0x23e616e9 4
1 path.c:143 0x23e616c9 10
2 path.c:178 0x23e61e09 24
1 dynarray.c:84 0x23e61709 24
2 dynarray.c:95 0x23e61f39 16
2 path.c:191 0x23e618a9 10
2 path.c:205 0x23e61969 6
3 path.c:223 0x23e618a9 0x23e618a9 10 6
4 path.c:246 0x23e618a9 6
4 path.c:31 0x23e61969 6
4 dynarray.c:112 0x23e61f39 16
4 dynarray.c:113 0x23e61709 24
4 path.c:254 0x23e61e09 24
2 path.c:178 0x23e61e09 24
1 dynarray.c:84 0x23e61939 24
2 dynarray.c:95 0x23e61709 16
2 path.c:191 0x23e61969 10
2 path.c:205 0x23e618a9 6
2 path.c:205 0x23e619b9 4
3 path.c:223 0x23e61969 0x23e61969 10 10
4 path.c:246 0x23e61969 10
4 path.c:31 0x23e618a9 6
4 path.c:31 0x23e619b9 4
4 dynarray.c:112 0x23e61709 16
4 dynarray.c:113 0x23e61939 24
4 path.c:254 0x23e61e09 24
4 path.c:246 0x23e616c9 10
4 path.c:31 0x23e61b39 6
4 path.c:31 0x23e616e9 4
4 dynarray.c:112 0x23e615c9 16
4 dynarray.c:113 0x23e61659 24
4 path.c:254 0x23e61989 24
2 path.c:128 0x23e61989 24
1 dynarray.c:84 0x23e61f39 24
2 dynarray.c:95 0x23e61659 16
2 path.c:90 0x23e616e9 6
2 path.c:90 0x23e61b39 4
2 path.c:90 0x23e616c9 5
3 dynarray.c:69 0x23e61f69 0x23e61659 16 32
1 path.c:143 0x23e615c9 15
2 path.c:178 0x23e61659 24
1 dynarray.c:84 0x23e61e09 24
2 dynarray.c:95 0x23e61939 16
2 path.c:191 0x23e61b09 15
2 path.c:205 0x23e619b9 6
3 path.c:223 0x23e61b09 0x23e61b09 15 6
4 path.c:246 0x23e61b09 6
4 path.c:31 0x23e619b9 6
4 dynarray.c:112 0x23e61939 16
4 dynarray.c:113 0x23e61e09 24
4 path.c:254 0x23e61659 24
2 path.c:178 0x23e61659 24
1 dynarray.c:84 0x23e61709 24
2 dynarray.c:95 0x23e61e09 16
2 path.c:191 0x23e61b09 15
2 path.c:205 0x23e619b9 6
2 path.c:205 0x23e618a9 4
3 path.c:223 0x23e61b09 0x23e61b09 15 10
4 path.c:246 0x23e61b09 10
4 path.c:31 0x23e619b9 6
4 path.c:31 0x23e618a9 4
4 dynarray.c:112 0x23e61e09 16
4 dynarray.c:113 0x23e61709 24
4 path.c:254 0x23e61659 24
4 path.c:246 0x23e615c9 15
4 path.c:31 0x23e616e9 6
4 path.c:31 0x23e61b39 4
4 path.c:31 0x23e616c9 5
4 dynarray.c:112 0x23e61f69 32
4 dynarray.c:113 0x23e61f39 24
4 path.c:254 0x23e61989 24
2 path.c:128 0x23e61989 24
1 dynarray.c:84 0x23e61939 24
2 dynarray.c:95 0x23e61f39 16
2 path.c:90 0x23e616c9 6
2 path.c:90 0x23e61b39 4
2 path.c:90 0x23e616e9 5
3 dynarray.c:69 0x23e61fa9 0x23e61f39 16 32
2 path.c:90 0x23e618a9 7
1 path.c:143 0x23e615c9 22
2 path.c:178 0x23e61f39 24
1 dynarray.c:84 0x23e61659 24
2 dynarray.c:95 0x23e61709 16
2 path.c:191 0x23e61b09 22
2 path.c:205 0x23e619b9 6
3 path.c:223 0x23e61b09 0x23e61b09 22 6
4 path.c:246 0x23e61b09 6
4 path.c:31 0x23e619b9 6
4 dynarray.c:112 0x23e61709 16
4 dynarray.c:113 0x23e61659 24
4 path.c:254 0x23e61f39 24
2 path.c:178 0x23e61f39 24
1 dynarray.c:84 0x23e61e09 24
2 dynarray.c:95 0x23e61659 16
2 path.c:191 0x23e61b09 22
2 path.c:205 0x23e619b9 6
2 path.c:205 0x23e61969 4
3 path.c:223 0x23e61b09 0x23e61b09 22 10
4 path.c:246 0x23e61b09 10
4 path.c:31 0x23e619b9 6
4 path.c:31 0x23e61969 4
4 dynarray.c:112 0x23e61659 16
4 dynarray.c:113 0x23e61e09 24
4 path.c:254 0x23e61f39 24
4 path.c:246 0x23e615c9 22
4 path.c:31 0x23e616c9 6
4 path.c:31 0x23e61b39 4
4 path.c:31 0x23e616e9 5
4 path.c:31 0x23e618a9 7
4 dynarray.c:112 0x23e61fa9 32
4 dynarray.c:113 0x23e61939 24
4 path.c:254 0x23e61989 24
1 dynarray.c:84 0x23e61709 24
2 dynarray.c:95 0x23e61fe9 32
1 bdtBad4.c:663 0x23e62029 55
4 dynarray.c:112 0x23e61fe9 32
4 dynarray.c:113 0x23e61709 24
6 bdt_client.c:82 0x23e62029
4 bdt_client.c:82 0x23e62029 55
2 path.c:128 0x23e61989 24
1 dynarray.c:84 0x23e61709 24
2 dynarray.c:95 0x23e61939 16
2 path.c:90 0x23e618a9 6
2 path.c:90 0x23e616e9 7
2 path.c:90 0x23e61b39 12
3 dynarray.c:69 0x23e62079 0x23e61939 16 32
1 path.c:143 0x23e615c9 25
2 path.c:178 0x23e61939 24
1 dynarray.c:84 0x23e61f39 24
2 dynarray.c:95 0x23e61e09 16
2 path.c:191 0x23e61b09 25
2 path.c:205 0x23e616c9 6
3 path.c:223 0x23e61b09 0x23e61b09 25 6
4 path.c:246 0x23e61b09 6
4 path.c:31 0x23e616c9 6
4 dynarray.c:112 0x23e61e09 16
4 dynarray.c:113 0x23e61f39 24
4 path.c:254 0x23e61939 24
2 path.c:178 0x23e61939 24
1 dynarray.c:84 0x23e61659 24
2 dynarray.c:95 0x23e61f39 16
2 path.c:191 0x23e61b09 25
2 path.c:205 0x23e616c9 6
2 path.c:205 0x23e61969 7
3 path.c:223 0x23e61b09 0x23e61b09 25 13
4 path.c:246 0x23e61b09 13
4 path.c:31 0x23e616c9 6
4 path.c:31 0x23e61969 7
4 dynarray.c:112 0x23e61f39 16
4 dynarray.c:113 0x23e61659 24
4 path.c:254 0x23e61939 24
2 path.c:178 0x23e61939 24
1 dynarray.c:84 0x23e61e09 24
2 dynarray.c:95 0x23e61659 24
2 path.c:191 0x23e61b09 25
2 path.c:205 0x23e61969 6
2 path.c:205 0x23e616c9 7
2 path.c:205 0x23e619b9 12
3 path.c:223 0x23e61b09 0x23e61b09 25 25
4 path.c:246 0x23e61b09 25
4 path.c:31 0x23e61969 6
4 path.c:31 0x23e616c9 7
4 path.c:31 0x23e619b9 12
4 dynarray.c:112 0x23e61659 24
4 dynarray.c:113 0x23e61e09 24
4 path.c:254 0x23e61939 24
4 path.c:246 0x23e615c9 25
4 path.c:31 0x23e618a9 6
4 path.c:31 0x23e616e9 7
4 path.c:31 0x23e61b39 12
4 dynarray.c:112 0x23e62079 32
4 dynarray.c:113 0x23e61709 24
4 path.c:254 0x23e61989 24
2 path.c:128 0x23e61989 24
1 dynarray.c:84 0x23e61f39 24
2 dynarray.c:95 0x23e61709 16
2 path.c:90 0x23e61b39 6
2 path.c:90 0x23e616e9 8
2 path.c:90 0x23e618a9 12
3 dynarray.c:69 0x23e62079 0x23e61709 16 32
1 path.c:143 0x23e615c9 26
2 path.c:178 0x23e61709 24
1 dynarray.c:84 0x23e61939 24
2 dynarray.c:95 0x23e61e09 16
2 path.c:191 0x23e61b09 26
2 path.c:205 0x23e619b9 6
3 path.c:223 0x23e61b09 0x23e61b09 26 6
4 path.c:246 0x23e61b09 6
4 path.c:31 0x23e619b9 6
4 dynarray.c:112 0x23e61e09 16
4 dynarray.c:113 0x23e61939 24
4 path.c:254 0x23e61709 24
2 path.c:178 0x23e61709 24
1 dynarray.c:84 0x23e61659 24
2 dynarray.c:95 0x23e61939 16
2 path.c:191 0x23e61b09 26
2 path.c:205 0x23e619b9 6
2 path.c:205 0x23e616c9 8
3 path.c:223 0x23e61b09 0x23e61b09 26 14
4 path.c:246 0x23e61b09 14
4 path.c:31 0x23e619b9 6
4 path.c:31 0x23e616c9 8
4 dynarray.c:112 0x23e61939 16
4 dynarray.c:113 0x23e61659 24
4 path.c:254 0x23e61709 24
2 path.c:178 0x23e61709 24
1 dynarray.c:84 0x23e61e09 24
2 dynarray.c:95 0x23e61659 24
2 path.c:191 0x23e61b09 26
2 path.c:205 0x23e616c9 6
2 path.c:205 0x23e619b9 8
2 path.c:205 0x23e61969 12
3 path.c:223 0x23e61b09 0x23e61b09 26 26
4 path.c:246 0x23e61b09 26
4 path.c:31 0x23e616c9 6
4 path.c:31 0x23e619b9 8
4 path.c:31 0x23e61969 12
4 dynarray.c:112 0x23e61659 24
4 dynarray.c:113 0x23e61e09 24
4 path.c:254 0x23e61709 24
4 path.c:246 0x23e615c9 26
4 path.c:31 0x23e61b39 6
4 path.c:31 0x23e616e9 8
4 path.c:31 0x23e618a9 12
4 dynarray.c:112 0x23e62079 32
4 dynarray.c:113 0x23e61f39 24
4 path.c:254 0x23e61989 24
2 path.c:128 0x23e61989 24
1 dynarray.c:84 0x23e61939 24
2 dynarray.c:95 0x23e61f39 16
2 path.c:90 0x23e618a9 6
2 path.c:90 0x23e616e9 8
2 path.c:90 0x23e61b39 12
3 dynarray.c:69 0x23e62079 0x23e61f39 16 32
1 path.c:143 0x23e615c9 26
2 path.c:178 0x23e61f39 24
1 dynarray.c:84 0x23e61709 24
2 dynarray.c:95 0x23e61e09 16
2 path.c:191 0x23e61b09 26
2 path.c:205 0x23e61969 6
3 path.c:223 0x23e61b09 0x23e61b09 26 6
4 path.c:246 0x23e61b09 6
4 path.c:31 0x23e61969 6
4 dynarray.c:112 0x23e61e09 16
4 dynarray.c:113 0x23e61709 24
4 path.c:254 0x23e61f39 24
2 path.c:178 0x23e61f39 24
1 dynarray.c:84 0x23e61659 24
2 dynarray.c:95 0x23e61709 16
2 path.c:191 0x23e61b09 26
2 path.c:205 0x23e61969 6
2 path.c:205 0x23e619b9 8
3 path.c:223 0x23e61b09 0x23e61b09 26 14
4 path.c:246 0x23e61b09 14
4 path.c:31 0x23e61969 6
4 path.c:31 0x23e619b9 8
4 dynarray.c:112 0x23e61709 16
4 dynarray.c:113 0x23e61659 24
4 path.c:254 0x23e61f39 24
2 path.c:178 0x23e61f39 24
1 dynarray.c:84 0x23e61e09 24
2 dynarray.c:95 0x23e61659 24
2 path.c:191 0x23e61b09 26
2 path.c:205 0x23e619b9 6
2 path.c:205 0x23e61969 8
2 path.c:205 0x23e616c9 12
3 path.c:223 0x23e61b09 0x23e61b09 26 26
4 path.c:246 0x23e61b09 26
4 path.c:31 0x23e619b9 6
4 path.c:31 0x23e61969 8
4 path.c:31 0x23e616c9 12
4 dynarray.c:112 0x23e61659 24
4 dynarray.c:113 0x23e61e09 24
4 path.c:254 0x23e61f39 24
2 path.c:178 0x23e61f39 24
1 dynarray.c:84 0x23e61709 24
2 dynarray.c:95 0x23e61e09 24
2 path.c:191 0x23e61b09 26
2 path.c:205 0x23e616c9 6
2 path.c:205 0x23e61969 8
2 path.c:205 0x23e619b9 12
3 path.c:223 0x23e61b09 0x23e61b09 26 26
1 bdtBad4.c:143 0x23e61fe9 32
2 path.c:178 0x23e61f09 24
1 dynarray.c:84 0x23e61659 24
2 dynarray.c:95 0x23e61629 24
2 path.c:191 0x23e620b9 26
2 path.c:205 0x23e61e69 6
2 path.c:205 0x23e61e89 8
2 path.c:205 0x23e61ea9 12
3 path.c:223 0x23e620b9 0x23e620b9 26 26
4 path.c:246 0x23e61b09 26
4 path.c:31 0x23e616c9 6
4 path.c:31 0x23e61969 8
4 path.c:31 0x23e619b9 12
4 dynarray.c:112 0x23e61e09 24
4 dynarray.c:113 0x23e61709 24
4 path.c:254 0x23e61f39 24
4 path.c:246 0x23e615c9 26
4 path.c:31 0x23e618a9 6
4 path.c:31 0x23e616e9 8
4 path.c:31 0x23e61b39 12
4 dynarray.c:112 0x23e62079 32
4 dynarray.c:113 0x23e61939 24
4 path.c:254 0x23e61989 24
2 path.c:128 0x23e61989 24
1 dynarray.c:84 0x23e61b09 24
2 dynarray.c:95 0x23e61939 16
2 path.c:90 0x23e61b39 6
2 path.c:90 0x23e616e9 7
2 path.c:90 0x23e618a9 12
3 dynarray.c:69 0x23e620e9 0x23e61939 16 32
1 path.c:143 0x23e615c9 25
2 path.c:178 0x23e61939 24
1 dynarray.c:84 0x23e61f39 24
2 dynarray.c:95 0x23e61709 16
2 path.c:191 0x23e62129 25
2 path.c:205 0x23e619b9 6
3 path.c:223 0x23e62129 0x23e62129 25 6
4 path.c:246 0x23e62129 6
4 path.c:31 0x23e619b9 6
4 dynarray.c:112 0x23e61709 16
4 dynarray.c:113 0x23e61f39 24
4 path.c:254 0x23e61939 24
2 path.c:178 0x23e61939 24
1 dynarray.c:84 0x23e61e09 24
2 dynarray.c:95 0x23e61f39 16
2 path.c:191 0x23e62129 25
2 path.c:205 0x23e619b9 6
2 path.c:205 0x23e61969 7
3 path.c:223 0x23e62129 0x23e62129 25 13
4 path.c:246 0x23e62129 13
4 path.c:31 0x23e619b9 6
4 path.c:31 0x23e61969 7
4 dynarray.c:112 0x23e61f39 16
4 dynarray.c:113 0x23e61e09 24
4 path.c:254 0x23e61939 24
2 path.c:178 0x23e61939 24
1 dynarray.c:84 0x23e61709 24
2 dynarray.c:95 0x23e61e09 24
2 path.c:191 0x23e62129 25
2 path.c:205 0x23e61969 6
2 path.c:205 0x23e619b9 7
2 path.c:205 0x23e616c9 12
3 path.c:223 0x23e62129 0x23e62129 25 25
4 path.c:246 0x23e62129 25
4 path.c:31 0x23e61969 6
4 path.c:31 0x23e619b9 7
4 path.c:31 0x23e616c9 12
4 dynarray.c:112 0x23e61e09 24
4 dynarray.c:113 0x23e61709 24
4 path.c:254 0x23e61939 24
4 path.c:246 0x23e615c9 25
4 path.c:31 0x23e61b39 6
4 path.c:31 0x23e616e9 7
4 path.c:31 0x23e618a9 12
4 dynarray.c:112 0x23e620e9 32
4 dynarray.c:113 0x23e61b09 24
4 path.c:254 0x23e61989 24
2 path.c:128 0x23e61989 24
1 dynarray.c:84 0x23e61f39 24
2 dynarray.c:95 0x23e61b09 16
2 path.c:90 0x23e618a9 6
2 path.c:90 0x23e616e9 8
2 path.c:90 0x23e61b39 12
3 dynarray.c:69 0x23e620e9 0x23e61b09 16 32
1 path.c:143 0x23e615c9 26
2 path.c:178 0x23e61b09 24
1 dynarray.c:84 0x23e61939 24
2 dynarray.c:95 0x23e61709 16
2 path.c:191 0x23e62129 26
2 path.c:205 0x23e616c9 6
3 path.c:223 0x23e62129 0x23e62129 26 6
4 path.c:246 0x23e62129 6
4 path.c:31 0x23e616c9 6
4 dynarray.c:112 0x23e61709 16
4 dynarray.c:113 0x23e61939 24
4 path.c:254 0x23e61b09 24
2 path.c:178 0x23e61b09 24
1 dynarray.c:84 0x23e61e09 24
2 dynarray.c:95 0x23e61939 16
2 path.c:191 0x23e62129 26
2 path.c:205 0x23e616c9 6
2 path.c:205 0x23e619b9 8
3 path.c:223 0x23e62129 0x23e62129 26 14
4 path.c:246 0x23e62129 14
4 path.c:31 0x23e616c9 6
4 path.c:31 0x23e619b9 8
4 dynarray.c:112 0x23e61939 16
4 dynarray.c:113 0x23e61e09 24
4 path.c:254 0x23e61b09 24
2 path.c:178 0x23e61b09 24
1 dynarray.c:84 0x23e61709 24
2 dynarray.c:95 0x23e61e09 24
2 path.c:191 0x23e62129 26
2 path.c:205 0x23e619b9 6
2 path.c:205 0x23e616c9 8
2 path.c:205 0x23e61969 12
3 path.c:223 0x23e62129 0x23e62129 26 26
4 path.c:246 0x23e62129 26
4 path.c:31 0x23e619b9 6
4 path.c:31 0x23e616c9 8
4 path.c:31 0x23e61969 12
4 dynarray.c:112 0x23e61e09 24
4 dynarray.c:113 0x23e61709 24
4 path.c:254 0x23e61b09 24
4 path.c:246 0x23e615c9 26
4 path.c:31 0x23e618a9 6
4 path.c:31 0x23e616e9 8
4 path.c:31 0x23e61b39 12
4 dynarray.c:112 0x23e620e9 32
4 dynarray.c:113 0x23e61f39 24
4 path.c:254 0x23e61989 24
2 path.c:128 0x23e61989 24
1 dynarray.c:84 0x23e61939 24
2 dynarray.c:95 0x23e61f39 16
2 path.c:90 0x23e61b39 6
2 path.c:90 0x23e616e9 8
2 path.c:90 0x23e618a9 12
3 dynarray.c:69 0x23e620e9 0x23e61f39 16 32
1 path.c:143 0x23e615c9 26
2 path.c:178 0x23e61f39 24
1 dynarray.c:84 0x23e61b09 24
2 dynarray.c:95 0x23e61709 16
2 path.c:191 0x23e62129 26
2 path.c:205 0x23e61969 6
3 path.c:223 0x23e62129 0x23e62129 26 6
4 path.c:246 0x23e62129 6
4 path.c:31 0x23e61969 6
4 dynarray.c:112 0x23e61709 16
4 dynarray.c:113 0x23e61b09 24
4 path.c:254 0x23e61f39 24
2 path.c:178 0x23e61f39 24
1 dynarray.c:84 0x23e61e09 24
2 dynarray.c:95 0x23e61b09 16
2 path.c:191 0x23e62129 26
2 path.c:205 0x23e61969 6
2 path.c:205 0x23e616c9 8
3 path.c:223 0x23e62129 0x23e62129 26 14
4 path.c:246 0x23e62129 14
4 path.c:31 0x23e61969 6
4 path.c:31 0x23e616c9 8
4 dynarray.c:112 0x23e61b09 16
4 dynarray.c:113 0x23e61e09 24
4 path.c:254 0x23e61f39 24
2 path.c:178 0x23e61f39 24
1 dynarray.c:84 0x23e61709 24
2 dynarray.c:95 0x23e61e09 24
2 path.c:191 0x23e62129 26
2 path.c:205 0x23e616c9 6
2 path.c:205 0x23e61969 8
2 path.c:205 0x23e619b9 12
3 path.c:223 0x23e62129 0x23e62129 26 26
4 path.c:246 0x23e62129 26
4 path.c:31 0x23e616c9 6
4 path.c:31 0x23e61969 8
4 path.c:31 0x23e619b9 12
4 dynarray.c:112 0x23e61e09 24
4 dynarray.c:113 0x23e61709 24
4 path.c:254 0x23e61f39 24
4 path.c:246 0x23e615c9 26
4 path.c:31 0x23e61b39 6
4 path.c:31 0x23e616e9 8
4 path.c:31 0x23e618a9 12
4 dynarray.c:112 0x23e620e9 32
4 dynarray.c:113 0x23e61939 24
4 path.c:254 0x23e61989 24
2 path.c:128 0x23e61989 24
1 dynarray.c:84 0x23e61b09 24
2 dynarray.c:95 0x23e61939 16
2 path.c:90 0x23e618a9 6
2 path.c:90 0x23e616e9 8
2 path.c:90 0x23e61b39 12
3 dynarray.c:69 0x23e620e9 0x23e61939 16 32
2 path.c:90 0x23e619b9 6
1 path.c:143 0x23e62079 32
2 path.c:178 0x23e61939 24
1 dynarray.c:84 0x23e615c9 24
2 dynarray.c:95 0x23e61f39 16
2 path.c:191 0x23e62159 32
2 path.c:205 0x23e61969 6
3 path.c:223 0x23e62159 0x23e62159 32 6
4 path.c:246 0x23e62159 6
4 path.c:31 0x23e61969 6
4 dynarray.c:112 0x23e61f39 16
4 dynarray.c:113 0x23e615c9 24
4 path.c:254 0x23e61939 24
2 path.c:178 0x23e61939 24
1 dynarray.c:84 0x23e61709 24
2 dynarray.c:95 0x23e615c9 16
2 path.c:191 0x23e62199 32
2 path.c:205 0x23e61969 6
2 path.c:205 0x23e62159 8
3 path.c:223 0x23e62199 0x23e62199 32 14
4 path.c:246 0x23e62199 14
4 path.c:31 0x23e61969 6
4 path.c:31 0x23e62159 8
4 dynarray.c:112 0x23e615c9 16
4 dynarray.c:113 0x23e61709 24
4 path.c:254 0x23e61939 24
2 path.c:178 0x23e61939 24
1 dynarray.c:84 0x23e61f39 24
2 dynarray.c:95 0x23e61709 24
2 path.c:191 0x23e621d9 32
2 path.c:205 0x23e62159 6
2 path.c:205 0x23e61969 8
2 path.c:205 0x23e62199 12
3 path.c:223 0x23e621d9 0x23e621d9 32 26
4 path.c:246 0x23e621d9 26
4 path.c:31 0x23e62159 6
4 path.c:31 0x23e61969 8
4 path.c:31 0x23e62199 12
4 dynarray.c:112 0x23e61709 24
4 dynarray.c:113 0x23e61f39 24
4 path.c:254 0x23e61939 24
2 path.c:178 0x23e61939 24
1 dynarray.c:84 0x23e615c9 24
2 dynarray.c:95 0x23e62219 32
2 path.c:191 0x23e62259 32
2 path.c:205 0x23e62199 6
2 path.c:205 0x23e61969 8
2 path.c:205 0x23e62159 12
2 path.c:205 0x23e621b9 6
3 path.c:223 0x23e62259 0x23e62259 32 32
4 path.c:246 0x23e62259 32
4 path.c:31 0x23e62199 6
4 path.c:31 0x23e61969 8
4 path.c:31 0x23e62159 12
4 path.c:31 0x23e621b9 6
4 dynarray.c:112 0x23e62219 32
4 dynarray.c:113 0x23e615c9 24
4 path.c:254 0x23e61939 24
2 path.c:178 0x23e61939 24
1 dynarray.c:84 0x23e615c9 24
2 dynarray.c:95 0x23e62219 32
2 path.c:191 0x23e62259 32
2 path.c:205 0x23e621b9 6
2 path.c:205 0x23e62159 8
2 path.c:205 0x23e61969 12
2 path.c:205 0x23e62199 6
3 path.c:223 0x23e62259 0x23e62259 32 32
1 bdtBad4.c:143 0x23e621d9 32
2 path.c:178 0x23e61f39 24
1 dynarray.c:84 0x23e61709 24
2 dynarray.c:95 0x23e62299 32
2 path.c:191 0x23e622d9 32
2 path.c:205 0x23e62179 6
2 path.c:205 0x23e616c9 8
2 path.c:205 0x23e62319 12
2 path.c:205 0x23e62339 6
3 path.c:223 0x23e622d9 0x23e622d9 32 32
4 path.c:246 0x23e62259 32
4 path.c:31 0x23e621b9 6
4 path.c:31 0x23e62159 8
4 path.c:31 0x23e61969 12
4 path.c:31 0x23e62199 6
4 dynarray.c:112 0x23e62219 32
4 dynarray.c:113 0x23e615c9 24
4 path.c:254 0x23e61939 24
4 path.c:246 0x23e62079 32
4 path.c:31 0x23e618a9 6
4 path.c:31 0x23e616e9 8
4 path.c:31 0x23e61b39 12
4 path.c:31 0x23e619b9 6
4 dynarray.c:112 0x23e620e9 32
4 dynarray.c:113 0x23e61b09 24
4 path.c:254 0x23e61989 24
2 path.c:128 0x23e61989 24
1 dynarray.c:84 0x23e615c9 24
2 dynarray.c:95 0x23e61b09 16
2 path.c:90 0x23e619b9 6
2 path.c:90 0x23e61b39 8
2 path.c:90 0x23e616e9 12
3 dynarray.c:69 0x23e620e9 0x23e61b09 16 32
2 path.c:90 0x23e618a9 6
1 path.c:143 0x23e62259 32
2 path.c:178 0x23e61b09 24
1 dynarray.c:84 0x23e61939 24
2 dynarray.c:95 0x23e61e09 16
2 path.c:191 0x23e62079 32
2 path.c:205 0x23e62199 6
3 path.c:223 0x23e62079 0x23e62079 32 6
4 path.c:246 0x23e62079 6
4 path.c:31 0x23e62199 6
4 dynarray.c:112 0x23e61e09 16
4 dynarray.c:113 0x23e61939 24
4 path.c:254 0x23e61b09 24
2 path.c:178 0x23e61b09 24
1 dynarray.c:84 0x23e62129 24
2 dynarray.c:95 0x23e61939 16
2 path.c:191 0x23e62359 32
2 path.c:205 0x23e62199 6
2 path.c:205 0x23e62079 8
3 path.c:223 0x23e62359 0x23e62359 32 14
4 path.c:246 0x23e62359 14
4 path.c:31 0x23e62199 6
4 path.c:31 0x23e62079 8
4 dynarray.c:112 0x23e61939 16
4 dynarray.c:113 0x23e62129 24
4 path.c:254 0x23e61b09 24
2 path.c:178 0x23e61b09 24
1 dynarray.c:84 0x23e61e09 24
2 dynarray.c:95 0x23e62129 24
2 path.c:191 0x23e62399 32
2 path.c:205 0x23e62079 6
2 path.c:205 0x23e62199 8
2 path.c:205 0x23e62359 12
3 path.c:223 0x23e62399 0x23e62399 32 26
4 path.c:246 0x23e62399 26
4 path.c:31 0x23e62079 6
4 path.c:31 0x23e62199 8
4 path.c:31 0x23e62359 12
4 dynarray.c:112 0x23e62129 24
4 dynarray.c:113 0x23e61e09 24
4 path.c:254 0x23e61b09 24
2 path.c:178 0x23e61b09 24
1 dynarray.c:84 0x23e61939 24
2 dynarray.c:95 0x23e62399 32
2 path.c:191 0x23e623d9 32
2 path.c:205 0x23e62359 6
2 path.c:205 0x23e62199 8
2 path.c:205 0x23e62079 12
2 path.c:205 0x23e62379 6
3 path.c:223 0x23e623d9 0x23e623d9 32 32
4 path.c:246 0x23e623d9 32
4 path.c:31 0x23e62359 6
4 path.c:31 0x23e62199 8
4 path.c:31 0x23e62079 12
4 path.c:31 0x23e62379 6
4 dynarray.c:112 0x23e62399 32
4 dynarray.c:113 0x23e61939 24
4 path.c:254 0x23e61b09 24
4 path.c:246 0x23e62259 32
4 path.c:31 0x23e619b9 6
4 path.c:31 0x23e61b39 8
4 path.c:31 0x23e616e9 12
4 path.c:31 0x23e618a9 6
4 dynarray.c:112 0x23e620e9 32
4 dynarray.c:113 0x23e615c9 24
4 path.c:254 0x23e61989 24
1 dynarray.c:84 0x23e61939 24
2 dynarray.c:95 0x23e62419 48
1 bdtBad4.c:663 0x23e62469 111
4 dynarray.c:112 0x23e62419 48
4 dynarray.c:113 0x23e61939 24
6 bdt_client.c:96 0x23e62469
4 bdt_client.c:96 0x23e62469 111
2 path.c:128 0x23e61989 24
1 dynarray.c:84 0x23e61939 24
2 dynarray.c:95 0x23e615c9 16
2 path.c:90 0x23e618a9 6
2 path.c:90 0x23e616e9 8
2 path.c:90 0x23e61b39 12
3 dynarray.c:69 0x23e620e9 0x23e615c9 16 32
2 path.c:90 0x23e619b9 6
1 path.c:143 0x23e62219 32
2 path.c:178 0x23e615c9 24
1 dynarray.c:84 0x23e61b09 24
2 dynarray.c:95 0x23e61e09 16
2 path.c:191 0x23e62259 32
2 path.c:205 0x23e62379 6
3 path.c:223 0x23e62259 0x23e62259 32 6
4 path.c:246 0x23e62259 6
4 path.c:31 0x23e62379 6
4 dynarray.c:112 0x23e61e09 16
4 dynarray.c:113 0x23e61b09 24
4 path.c:254 0x23e615c9 24
2 path.c:178 0x23e615c9 24
1 dynarray.c:84 0x23e62129 24
2 dynarray.c:95 0x23e61b09 16
2 path.c:191 0x23e623d9 32
2 path.c:205 0x23e62379 6
2 path.c:205 0x23e62259 8
3 path.c:223 0x23e623d9 0x23e623d9 32 14
4 path.c:246 0x23e623d9 14
4 path.c:31 0x23e62379 6
4 path.c:31 0x23e62259 8
4 dynarray.c:112 0x23e61b09 16
4 dynarray.c:113 0x23e62129 24
4 path.c:254 0x23e615c9 24
2 path.c:178 0x23e615c9 24
1 dynarray.c:84 0x23e61e09 24
2 dynarray.c:95 0x23e62129 24
2 path.c:191 0x23e624f9 32
2 path.c:205 0x23e62259 6
2 path.c:205 0x23e62379 8
2 path.c:205 0x23e623d9 12
3 path.c:223 0x23e624f9 0x23e624f9 32 26
4 path.c:246 0x23e624f9 26
4 path.c:31 0x23e62259 6
4 path.c:31 0x23e62379 8
4 path.c:31 0x23e623d9 12
4 dynarray.c:112 0x23e62129 24
4 dynarray.c:113 0x23e61e09 24
4 path.c:254 0x23e615c9 24
2 path.c:178 0x23e615c9 24
1 dynarray.c:84 0x23e61b09 24
2 dynarray.c:95 0x23e624f9 32
2 path.c:191 0x23e62539 32
2 path.c:205 0x23e623d9 6
2 path.c:205 0x23e62379 8
2 path.c:205 0x23e62259 12
2 path.c:205 0x23e623f9 6
3 path.c:223 0x23e62539 0x23e62539 32 32
4 path.c:246 0x23e62539 32
4 path.c:31 0x23e623d9 6
4 path.c:31 0x23e62379 8
4 path.c:31 0x23e62259 12
4 path.c:31 0x23e623f9 6
4 dynarray.c:112 0x23e624f9 32
4 dynarray.c:113 0x23e61b09 24
4 path.c:254 0x23e615c9 24
4 path.c:246 0x23e62219 32
4 path.c:31 0x23e618a9 6
4 path.c:31 0x23e616e9 8
4 path.c:31 0x23e61b39 12
4 path.c:31 0x23e619b9 6
4 dynarray.c:112 0x23e620e9 32
4 dynarray.c:113 0x23e61939 24
4 path.c:254 0x23e61989 24
2 path.c:128 0x23e61989 24
1 dynarray.c:84 0x23e61b09 24
2 dynarray.c:95 0x23e61939 16
2 path.c:90 0x23e619b9 6
2 path.c:90 0x23e61b39 8
2 path.c:90 0x23e616e9 8
3 dynarray.c:69 0x23e620e9 0x23e61939 16 32
1 path.c:143 0x23e615c9 22
2 path.c:178 0x23e61939 24
1 dynarray.c:84 0x23e61e09 24
2 dynarray.c:95 0x23e62129 16
2 path.c:191 0x23e62579 22
2 path.c:205 0x23e618a9 6
3 path.c:223 0x23e62579 0x23e62579 22 6
4 path.c:246 0x23e62579 6
4 path.c:31 0x23e618a9 6
4 dynarray.c:112 0x23e62129 16
4 dynarray.c:113 0x23e61e09 24
4 path.c:254 0x23e61939 24
2 path.c:178 0x23e61939 24
1 dynarray.c:84 0x23e62579 24
2 dynarray.c:95 0x23e61e09 16
2 path.c:191 0x23e625a9 22
2 path.c:205 0x23e618a9 6
2 path.c:205 0x23e623f9 8
3 path.c:223 0x23e625a9 0x23e625a9 22 14
4 path.c:246 0x23e625a9 14
4 path.c:31 0x23e618a9 6
4 path.c:31 0x23e623f9 8
4 dynarray.c:112 0x23e61e09 16
4 dynarray.c:113 0x23e62579 24
4 path.c:254 0x23e61939 24
2 path.c:178 0x23e61939 24
1 dynarray.c:84 0x23e62129 24
2 dynarray.c:95 0x23e62579 24
2 path.c:191 0x23e625a9 22
2 path.c:205 0x23e623f9 6
2 path.c:205 0x23e618a9 8
2 path.c:205 0x23e62259 8
3 path.c:223 0x23e625a9 0x23e625a9 22 22
4 path.c:246 0x23e625a9 22
4 path.c:31 0x23e623f9 6
4 path.c:31 0x23e618a9 8
4 path.c:31 0x23e62259 8
4 dynarray.c:112 0x23e62579 24
4 dynarray.c:113 0x23e62129 24
4 path.c:254 0x23e61939 24
4 path.c:246 0x23e615c9 22
4 path.c:31 0x23e619b9 6
4 path.c:31 0x23e61b39 8
4 path.c:31 0x23e616e9 8
4 dynarray.c:112 0x23e620e9 32
4 dynarray.c:113 0x23e61b09 24
4 path.c:254 0x23e61989 24
2 path.c:128 0x23e61989 24
1 dynarray.c:84 0x23e61e09 24
2 dynarray.c:95 0x23e61b09 16
2 path.c:90 0x23e616e9 6
2 path.c:90 0x23e61b39 8
2 path.c:90 0x23e619b9 8
3 dynarray.c:69 0x23e620e9 0x23e61b09 16 32
1 path.c:143 0x23e615c9 22
2 path.c:178 0x23e61b09 24
1 dynarray.c:84 0x23e61939 24
2 dynarray.c:95 0x23e62129 16
2 path.c:191 0x23e625a9 22
2 path.c:205 0x23e62259 6
3 path.c:223 0x23e625a9 0x23e625a9 22 6
4 path.c:246 0x23e625a9 6
4 path.c:31 0x23e62259 6
4 dynarray.c:112 0x23e62129 16
4 dynarray.c:113 0x23e61939 24
4 path.c:254 0x23e61b09 24
2 path.c:178 0x23e61b09 24
1 dynarray.c:84 0x23e62579 24
2 dynarray.c:95 0x23e61939 16
2 path.c:191 0x23e625a9 22
2 path.c:205 0x23e62259 6
2 path.c:205 0x23e618a9 8
3 path.c:223 0x23e625a9 0x23e625a9 22 14
4 path.c:246 0x23e625a9 14
4 path.c:31 0x23e62259 6
4 path.c:31 0x23e618a9 8
4 dynarray.c:112 0x23e61939 16
4 dynarray.c:113 0x23e62579 24
4 path.c:254 0x23e61b09 24
2 path.c:178 0x23e61b09 24
1 dynarray.c:84 0x23e62129 24
2 dynarray.c:95 0x23e62579 24
2 path.c:191 0x23e625a9 22
2 path.c:205 0x23e618a9 6
2 path.c:205 0x23e62259 8
2 path.c:205 0x23e623f9 8
3 path.c:223 0x23e625a9 0x23e625a9 22 22
4 path.c:246 0x23e625a9 22
4 path.c:31 0x23e618a9 6
4 path.c:31 0x23e62259 8
4 path.c:31 0x23e623f9 8
4 dynarray.c:112 0x23e62579 24
4 dynarray.c:113 0x23e62129 24
4 path.c:254 0x23e61b09 24
4 path.c:246 0x23e615c9 22
4 path.c:31 0x23e616e9 6
4 path.c:31 0x23e61b39 8
4 path.c:31 0x23e619b9 8
4 dynarray.c:112 0x23e620e9 32
4 dynarray.c:113 0x23e61e09 24
4 path.c:254 0x23e61989 24
2 path.c:128 0x23e61989 24
1 dynarray.c:84 0x23e61939 24
2 dynarray.c:95 0x23e61e09 16
2 path.c:90 0x23e619b9 6
2 path.c:90 0x23e61b39 8
2 path.c:90 0x23e616e9 8
3 dynarray.c:69 0x23e620e9 0x23e61e09 16 32
1 path.c:143 0x23e615c9 22
2 path.c:178 0x23e61e09 24
1 dynarray.c:84 0x23e61b09 24
2 dynarray.c:95 0x23e62129 16
2 path.c:191 0x23e625a9 22
2 path.c:205 0x23e623f9 6
3 path.c:223 0x23e625a9 0x23e625a9 22 6
4 path.c:246 0x23e625a9 6
4 path.c:31 0x23e623f9 6
4 dynarray.c:112 0x23e62129 16
4 dynarray.c:113 0x23e61b09 24
4 path.c:254 0x23e61e09 24
2 path.c:178 0x23e61e09 24
1 dynarray.c:84 0x23e62579 24
2 dynarray.c:95 0x23e61b09 16
2 path.c:191 0x23e625a9 22
2 path.c:205 0x23e623f9 6
2 path.c:205 0x23e62259 8
3 path.c:223 0x23e625a9 0x23e625a9 22 14
4 path.c:246 0x23e625a9 14
4 path.c:31 0x23e623f9 6
4 path.c:31 0x23e62259 8
4 dynarray.c:112 0x23e61b09 16
4 dynarray.c:113 0x23e62579 24
4 path.c:254 0x23e61e09 24
2 path.c:178 0x23e61e09 24
1 dynarray.c:84 0x23e62129 24
2 dynarray.c:95 0x23e62579 24
2 path.c:191 0x23e625a9 22
2 path.c:205 0x23e62259 6
2 path.c:205 0x23e623f9 8
2 path.c:205 0x23e618a9 8
3 path.c:223 0x23e625a9 0x23e625a9 22 22
4 path.c:246 0x23e625a9 22
4 path.c:31 0x23e62259 6
4 path.c:31 0x23e623f9 8
4 path.c:31 0x23e618a9 8
4 dynarray.c:112 0x23e62579 24
4 dynarray.c:113 0x23e62129 24
4 path.c:254 0x23e61e09 24
4 path.c:246 0x23e615c9 22
4 path.c:31 0x23e619b9 6
4 path.c:31 0x23e61b39 8
4 path.c:31 0x23e616e9 8
4 dynarray.c:112 0x23e620e9 32
4 dynarray.c:113 0x23e61939 24
4 path.c:254 0x23e61989 24
2 path.c:128 0x23e61989 24
1 dynarray.c:84 0x23e61b09 24
2 dynarray.c:95 0x23e61939 16
2 path.c:90 0x23e616e9 6
2 path.c:90 0x23e61b39 8
1 path.c:143 0x23e61889 14
2 path.c:178 0x23e61e09 24
1 dynarray.c:84 0x23e615c9 24
2 dynarray.c:95 0x23e62129 16
2 path.c:191 0x23e619b9 14
2 path.c:205 0x23e623f9 6
3 path.c:223 0x23e619b9 0x23e619b9 14 6
4 path.c:246 0x23e619b9 6
4 path.c:31 0x23e623f9 6
4 dynarray.c:112 0x23e62129 16
4 dynarray.c:113 0x23e615c9 24
4 path.c:254 0x23e61e09 24
2 path.c:178 0x23e61e09 24
1 dynarray.c:84 0x23e62579 24
2 dynarray.c:95 0x23e615c9 16
2 path.c:191 0x23e623f9 14
2 path.c:205 0x23e619b9 6
2 path.c:205 0x23e62259 8
3 path.c:223 0x23e623f9 0x23e623f9 14 14
4 path.c:246 0x23e623f9 14
4 path.c:31 0x23e619b9 6
4 path.c:31 0x23e62259 8
4 dynarray.c:112 0x23e615c9 16
4 dynarray.c:113 0x23e62579 24
4 path.c:254 0x23e61e09 24
4 path.c:246 0x23e61889 14
4 path.c:31 0x23e616e9 6
4 path.c:31 0x23e61b39 8
4 dynarray.c:112 0x23e61939 16
4 dynarray.c:113 0x23e61b09 24
4 path.c:254 0x23e61989 24
4 path.c:246 0x23e622d9 32
4 path.c:31 0x23e62179 6
4 path.c:31 0x23e616c9 8
4 path.c:31 0x23e62319 12
4 path.c:31 0x23e62339 6
4 dynarray.c:112 0x23e62299 32
4 dynarray.c:113 0x23e61709 24
4 path.c:254 0x23e61f39 24
4 bdtBad4.c:263 0x23e621d9 32
4 path.c:246 0x23e620b9 26
4 path.c:31 0x23e61e69 6
4 path.c:31 0x23e61e89 8
4 path.c:31 0x23e61ea9 12
4 dynarray.c:112 0x23e61629 24
4 dynarray.c:113 0x23e61659 24
4 path.c:254 0x23e61f09 24
4 bdtBad4.c:263 0x23e61fe9 32
4 path.c:246 0x23e61da9 14
4 path.c:31 0x23e61dc9 6
4 path.c:31 0x23e61de9 8
4 dynarray.c:112 0x23e61d79 16
4 dynarray.c:113 0x23e619d9 24
4 path.c:254 0x23e61cc9 24
4 bdtBad4.c:263 0x23e61d39 32
2 path.c:128 0x23e61cc9 24
1 dynarray.c:84 0x23e62129 24
2 dynarray.c:95 0x23e619d9 16
2 path.c:90 0x23e61de9 6
1 path.c:143 0x23e618a9 6
2 path.c:178 0x23e61f09 24
1 dynarray.c:84 0x23e61d79 24
2 dynarray.c:95 0x23e61659 16
2 path.c:191 0x23e61dc9 6
2 path.c:205 0x23e61ea9 6
3 path.c:223 0x23e61dc9 0x23e61dc9 6 6
4 path.c:246 0x23e61dc9 6
4 path.c:31 0x23e61ea9 6
4 dynarray.c:112 0x23e61659 16
4 dynarray.c:113 0x23e61d79 24
4 path.c:254 0x23e61f09 24
4 path.c:246 0x23e618a9 6
4 path.c:31 0x23e61de9 6
4 dynarray.c:112 0x23e619d9 16
4 dynarray.c:113 0x23e62129 24
4 path.c:254 0x23e61cc9 24
2 path.c:128 0x23e61cc9 24
1 dynarray.c:84 0x23e61629 24
2 dynarray.c:95 0x23e62129 16
2 path.c:90 0x23e61de9 6
2 path.c:90 0x23e618a9 7
1 path.c:143 0x23e61da9 13
2 path.c:178 0x23e61f09 24
1 dynarray.c:84 0x23e619d9 24
2 dynarray.c:95 0x23e61d79 16
2 path.c:191 0x23e61ea9 13
2 path.c:205 0x23e61e89 6
3 path.c:223 0x23e61ea9 0x23e61ea9 13 6
4 path.c:246 0x23e61ea9 6
4 path.c:31 0x23e61e89 6
4 dynarray.c:112 0x23e61d79 16
4 dynarray.c:113 0x23e619d9 24
4 path.c:254 0x23e61f09 24
2 path.c:178 0x23e61f09 24
1 dynarray.c:84 0x23e61659 24
2 dynarray.c:95 0x23e619d9 16
2 path.c:191 0x23e61e89 13
2 path.c:205 0x23e61ea9 6
2 path.c:205 0x23e61e69 7
3 path.c:223 0x23e61e89 0x23e61e89 13 13
4 path.c:246 0x23e61e89 13
4 path.c:31 0x23e61ea9 6
4 path.c:31 0x23e61e69 7
4 dynarray.c:112 0x23e619d9 16
4 dynarray.c:113 0x23e61659 24
4 path.c:254 0x23e61f09 24
4 path.c:246 0x23e61da9 13
4 path.c:31 0x23e61de9 6
4 path.c:31 0x23e618a9 7
4 dynarray.c:112 0x23e62129 16
4 dynarray.c:113 0x23e61629 24
4 path.c:254 0x23e61cc9 24
2 path.c:128 0x23e61cc9 24
1 dynarray.c:84 0x23e61d79 24
2 dynarray.c:95 0x23e61629 16
2 path.c:90 0x23e618a9 6
2 path.c:90 0x23e61de9 8
1 path.c:143 0x23e61dc9 14
2 path.c:178 0x23e61f09 24
1 dynarray.c:84 0x23e62129 24
2 dynarray.c:95 0x23e61659 16
2 path.c:191 0x23e61da9 14
2 path.c:205 0x23e61ea9 6
3 path.c:223 0x23e61da9 0x23e61da9 14 6
4 path.c:246 0x23e61da9 6
4 path.c:31 0x23e61ea9 6
4 dynarray.c:112 0x23e61659 16
4 dynarray.c:113 0x23e62129 24
4 path.c:254 0x23e61f09 24
2 path.c:178 0x23e61f09 24
1 dynarray.c:84 0x23e619d9 24
2 dynarray.c:95 0x23e62129 16
2 path.c:191 0x23e61ea9 14
2 path.c:205 0x23e61da9 6
2 path.c:205 0x23e61e89 8
3 path.c:223 0x23e61ea9 0x23e61ea9 14 14
4 path.c:246 0x23e61ea9 14
4 path.c:31 0x23e61da9 6
4 path.c:31 0x23e61e89 8
4 dynarray.c:112 0x23e62129 16
4 dynarray.c:113 0x23e619d9 24
4 path.c:254 0x23e61f09 24
4 path.c:246 0x23e61dc9 14
4 path.c:31 0x23e618a9 6
4 path.c:31 0x23e61de9 8
4 dynarray.c:112 0x23e61629 16
4 dynarray.c:113 0x23e61d79 24
4 path.c:254 0x23e61cc9 24
2 path.c:128 0x23e61cc9 24
1 dynarray.c:84 0x23e61659 24
2 dynarray.c:95 0x23e61d79 16
2 path.c:90 0x23e61de9 6
2 path.c:90 0x23e618a9 8
2 path.c:90 0x23e61dc9 12
3 dynarray.c:69 0x23e61d39 0x23e61d79 16 32
1 path.c:143 0x23e61629 26
2 path.c:178 0x23e61d79 24
1 dynarray.c:84 0x23e61f09 24
2 dynarray.c:95 0x23e619d9 16
2 path.c:191 0x23e620b9 26
2 path.c:205 0x23e61e89 6
3 path.c:223 0x23e620b9 0x23e620b9 26 6
4 path.c:246 0x23e620b9 6
4 path.c:31 0x23e61e89 6
4 dynarray.c:112 0x23e619d9 16
4 dynarray.c:113 0x23e61f09 24
4 path.c:254 0x23e61d79 24
2 path.c:178 0x23e61d79 24
1 dynarray.c:84 0x23e62129 24
2 dynarray.c:95 0x23e61f09 16
2 path.c:191 0x23e620b9 26
2 path.c:205 0x23e61e89 6
2 path.c:205 0x23e61da9 8
3 path.c:223 0x23e620b9 0x23e620b9 26 14
4 path.c:246 0x23e620b9 14
4 path.c:31 0x23e61e89 6
4 path.c:31 0x23e61da9 8
4 dynarray.c:112 0x23e61f09 16
4 dynarray.c:113 0x23e62129 24
4 path.c:254 0x23e61d79 24
4 path.c:246 0x23e61629 26
4 path.c:31 0x23e61de9 6
4 path.c:31 0x23e618a9 8
4 path.c:31 0x23e61dc9 12
4 dynarray.c:112 0x23e61d39 32
4 dynarray.c:113 0x23e61659 24
4 path.c:254 0x23e61cc9 24
2 path.c:128 0x23e61cc9 24
1 dynarray.c:84 0x23e619d9 24
2 dynarray.c:95 0x23e61659 16
2 path.c:90 0x23e61dc9 6
2 path.c:90 0x23e618a9 8
2 path.c:90 0x23e61de9 12
3 dynarray.c:69 0x23e61d39 0x23e61659 16 32
2 path.c:90 0x23e61da9 6
1 path.c:143 0x23e62399 32
2 path.c:178 0x23e61659 24
1 dynarray.c:84 0x23e61629 24
2 dynarray.c:95 0x23e61d79 16
2 path.c:191 0x23e61fe9 32
2 path.c:205 0x23e61e89 6
3 path.c:223 0x23e61fe9 0x23e61fe9 32 6
4 path.c:246 0x23e61fe9 6
4 path.c:31 0x23e61e89 6
4 dynarray.c:112 0x23e61d79 16
4 dynarray.c:113 0x23e61629 24
4 path.c:254 0x23e61659 24
2 path.c:178 0x23e61659 24
1 dynarray.c:84 0x23e62129 24
2 dynarray.c:95 0x23e61629 16
2 path.c:191 0x23e62299 32
2 path.c:205 0x23e61e89 6
2 path.c:205 0x23e61fe9 8
3 path.c:223 0x23e62299 0x23e62299 32 14
4 path.c:246 0x23e62299 14
4 path.c:31 0x23e61e89 6
4 path.c:31 0x23e61fe9 8
4 dynarray.c:112 0x23e61629 16
4 dynarray.c:113 0x23e62129 24
4 path.c:254 0x23e61659 24
4 path.c:246 0x23e62399 32
4 path.c:31 0x23e61dc9 6
4 path.c:31 0x23e618a9 8
4 path.c:31 0x23e61de9 12
4 path.c:31 0x23e61da9 6
4 dynarray.c:112 0x23e61d39 32
4 dynarray.c:113 0x23e619d9 24
4 path.c:254 0x23e61cc9 24
1 dynarray.c:84 0x23e61d79 24
2 dynarray.c:95 0x23e61cc9 24
1 bdtBad4.c:663 0x23e621d9 42
4 dynarray.c:112 0x23e61cc9 24
4 dynarray.c:113 0x23e61d79 24
6 bdt_client.c:113 0x23e621d9
4 bdt_client.c:113 0x23e621d9 42
2 path.c:128 0x23e61d79 24
1 dynarray.c:84 0x23e619d9 24
2 dynarray.c:95 0x23e61cc9 16
2 path.c:90 0x23e61da9 13
1 path.c:143 0x23e61e69 13
2 path.c:178 0x23e62129 24
1 dynarray.c:84 0x23e61659 24
2 dynarray.c:95 0x23e61629 16
2 path.c:191 0x23e61de9 13
2 path.c:205 0x23e61dc9 13
3 path.c:223 0x23e61de9 0x23e61de9 13 13
4 path.c:246 0x23e61de9 13
4 path.c:31 0x23e61dc9 13
4 dynarray.c:112 0x23e61629 16
4 dynarray.c:113 0x23e61659 24
4 path.c:254 0x23e62129 24
4 path.c:246 0x23e61e69 13
4 path.c:31 0x23e61da9 13
4 dynarray.c:112 0x23e61cc9 16
4 dynarray.c:113 0x23e619d9 24
4 path.c:254 0x23e61d79 24
2 path.c:128 0x23e61d79 24
1 dynarray.c:84 0x23e61f09 24
2 dynarray.c:95 0x23e619d9 16
2 path.c:90 0x23e61da9 6
1 path.c:143 0x23e618a9 6
2 path.c:178 0x23e62129 24
1 dynarray.c:84 0x23e61cc9 24
2 dynarray.c:95 0x23e61659 16
2 path.c:191 0x23e61e69 6
2 path.c:205 0x23e61de9 6
3 path.c:223 0x23e61e69 0x23e61e69 6 6
4 path.c:246 0x23e61e69 6
4 path.c:31 0x23e61de9 6
4 dynarray.c:112 0x23e61659 16
4 dynarray.c:113 0x23e61cc9 24
4 path.c:254 0x23e62129 24
4 path.c:246 0x23e618a9 6
4 path.c:31 0x23e61da9 6
4 dynarray.c:112 0x23e619d9 16
4 dynarray.c:113 0x23e61f09 24
4 path.c:254 0x23e61d79 24
4 path.c:246 0x23e61bf9 25
4 path.c:31 0x23e61c29 6
4 path.c:31 0x23e61c49 7
4 path.c:31 0x23e61c69 12
4 dynarray.c:112 0x23e61bc9 24
4 dynarray.c:113 0x23e61909 24
4 path.c:254 0x23e61b99 24
4 bdtBad4.c:263 0x23e61b59 32
4 path.c:246 0x23e61aa9 13
4 path.c:31 0x23e61ac9 6
4 path.c:31 0x23e61ae9 7
4 dynarray.c:112 0x23e61a79 16
4 dynarray.c:113 0x23e61599 24
4 path.c:254 0x23e61a49 24
4 bdtBad4.c:263 0x23e61a09 32
4 path.c:246 0x23e61849 6
4 path.c:31 0x23e61869 6
4 dynarray.c:112 0x23e61819 16
4 dynarray.c:113 0x23e615f9 24
4 path.c:254 0x23e617e9 24
4 bdtBad4.c:263 0x23e617a9 32
2 path.c:128 0x23e617e9 24
1 dynarray.c:84 0x23e61629 24
2 dynarray.c:95 0x23e615f9 16
2 path.c:90 0x23e61869 6
2 path.c:90 0x23e61849 7
1 path.c:143 0x23e61dc9 13
4 path.c:246 0x23e61dc9 13
4 path.c:31 0x23e61869 6
4 path.c:31 0x23e61849 7
4 dynarray.c:112 0x23e615f9 16
4 dynarray.c:113 0x23e61629 24
4 path.c:254 0x23e617e9 24
2 path.c:128 0x23e617e9 24
1 dynarray.c:84 0x23e61819 24
2 dynarray.c:95 0x23e61629 16
2 path.c:90 0x23e61849 6
1 path.c:143 0x23e61dc9 6
4 path.c:246 0x23e61dc9 6
4 path.c:31 0x23e61849 6
4 dynarray.c:112 0x23e61629 16
4 dynarray.c:113 0x23e61819 24
4 path.c:254 0x23e617e9 24
2 path.c:128 0x23e617e9 24
1 dynarray.c:84 0x23e615f9 24
2 dynarray.c:95 0x23e61819 16
2 path.c:90 0x23e61849 6
1 path.c:143 0x23e61dc9 6
4 path.c:246 0x23e61dc9 6
4 path.c:31 0x23e61849 6
4 dynarray.c:112 0x23e61819 16
4 dynarray.c:113 0x23e615f9 24
4 path.c:254 0x23e617e9 24
2 path.c:128 0x23e617e9 24
1 dynarray.c:84 0x23e61629 24
2 dynarray.c:95 0x23e615f9 16
2 path.c:90 0x23e61849 13
1 path.c:143 0x23e61dc9 13
4 path.c:246 0x23e61dc9 13
4 path.c:31 0x23e61849 13
4 dynarray.c:112 0x23e615f9 16
4 dynarray.c:113 0x23e61629 24
4 path.c:254 0x23e617e9 24
1 dynarray.c:84 0x23e61819 24
2 dynarray.c:95 0x23e617e9 16
1 bdtBad4.c:663 0x23e61dc9 1
4 dynarray.c:112 0x23e617e9 16
4 dynarray.c:113 0x23e61819 24
4 bdt_client.c:124 0x23e61dc9 1
2 path.c:128 0x23e61819 24
1 dynarray.c:84 0x23e61629 24
2 dynarray.c:95 0x23e617e9 16
2 path.c:90 0x23e61849 2
2 path.c:90 0x23e61869 2
1 path.c:143 0x23e61dc9 4
2 path.c:178 0x23e61a49 24
1 dynarray.c:84 0x23e615f9 24
2 dynarray.c:95 0x23e61599 16
2 path.c:191 0x23e61ae9 4
2 path.c:205 0x23e61aa9 2
3 path.c:223 0x23e61ae9 0x23e61ae9 4 2
1 bdtBad4.c:143 0x23e621d9 32
2 path.c:178 0x23e61b99 24
1 dynarray.c:84 0x23e61a79 24
2 dynarray.c:95 0x23e61909 16
2 path.c:191 0x23e61c69 2
2 path.c:205 0x23e61c49 2
3 path.c:223 0x23e61c69 0x23e61c69 2 2
4 path.c:246 0x23e61ae9 2
4 path.c:31 0x23e61aa9 2
4 dynarray.c:112 0x23e61599 16
4 dynarray.c:113 0x23e615f9 24
4 path.c:254 0x23e61a49 24
2 path.c:178 0x23e61a49 24
1 dynarray.c:84 0x23e61bc9 24
2 dynarray.c:95 0x23e615f9 16
2 path.c:191 0x23e61aa9 4
2 path.c:205 0x23e61ae9 2
2 path.c:205 0x23e61c29 2
3 path.c:223 0x23e61aa9 0x23e61aa9 4 4
1 bdtBad4.c:143 0x23e61fa9 32
2 path.c:178 0x23e61bf9 24
1 dynarray.c:84 0x23e61599 24
2 dynarray.c:95 0x23e61d79 16
2 path.c:191 0x23e61da9 4
2 path.c:205 0x23e618a9 2
2 path.c:205 0x23e61de9 2
3 path.c:223 0x23e61da9 0x23e61da9 4 4
4 path.c:246 0x23e61aa9 4
4 path.c:31 0x23e61ae9 2
4 path.c:31 0x23e61c29 2
4 dynarray.c:112 0x23e615f9 16
4 dynarray.c:113 0x23e61bc9 24
4 path.c:254 0x23e61a49 24
4 path.c:246 0x23e61dc9 4
4 path.c:31 0x23e61849 2
4 path.c:31 0x23e61869 2
4 dynarray.c:112 0x23e617e9 16
4 dynarray.c:113 0x23e61629 24
4 path.c:254 0x23e61819 24
1 dynarray.c:84 0x23e61f09 24
2 dynarray.c:95 0x23e61819 16
1 bdtBad4.c:663 0x23e61ac9 5
4 dynarray.c:112 0x23e61819 16
4 dynarray.c:113 0x23e61f09 24
6 bdt_client.c:136 0x23e61ac9
4 bdt_client.c:136 0x23e61ac9 5
2 path.c:128 0x23e61f09 24
1 dynarray.c:84 0x23e61629 24
2 dynarray.c:95 0x23e61819 16
2 path.c:90 0x23e61869 2
2 path.c:90 0x23e61849 2
1 path.c:143 0x23e61ac9 4
2 path.c:178 0x23e61a49 24
1 dynarray.c:84 0x23e617e9 24
2 dynarray.c:95 0x23e61bc9 16
2 path.c:191 0x23e61dc9 4
2 path.c:205 0x23e61ae9 2
3 path.c:223 0x23e61dc9 0x23e61dc9 4 2
4 path.c:246 0x23e61dc9 2
4 path.c:31 0x23e61ae9 2
4 dynarray.c:112 0x23e61bc9 16
4 dynarray.c:113 0x23e617e9 24
4 path.c:254 0x23e61a49 24
2 path.c:178 0x23e61a49 24
1 dynarray.c:84 0x23e615f9 24
2 dynarray.c:95 0x23e617e9 16
2 path.c:191 0x23e61ae9 4
2 path.c:205 0x23e61dc9 2
2 path.c:205 0x23e61aa9 2
3 path.c:223 0x23e61ae9 0x23e61ae9 4 4
4 path.c:246 0x23e61ae9 4
4 path.c:31 0x23e61dc9 2
4 path.c:31 0x23e61aa9 2
4 dynarray.c:112 0x23e617e9 16
4 dynarray.c:113 0x23e615f9 24
4 path.c:254 0x23e61a49 24
2 path.c:178 0x23e61a49 24
1 dynarray.c:84 0x23e61bc9 24
2 dynarray.c:95 0x23e615f9 16
2 path.c:191 0x23e61aa9 4
2 path.c:205 0x23e61dc9 2
2 path.c:205 0x23e61ae9 2
3 path.c:223 0x23e61aa9 0x23e61aa9 4 4
1 bdtBad4.c:143 0x23e61f69 32
2 path.c:178 0x23e619d9 24
1 dynarray.c:84 0x23e617e9 24
2 dynarray.c:95 0x23e62129 16
2 path.c:191 0x23e61e69 4
2 path.c:205 0x23e61fe9 2
2 path.c:205 0x23e61e89 2
3 path.c:223 0x23e61e69 0x23e61e69 4 4
4 path.c:246 0x23e61aa9 4
4 path.c:31 0x23e61dc9 2
4 path.c:31 0x23e61ae9 2
4 dynarray.c:112 0x23e615f9 16
4 dynarray.c:113 0x23e61bc9 24
4 path.c:254 0x23e61a49 24
4 path.c:246 0x23e61ac9 4
4 path.c:31 0x23e61869 2
4 path.c:31 0x23e61849 2
4 dynarray.c:112 0x23e61819 16
4 dynarray.c:113 0x23e61629 24
4 path.c:254 0x23e61f09 24
1 dynarray.c:84 0x23e61cc9 24
2 dynarray.c:95 0x23e61f09 24
1 bdtBad4.c:663 0x23e61c29 8
4 dynarray.c:112 0x23e61f09 24
4 dynarray.c:113 0x23e61cc9 24
6 bdt_client.c:140 0x23e61c29
4 bdt_client.c:140 0x23e61c29 8
2 path.c:128 0x23e61cc9 24
1 dynarray.c:84 0x23e61629 24
2 dynarray.c:95 0x23e61f09 16
2 path.c:90 0x23e61849 2
2 path.c:90 0x23e61869 2
1 path.c:143 0x23e61c29 4
2 path.c:178 0x23e61a49 24
1 dynarray.c:84 0x23e61819 24
2 dynarray.c:95 0x23e61bc9 16
2 path.c:191 0x23e61ac9 4
2 path.c:205 0x23e61dc9 2
3 path.c:223 0x23e61ac9 0x23e61ac9 4 2
4 path.c:246 0x23e61ac9 2
4 path.c:31 0x23e61dc9 2
4 dynarray.c:112 0x23e61bc9 16
4 dynarray.c:113 0x23e61819 24
4 path.c:254 0x23e61a49 24
2 path.c:178 0x23e61a49 24
1 dynarray.c:84 0x23e615f9 24
2 dynarray.c:95 0x23e61819 16
2 path.c:191 0x23e61dc9 4
2 path.c:205 0x23e61ac9 2
2 path.c:205 0x23e61aa9 2
3 path.c:223 0x23e61dc9 0x23e61dc9 4 4
4 path.c:246 0x23e61dc9 4
4 path.c:31 0x23e61ac9 2
4 path.c:31 0x23e61aa9 2
4 dynarray.c:112 0x23e61819 16
4 dynarray.c:113 0x23e615f9 24
4 path.c:254 0x23e61a49 24
4 path.c:246 0x23e61c29 4
4 path.c:31 0x23e61849 2
4 path.c:31 0x23e61869 2
4 dynarray.c:112 0x23e61f09 16
4 dynarray.c:113 0x23e61629 24
4 path.c:254 0x23e61cc9 24
4 path.c:246 0x23e61da9 4
4 path.c:31 0x23e618a9 2
4 path.c:31 0x23e61de9 2
4 dynarray.c:112 0x23e61d79 16
4 dynarray.c:113 0x23e61599 24
4 path.c:254 0x23e61bf9 24
4 bdtBad4.c:263 0x23e61fa9 32
1 dynarray.c:84 0x23e61bc9 24
2 dynarray.c:95 0x23e61bf9 16
1 bdtBad4.c:663 0x23e61ae9 5
4 dynarray.c:112 0x23e61bf9 16
4 dynarray.c:113 0x23e61bc9 24
6 bdt_client.c:144 0x23e61ae9
4 bdt_client.c:144 0x23e61ae9 5
2 path.c:128 0x23e61bc9 24
1 dynarray.c:84 0x23e61599 24
2 dynarray.c:95 0x23e61bf9 16
2 path.c:90 0x23e61de9 2
2 path.c:90 0x23e618a9 3
1 path.c:143 0x23e61ae9 5
2 path.c:178 0x23e61cc9 24
1 dynarray.c:84 0x23e61d79 24
2 dynarray.c:95 0x23e61629 16
2 path.c:191 0x23e61da9 5
2 path.c:205 0x23e61849 2
3 path.c:223 0x23e61da9 0x23e61da9 5 2
4 path.c:246 0x23e61da9 2
4 path.c:31 0x23e61849 2
4 dynarray.c:112 0x23e61629 16
4 dynarray.c:113 0x23e61d79 24
4 path.c:254 0x23e61cc9 24
2 path.c:178 0x23e61cc9 24
1 dynarray.c:84 0x23e61f09 24
2 dynarray.c:95 0x23e61d79 16
2 path.c:191 0x23e61849 5
2 path.c:205 0x23e61da9 2
2 path.c:205 0x23e61c29 3
3 path.c:223 0x23e61849 0x23e61849 5 5
4 path.c:246 0x23e61849 5
4 path.c:31 0x23e61da9 2
4 path.c:31 0x23e61c29 3
4 dynarray.c:112 0x23e61d79 16
4 dynarray.c:113 0x23e61f09 24
4 path.c:254 0x23e61cc9 24
2 path.c:178 0x23e61cc9 24
1 dynarray.c:84 0x23e61629 24
2 dynarray.c:95 0x23e61f09 16
2 path.c:191 0x23e61c29 5
2 path.c:205 0x23e61da9 2
2 path.c:205 0x23e61849 3
3 path.c:223 0x23e61c29 0x23e61c29 5 5
1 bdtBad4.c:143 0x23e61fa9 32
2 path.c:178 0x23e61a49 24
1 dynarray.c:84 0x23e61d79 24
2 dynarray.c:95 0x23e615f9 16
2 path.c:191 0x23e61aa9 5
2 path.c:205 0x23e61ac9 2
2 path.c:205 0x23e61dc9 3
3 path.c:223 0x23e61aa9 0x23e61aa9 5 5
4 path.c:246 0x23e61c29 5
4 path.c:31 0x23e61da9 2
4 path.c:31 0x23e61849 3
4 dynarray.c:112 0x23e61f09 16
4 dynarray.c:113 0x23e61629 24
4 path.c:254 0x23e61cc9 24
4 path.c:246 0x23e61ae9 5
4 path.c:31 0x23e61de9 2
4 path.c:31 0x23e618a9 3
4 dynarray.c:112 0x23e61bf9 16
4 dynarray.c:113 0x23e61599 24
4 path.c:254 0x23e61bc9 24
1 dynarray.c:84 0x23e61819 24
2 dynarray.c:95 0x23e61bc9 24
1 bdtBad4.c:663 0x23e61869 9
4 dynarray.c:112 0x23e61bc9 24
4 dynarray.c:113 0x23e61819 24
6 bdt_client.c:148 0x23e61869
4 bdt_client.c:148 0x23e61869 9
2 path.c:128 0x23e61819 24
1 dynarray.c:84 0x23e61599 24
2 dynarray.c:95 0x23e61bc9 16
2 path.c:90 0x23e618a9 2
2 path.c:90 0x23e61de9 3
1 path.c:143 0x23e61869 5
2 path.c:178 0x23e61cc9 24
1 dynarray.c:84 0x23e61bf9 24
2 dynarray.c:95 0x23e61629 16
2 path.c:191 0x23e61ae9 5
2 path.c:205 0x23e61da9 2
3 path.c:223 0x23e61ae9 0x23e61ae9 5 2
4 path.c:246 0x23e61ae9 2
4 path.c:31 0x23e61da9 2
4 dynarray.c:112 0x23e61629 16
4 dynarray.c:113 0x23e61bf9 24
4 path.c:254 0x23e61cc9 24
2 path.c:178 0x23e61cc9 24
1 dynarray.c:84 0x23e61f09 24
2 dynarray.c:95 0x23e61bf9 16
2 path.c:191 0x23e61da9 5
2 path.c:205 0x23e61ae9 2
2 path.c:205 0x23e61c29 3
3 path.c:223 0x23e61da9 0x23e61da9 5 5
4 path.c:246 0x23e61da9 5
4 path.c:31 0x23e61ae9 2
4 path.c:31 0x23e61c29 3
4 dynarray.c:112 0x23e61bf9 16
4 dynarray.c:113 0x23e61f09 24
4 path.c:254 0x23e61cc9 24
4 path.c:246 0x23e61869 5
4 path.c:31 0x23e618a9 2
4 path.c:31 0x23e61de9 3
4 dynarray.c:112 0x23e61bc9 16
4 dynarray.c:113 0x23e61599 24
4 path.c:254 0x23e61819 24
4 path.c:246 0x23e61aa9 5
4 path.c:31 0x23e61ac9 2
4 path.c:31 0x23e61dc9 3
4 dynarray.c:112 0x23e615f9 16
4 dynarray.c:113 0x23e61d79 24
4 path.c:254 0x23e61a49 24
4 bdtBad4.c:263 0x23e61fa9 32
1 dynarray.c:84 0x23e61629 24
2 dynarray.c:95 0x23e61a49 16
1 bdtBad4.c:663 0x23e61849 5
4 dynarray.c:112 0x23e61a49 16
4 dynarray.c:113 0x23e61629 24
6 bdt_client.c:152 0x23e61849
4 bdt_client.c:152 0x23e61849 5
2 path.c:128 0x23e61629 24
1 dynarray.c:84 0x23e61d79 24
2 dynarray.c:95 0x23e61a49 16
2 path.c:90 0x23e61dc9 2
2 path.c:90 0x23e61ac9 3
1 path.c:143 0x23e61849 5
2 path.c:178 0x23e61819 24
1 dynarray.c:84 0x23e615f9 24
2 dynarray.c:95 0x23e61599 16
2 path.c:191 0x23e61aa9 5
2 path.c:205 0x23e618a9 2
3 path.c:223 0x23e61aa9 0x23e61aa9 5 2
4 path.c:246 0x23e61aa9 2
4 path.c:31 0x23e618a9 2
4 dynarray.c:112 0x23e61599 16
4 dynarray.c:113 0x23e615f9 24
4 path.c:254 0x23e61819 24
2 path.c:178 0x23e61819 24
1 dynarray.c:84 0x23e61bc9 24
2 dynarray.c:95 0x23e615f9 16
2 path.c:191 0x23e618a9 5
2 path.c:205 0x23e61aa9 2
2 path.c:205 0x23e61869 3
3 path.c:223 0x23e618a9 0x23e618a9 5 5
4 path.c:246 0x23e618a9 5
4 path.c:31 0x23e61aa9 2
4 path.c:31 0x23e61869 3
4 dynarray.c:112 0x23e615f9 16
4 dynarray.c:113 0x23e61bc9 24
4 path.c:254 0x23e61819 24
2 path.c:178 0x23e61819 24
1 dynarray.c:84 0x23e61599 24
2 dynarray.c:95 0x23e61bc9 16
2 path.c:191 0x23e61869 5
2 path.c:205 0x23e61aa9 2
2 path.c:205 0x23e618a9 3
3 path.c:223 0x23e61869 0x23e61869 5 5
1 bdtBad4.c:143 0x23e61fa9 32
2 path.c:178 0x23e61cc9 24
1 dynarray.c:84 0x23e615f9 24
2 dynarray.c:95 0x23e61f09 16
2 path.c:191 0x23e61c29 5
2 path.c:205 0x23e61ae9 2
2 path.c:205 0x23e61da9 3
3 path.c:223 0x23e61c29 0x23e61c29 5 5
4 path.c:246 0x23e61869 5
4 path.c:31 0x23e61aa9 2
4 path.c:31 0x23e618a9 3
4 dynarray.c:112 0x23e61bc9 16
4 dynarray.c:113 0x23e61599 24
4 path.c:254 0x23e61819 24
4 path.c:246 0x23e61849 5
4 path.c:31 0x23e61dc9 2
4 path.c:31 0x23e61ac9 3
4 dynarray.c:112 0x23e61a49 16
4 dynarray.c:113 0x23e61d79 24
4 path.c:254 0x23e61629 24
1 dynarray.c:84 0x23e61bf9 24
2 dynarray.c:95 0x23e61629 24
1 bdtBad4.c:663 0x23e61de9 9
4 dynarray.c:112 0x23e61629 24
4 dynarray.c:113 0x23e61bf9 24
6 bdt_client.c:156 0x23e61de9
4 bdt_client.c:156 0x23e61de9 9
2 path.c:128 0x23e61bf9 24
1 dynarray.c:84 0x23e61d79 24
2 dynarray.c:95 0x23e61629 16
2 path.c:90 0x23e61ac9 2
2 path.c:90 0x23e61dc9 2
1 path.c:143 0x23e61de9 4
2 path.c:178 0x23e61819 24
1 dynarray.c:84 0x23e61a49 24
2 dynarray.c:95 0x23e61599 16
2 path.c:191 0x23e61849 4
2 path.c:205 0x23e61aa9 2
3 path.c:223 0x23e61849 0x23e61849 4 2
4 path.c:246 0x23e61849 2
4 path.c:31 0x23e61aa9 2
4 dynarray.c:112 0x23e61599 16
4 dynarray.c:113 0x23e61a49 24
4 path.c:254 0x23e61819 24
2 path.c:178 0x23e61819 24
1 dynarray.c:84 0x23e61bc9 24
2 dynarray.c:95 0x23e61a49 16
2 path.c:191 0x23e61aa9 4
2 path.c:205 0x23e61849 2
2 path.c:205 0x23e61869 2
3 path.c:223 0x23e61aa9 0x23e61aa9 4 4
4 path.c:246 0x23e61aa9 4
4 path.c:31 0x23e61849 2
4 path.c:31 0x23e61869 2
4 dynarray.c:112 0x23e61a49 16
4 dynarray.c:113 0x23e61bc9 24
4 path.c:254 0x23e61819 24
4 path.c:246 0x23e61de9 4
4 path.c:31 0x23e61ac9 2
4 path.c:31 0x23e61dc9 2
4 dynarray.c:112 0x23e61629 16
4 dynarray.c:113 0x23e61d79 24
4 path.c:254 0x23e61bf9 24
4 path.c:246 0x23e61e69 4
4 path.c:31 0x23e61fe9 2
4 path.c:31 0x23e61e89 2
4 dynarray.c:112 0x23e62129 16
4 dynarray.c:113 0x23e617e9 24
4 path.c:254 0x23e619d9 24
4 bdtBad4.c:263 0x23e61f69 32
1 dynarray.c:84 0x23e61599 24
2 dynarray.c:95 0x23e619d9 16
1 bdtBad4.c:663 0x23e618a9 6
4 dynarray.c:112 0x23e619d9 16
4 dynarray.c:113 0x23e61599 24
6 bdt_client.c:160 0x23e618a9
4 bdt_client.c:160 0x23e618a9 6
4 path.c:246 0x23e61c29 5
4 path.c:31 0x23e61ae9 2
4 path.c:31 0x23e61da9 3
4 dynarray.c:112 0x23e61f09 16
4 dynarray.c:113 0x23e615f9 24
4 path.c:254 0x23e61cc9 24
4 bdtBad4.c:263 0x23e61fa9 32
4 path.c:246 0x23e61c69 2
4 path.c:31 0x23e61c49 2
4 dynarray.c:112 0x23e61909 16
4 dynarray.c:113 0x23e61a79 24
4 path.c:254 0x23e61b99 24
4 bdtBad4.c:263 0x23e621d9 32
