2 path.c:128 0x175e32a9 24
4 path.c:254 0x175e32a9 24
2 path.c:128 0x175e54c9 24
1 dynarray.c:84 0x175e32a9 24
2 dynarray.c:95 0x175e54f9 16
2 path.c:90 0x175e5529 6
1 path.c:143 0x175e5549 6
4 path.c:246 0x175e5549 6
4 path.c:31 0x175e5529 6
4 dynarray.c:112 0x175e54f9 16
4 dynarray.c:113 0x175e32a9 24
4 path.c:254 0x175e54c9 24
1 dynarray.c:84 0x175e54c9 24
2 dynarray.c:95 0x175e5569 16
1 bdtBad5.c:662 0x175e5529 1
4 dynarray.c:112 0x175e5569 16
4 dynarray.c:113 0x175e54c9 24
4 bdt_client.c:39 0x175e5529 1
2 path.c:128 0x175e5599 24
4 path.c:254 0x175e5599 24
2 path.c:128 0x175e55c9 24
1 dynarray.c:84 0x175e5599 24
2 dynarray.c:95 0x175e55f9 16
4 dynarray.c:112 0x175e55f9 16
4 dynarray.c:113 0x175e5599 24
4 path.c:254 0x175e55c9 24
2 path.c:128 0x175e5629 24
1 dynarray.c:84 0x175e55c9 24
2 dynarray.c:95 0x175e5659 16
2 path.c:90 0x175e5689 6
2 path.c:90 0x175e56a9 7
4 path.c:31 0x175e5689 6
4 path.c:31 0x175e56a9 7
4 dynarray.c:112 0x175e5659 16
4 dynarray.c:113 0x175e55c9 24
4 path.c:254 0x175e5629 24
2 path.c:128 0x175e5629 24
1 dynarray.c:84 0x175e5659 24
2 dynarray.c:95 0x175e55c9 16
2 path.c:90 0x175e56c9 6
4 path.c:31 0x175e56c9 6
4 dynarray.c:112 0x175e55c9 16
4 dynarray.c:113 0x175e5659 24
4 path.c:254 0x175e5629 24
2 path.c:128 0x175e5629 24
1 dynarray.c:84 0x175e55c9 24
2 dynarray.c:95 0x175e5659 16
2 path.c:90 0x175e56e9 6
1 path.c:143 0x175e56c9 6
2 path.c:178 0x175e5709 24
1 dynarray.c:84 0x175e5599 24
2 dynarray.c:95 0x175e5739 16
2 path.c:191 0x175e5769 6
2 path.c:205 0x175e5789 6
3 path.c:223 0x175e5769 0x175e5769 6 6
1 bdtBad5.c:143 0x175e57a9 32
2 path.c:178 0x175e57e9 24
1 dynarray.c:84 0x175e55f9 24
2 dynarray.c:95 0x175e5819 16
2 path.c:191 0x175e5849 6
2 path.c:205 0x175e5869 6
3 path.c:223 0x175e5849 0x175e5849 6 6
4 path.c:246 0x175e5769 6
4 path.c:31 0x175e5789 6
4 dynarray.c:112 0x175e5739 16
4 dynarray.c:113 0x175e5599 24
4 path.c:254 0x175e5709 24
4 path.c:246 0x175e56c9 6
4 path.c:31 0x175e56e9 6
4 dynarray.c:112 0x175e5659 16
4 dynarray.c:113 0x175e55c9 24
4 path.c:254 0x175e5629 24
2 path.c:128 0x175e5629 24
1 dynarray.c:84 0x175e5709 24
2 dynarray.c:95 0x175e55c9 16
2 path.c:90 0x175e56e9 6
2 path.c:90 0x175e5889 7
2 path.c:90 0x175e58a9 12
3 dynarray.c:69 0x175e58c9 0x175e55c9 16 32
1 path.c:143 0x175e5659 25
2 path.c:178 0x175e55c9 24
1 dynarray.c:84 0x175e5599 24
2 dynarray.c:95 0x175e5909 16
2 path.c:191 0x175e5939 25
2 path.c:205 0x175e5969 6
3 path.c:223 0x175e5939 0x175e5939 25 6
4 path.c:246 0x175e5939 6
4 path.c:31 0x175e5969 6
4 dynarray.c:112 0x175e5909 16
4 dynarray.c:113 0x175e5599 24
4 path.c:254 0x175e55c9 24
2 path.c:178 0x175e55c9 24
1 dynarray.c:84 0x175e5909 24
2 dynarray.c:95 0x175e5599 16
2 path.c:191 0x175e5989 25
2 path.c:205 0x175e5969 6
2 path.c:205 0x175e59b9 7
3 path.c:223 0x175e5989 0x175e5989 25 13
4 path.c:246 0x175e5989 13
4 path.c:31 0x175e5969 6
4 path.c:31 0x175e59b9 7
4 dynarray.c:112 0x175e5599 16
4 dynarray.c:113 0x175e5909 24
4 path.c:254 0x175e55c9 24
2 path.c:178 0x175e55c9 24
1 dynarray.c:84 0x175e5989 24
2 dynarray.c:95 0x175e5909 16
2 path.c:191 0x175e59d9 25
2 path.c:205 0x175e59b9 6
2 path.c:205 0x175e5969 7
3 path.c:223 0x175e59d9 0x175e59d9 25 13
1 bdtBad5.c:143 0x175e5a09 32
2 path.c:178 0x175e5a49 24
1 dynarray.c:84 0x175e5599 24
2 dynarray.c:95 0x175e5a79 16
2 path.c:191 0x175e5aa9 13
2 path.c:205 0x175e5ac9 6
2 path.c:205 0x175e5ae9 7
3 path.c:223 0x175e5aa9 0x175e5aa9 13 13
4 path.c:246 0x175e59d9 13
4 path.c:31 0x175e59b9 6
4 path.c:31 0x175e5969 7
4 dynarray.c:112 0x175e5909 16
4 dynarray.c:113 0x175e5989 24
4 path.c:254 0x175e55c9 24
2 path.c:178 0x175e55c9 24
1 dynarray.c:84 0x175e59d9 24
2 dynarray.c:95 0x175e5989 24
2 path.c:191 0x175e5b09 25
2 path.c:205 0x175e5969 6
2 path.c:205 0x175e59b9 7
2 path.c:205 0x175e5b39 12
3 path.c:223 0x175e5b09 0x175e5b09 25 25
1 bdtBad5.c:143 0x175e5b59 32
2 path.c:178 0x175e5b99 24
1 dynarray.c:84 0x175e5909 24
2 dynarray.c:95 0x175e5bc9 24
2 path.c:191 0x175e5bf9 25
2 path.c:205 0x175e5c29 6
2 path.c:205 0x175e5c49 7
2 path.c:205 0x175e5c69 12
3 path.c:223 0x175e5bf9 0x175e5bf9 25 25
4 path.c:246 0x175e5b09 25
4 path.c:31 0x175e5969 6
4 path.c:31 0x175e59b9 7
4 path.c:31 0x175e5b39 12
4 dynarray.c:112 0x175e5989 24
4 dynarray.c:113 0x175e59d9 24
4 path.c:254 0x175e55c9 24
4 path.c:246 0x175e5659 25
4 path.c:31 0x175e56e9 6
4 path.c:31 0x175e5889 7
4 path.c:31 0x175e58a9 12
4 dynarray.c:112 0x175e58c9 32
4 dynarray.c:113 0x175e5709 24
4 path.c:254 0x175e5629 24
2 path.c:128 0x175e5629 24
1 dynarray.c:84 0x175e5b09 24
2 dynarray.c:95 0x175e5709 16
2 path.c:90 0x175e58a9 6
1 path.c:143 0x175e56c9 6
2 path.c:178 0x175e55c9 24
1 dynarray.c:84 0x175e5659 24
2 dynarray.c:95 0x175e59d9 16
2 path.c:191 0x175e5889 6
2 path.c:205 0x175e5b39 6
3 path.c:223 0x175e5889 0x175e5889 6 6
4 path.c:246 0x175e5889 6
4 path.c:31 0x175e5b39 6
4 dynarray.c:112 0x175e59d9 16
4 dynarray.c:113 0x175e5659 24
4 path.c:254 0x175e55c9 24
4 path.c:246 0x175e56c9 6
4 path.c:31 0x175e58a9 6
4 dynarray.c:112 0x175e5709 16
4 dynarray.c:113 0x175e5b09 24
4 path.c:254 0x175e5629 24
2 path.c:128 0x175e5629 24
1 dynarray.c:84 0x175e5989 24
2 dynarray.c:95 0x175e5b09 16
2 path.c:90 0x175e58a9 6
2 path.c:90 0x175e56c9 7
1 path.c:143 0x175e56e9 13
2 path.c:178 0x175e55c9 24
1 dynarray.c:84 0x175e5709 24
2 dynarray.c:95 0x175e5659 16
2 path.c:191 0x175e5b39 13
2 path.c:205 0x175e59b9 6
3 path.c:223 0x175e5b39 0x175e5b39 13 6
4 path.c:246 0x175e5b39 6
4 path.c:31 0x175e59b9 6
4 dynarray.c:112 0x175e5659 16
4 dynarray.c:113 0x175e5709 24
4 path.c:254 0x175e55c9 24
2 path.c:178 0x175e55c9 24
1 dynarray.c:84 0x175e59d9 24
2 dynarray.c:95 0x175e5709 16
2 path.c:191 0x175e59b9 13
2 path.c:205 0x175e5b39 6
2 path.c:205 0x175e5969 7
3 path.c:223 0x175e59b9 0x175e59b9 13 13
4 path.c:246 0x175e59b9 13
4 path.c:31 0x175e5b39 6
4 path.c:31 0x175e5969 7
4 dynarray.c:112 0x175e5709 16
4 dynarray.c:113 0x175e59d9 24
4 path.c:254 0x175e55c9 24
4 path.c:246 0x175e56e9 13
4 path.c:31 0x175e58a9 6
4 path.c:31 0x175e56c9 7
4 dynarray.c:112 0x175e5b09 16
4 dynarray.c:113 0x175e5989 24
4 path.c:254 0x175e5629 24
2 path.c:128 0x175e5629 24
1 dynarray.c:84 0x175e5659 24
2 dynarray.c:95 0x175e5989 16
2 path.c:90 0x175e56c9 6
2 path.c:90 0x175e58a9 7
2 path.c:90 0x175e56e9 12
3 dynarray.c:69 0x175e5c89 0x175e5989 16 32
1 path.c:143 0x175e5b09 25
2 path.c:178 0x175e5989 24
1 dynarray.c:84 0x175e55c9 24
2 dynarray.c:95 0x175e59d9 16
2 path.c:191 0x175e5cc9 25
2 path.c:205 0x175e5969 6
3 path.c:223 0x175e5cc9 0x175e5cc9 25 6
4 path.c:246 0x175e5cc9 6
4 path.c:31 0x175e5969 6
4 dynarray.c:112 0x175e59d9 16
4 dynarray.c:113 0x175e55c9 24
4 path.c:254 0x175e5989 24
2 path.c:178 0x175e5989 24
1 dynarray.c:84 0x175e5709 24
2 dynarray.c:95 0x175e55c9 16
2 path.c:191 0x175e5cc9 25
2 path.c:205 0x175e5969 6
2 path.c:205 0x175e5b39 7
3 path.c:223 0x175e5cc9 0x175e5cc9 25 13
4 path.c:246 0x175e5cc9 13
4 path.c:31 0x175e5969 6
4 path.c:31 0x175e5b39 7
4 dynarray.c:112 0x175e55c9 16
4 dynarray.c:113 0x175e5709 24
4 path.c:254 0x175e5989 24
2 path.c:178 0x175e5989 24
1 dynarray.c:84 0x175e59d9 24
2 dynarray.c:95 0x175e5709 24
2 path.c:191 0x175e5cc9 25
2 path.c:205 0x175e5b39 6
2 path.c:205 0x175e5969 7
2 path.c:205 0x175e59b9 12
3 path.c:223 0x175e5cc9 0x175e5cc9 25 25
4 path.c:246 0x175e5cc9 25
4 path.c:31 0x175e5b39 6
4 path.c:31 0x175e5969 7
4 path.c:31 0x175e59b9 12
4 dynarray.c:112 0x175e5709 24
4 dynarray.c:113 0x175e59d9 24
4 path.c:254 0x175e5989 24
4 path.c:246 0x175e5b09 25
4 path.c:31 0x175e56c9 6
4 path.c:31 0x175e58a9 7
4 path.c:31 0x175e56e9 12
4 dynarray.c:112 0x175e5c89 32
4 dynarray.c:113 0x175e5659 24
4 path.c:254 0x175e5629 24
2 path.c:128 0x175e5629 24
1 dynarray.c:84 0x175e55c9 24
2 dynarray.c:95 0x175e5659 16
2 path.c:90 0x175e56e9 12
1 path.c:143 0x175e5889 12
2 path.c:178 0x175e5989 24
1 dynarray.c:84 0x175e5b09 24
2 dynarray.c:95 0x175e59d9 16
2 path.c:191 0x175e58a9 12
2 path.c:205 0x175e59b9 12
3 path.c:223 0x175e58a9 0x175e58a9 12 12
4 path.c:246 0x175e58a9 12
4 path.c:31 0x175e59b9 12
4 dynarray.c:112 0x175e59d9 16
4 dynarray.c:113 0x175e5b09 24
4 path.c:254 0x175e5989 24
4 path.c:246 0x175e5889 12
4 path.c:31 0x175e56e9 12
4 dynarray.c:112 0x175e5659 16
4 dynarray.c:113 0x175e55c9 24
4 path.c:254 0x175e5629 24
2 path.c:128 0x175e5629 24
1 dynarray.c:84 0x175e5709 24
2 dynarray.c:95 0x175e55c9 16
2 path.c:90 0x175e56e9 12
1 path.c:143 0x175e56c9 12
2 path.c:178 0x175e5989 24
1 dynarray.c:84 0x175e5659 24
2 dynarray.c:95 0x175e5b09 16
2 path.c:191 0x175e5889 12
2 path.c:205 0x175e58a9 12
3 path.c:223 0x175e5889 0x175e5889 12 12
4 path.c:246 0x175e5889 12
4 path.c:31 0x175e58a9 12
4 dynarray.c:112 0x175e5b09 16
4 dynarray.c:113 0x175e5659 24
4 path.c:254 0x175e5989 24
4 path.c:246 0x175e56c9 12
4 path.c:31 0x175e56e9 12
4 dynarray.c:112 0x175e55c9 16
4 dynarray.c:113 0x175e5709 24
4 path.c:254 0x175e5629 24
2 path.c:128 0x175e5629 24
1 dynarray.c:84 0x175e59d9 24
2 dynarray.c:95 0x175e5709 16
2 path.c:90 0x175e56e9 12
1 path.c:143 0x175e59b9 12
2 path.c:178 0x175e5989 24
1 dynarray.c:84 0x175e55c9 24
2 dynarray.c:95 0x175e5659 16
2 path.c:191 0x175e56c9 12
2 path.c:205 0x175e5889 12
3 path.c:223 0x175e56c9 0x175e56c9 12 12
4 path.c:246 0x175e56c9 12
4 path.c:31 0x175e5889 12
4 dynarray.c:112 0x175e5659 16
4 dynarray.c:113 0x175e55c9 24
4 path.c:254 0x175e5989 24
4 path.c:246 0x175e59b9 12
4 path.c:31 0x175e56e9 12
4 dynarray.c:112 0x175e5709 16
4 dynarray.c:113 0x175e59d9 24
4 path.c:254 0x175e5629 24
2 path.c:128 0x175e5629 24
1 dynarray.c:84 0x175e5b09 24
2 dynarray.c:95 0x175e59d9 16
2 path.c:90 0x175e56e9 6
2 path.c:90 0x175e59b9 8
1 path.c:143 0x175e58a9 14
2 path.c:178 0x175e5989 24
1 dynarray.c:84 0x175e5709 24
2 dynarray.c:95 0x175e55c9 16
2 path.c:191 0x175e5889 14
2 path.c:205 0x175e5969 6
3 path.c:223 0x175e5889 0x175e5889 14 6
4 path.c:246 0x175e5889 6
4 path.c:31 0x175e5969 6
4 dynarray.c:112 0x175e55c9 16
4 dynarray.c:113 0x175e5709 24
4 path.c:254 0x175e5989 24
2 path.c:178 0x175e5989 24
1 dynarray.c:84 0x175e5659 24
2 dynarray.c:95 0x175e5709 16
2 path.c:191 0x175e5969 14
2 path.c:205 0x175e5889 6
2 path.c:205 0x175e5b39 8
3 path.c:223 0x175e5969 0x175e5969 14 14
4 path.c:246 0x175e5969 14
4 path.c:31 0x175e5889 6
4 path.c:31 0x175e5b39 8
4 dynarray.c:112 0x175e5709 16
4 dynarray.c:113 0x175e5659 24
4 path.c:254 0x175e5989 24
2 path.c:128 0x175e5989 24
1 dynarray.c:84 0x175e55c9 24
2 dynarray.c:95 0x175e5659 16
2 path.c:90 0x175e5b39 6
2 path.c:90 0x175e5889 7
2 path.c:90 0x175e5969 12
3 dynarray.c:69 0x175e5cf9 0x175e5659 16 32
1 path.c:143 0x175e5709 25
2 path.c:178 0x175e5659 24
1 dynarray.c:84 0x175e5cc9 24
2 dynarray.c:95 0x175e5d39 16
2 path.c:191 0x175e5d69 25
2 path.c:205 0x175e5d99 6
3 path.c:223 0x175e5d69 0x175e5d69 25 6
4 path.c:246 0x175e5d69 6
4 path.c:31 0x175e5d99 6
4 dynarray.c:112 0x175e5d39 16
4 dynarray.c:113 0x175e5cc9 24
4 path.c:254 0x175e5659 24
2 path.c:178 0x175e5659 24
1 dynarray.c:84 0x175e5d69 24
2 dynarray.c:95 0x175e5cc9 16
2 path.c:191 0x175e5db9 25
2 path.c:205 0x175e5d99 6
2 path.c:205 0x175e5de9 7
3 path.c:223 0x175e5db9 0x175e5db9 25 13
4 path.c:246 0x175e5db9 13
4 path.c:31 0x175e5d99 6
4 path.c:31 0x175e5de9 7
4 dynarray.c:112 0x175e5cc9 16
4 dynarray.c:113 0x175e5d69 24
4 path.c:254 0x175e5659 24
2 path.c:178 0x175e5659 24
1 dynarray.c:84 0x175e5d39 24
2 dynarray.c:95 0x175e5d69 24
2 path.c:191 0x175e5db9 25
2 path.c:205 0x175e5de9 6
2 path.c:205 0x175e5d99 7
2 path.c:205 0x175e5e09 12
3 path.c:223 0x175e5db9 0x175e5db9 25 25
4 path.c:246 0x175e5db9 25
4 path.c:31 0x175e5de9 6
4 path.c:31 0x175e5d99 7
4 path.c:31 0x175e5e09 12
4 dynarray.c:112 0x175e5d69 24
4 dynarray.c:113 0x175e5d39 24
4 path.c:254 0x175e5659 24
4 path.c:246 0x175e5709 25
4 path.c:31 0x175e5b39 6
4 path.c:31 0x175e5889 7
4 path.c:31 0x175e5969 12
4 dynarray.c:112 0x175e5cf9 32
4 dynarray.c:113 0x175e55c9 24
4 path.c:254 0x175e5989 24
2 path.c:128 0x175e5989 24
1 dynarray.c:84 0x175e5cc9 24
2 dynarray.c:95 0x175e55c9 16
2 path.c:90 0x175e5969 12
2 path.c:90 0x175e5889 6
2 path.c:90 0x175e5b39 9
3 dynarray.c:69 0x175e5e29 0x175e55c9 16 32
1 path.c:143 0x175e5709 27
2 path.c:178 0x175e55c9 24
1 dynarray.c:84 0x175e5659 24
2 dynarray.c:95 0x175e5d39 16
2 path.c:191 0x175e5db9 27
2 path.c:205 0x175e5e09 12
3 path.c:223 0x175e5db9 0x175e5db9 27 12
4 path.c:246 0x175e5db9 12
4 path.c:31 0x175e5e09 12
4 dynarray.c:112 0x175e5d39 16
4 dynarray.c:113 0x175e5659 24
4 path.c:254 0x175e55c9 24
4 path.c:246 0x175e5709 27
4 path.c:31 0x175e5969 12
4 path.c:31 0x175e5889 6
4 path.c:31 0x175e5b39 9
4 dynarray.c:112 0x175e5e29 32
4 dynarray.c:113 0x175e5cc9 24
4 path.c:254 0x175e5989 24
2 path.c:128 0x175e5989 24
1 dynarray.c:84 0x175e5d69 24
2 dynarray.c:95 0x175e5cc9 16
2 path.c:90 0x175e5b39 6
2 path.c:90 0x175e5889 8
1 path.c:143 0x175e56c9 14
2 path.c:178 0x175e55c9 24
1 dynarray.c:84 0x175e5709 24
2 dynarray.c:95 0x175e5659 16
2 path.c:191 0x175e5969 14
2 path.c:205 0x175e5d99 6
3 path.c:223 0x175e5969 0x175e5969 14 6
4 path.c:246 0x175e5969 6
4 path.c:31 0x175e5d99 6
4 dynarray.c:112 0x175e5659 16
4 dynarray.c:113 0x175e5709 24
4 path.c:254 0x175e55c9 24
2 path.c:178 0x175e55c9 24
1 dynarray.c:84 0x175e5d39 24
2 dynarray.c:95 0x175e5709 16
2 path.c:191 0x175e5d99 14
2 path.c:205 0x175e5969 6
2 path.c:205 0x175e5de9 8
3 path.c:223 0x175e5d99 0x175e5d99 14 14
4 path.c:246 0x175e5d99 14
4 path.c:31 0x175e5969 6
4 path.c:31 0x175e5de9 8
4 dynarray.c:112 0x175e5709 16
4 dynarray.c:113 0x175e5d39 24
4 path.c:254 0x175e55c9 24
2 path.c:178 0x175e55c9 24
1 dynarray.c:84 0x175e5659 24
2 dynarray.c:95 0x175e5d39 16
2 path.c:191 0x175e5de9 14
2 path.c:205 0x175e5969 6
2 path.c:205 0x175e5d99 8
3 path.c:223 0x175e5de9 0x175e5de9 14 14
1 bdtBad5.c:143 0x175e5e29 32
2 path.c:178 0x175e5db9 24
1 dynarray.c:84 0x175e5709 24
2 dynarray.c:95 0x175e5e69 16
2 path.c:191 0x175e5e99 14
2 path.c:205 0x175e5eb9 6
2 path.c:205 0x175e5ed9 8
3 path.c:223 0x175e5e99 0x175e5e99 14 14
4 path.c:246 0x175e5de9 14
4 path.c:31 0x175e5969 6
4 path.c:31 0x175e5d99 8
4 dynarray.c:112 0x175e5d39 16
4 dynarray.c:113 0x175e5659 24
4 path.c:254 0x175e55c9 24
4 path.c:246 0x175e56c9 14
4 path.c:31 0x175e5b39 6
4 path.c:31 0x175e5889 8
4 dynarray.c:112 0x175e5cc9 16
4 dynarray.c:113 0x175e5d69 24
4 path.c:254 0x175e5989 24
2 path.c:128 0x175e5989 24
1 dynarray.c:84 0x175e5d39 24
2 dynarray.c:95 0x175e5d69 16
2 path.c:90 0x175e5889 6
2 path.c:90 0x175e5b39 7
1 path.c:143 0x175e5e09 13
2 path.c:178 0x175e55c9 24
1 dynarray.c:84 0x175e5cc9 24
2 dynarray.c:95 0x175e5659 16
2 path.c:191 0x175e56c9 13
2 path.c:205 0x175e5969 6
3 path.c:223 0x175e56c9 0x175e56c9 13 6
4 path.c:246 0x175e56c9 6
4 path.c:31 0x175e5969 6
4 dynarray.c:112 0x175e5659 16
4 dynarray.c:113 0x175e5cc9 24
4 path.c:254 0x175e55c9 24
2 path.c:178 0x175e55c9 24
1 dynarray.c:84 0x175e5659 24
2 dynarray.c:95 0x175e5cc9 16
2 path.c:191 0x175e5969 13
2 path.c:205 0x175e56c9 6
2 path.c:205 0x175e5de9 7
3 path.c:223 0x175e5969 0x175e5969 13 13
4 path.c:246 0x175e5969 13
4 path.c:31 0x175e56c9 6
4 path.c:31 0x175e5de9 7
4 dynarray.c:112 0x175e5cc9 16
4 dynarray.c:113 0x175e5659 24
4 path.c:254 0x175e55c9 24
2 path.c:178 0x175e55c9 24
1 dynarray.c:84 0x175e5cc9 24
2 dynarray.c:95 0x175e5659 16
2 path.c:191 0x175e5de9 13
2 path.c:205 0x175e56c9 6
2 path.c:205 0x175e5969 7
3 path.c:223 0x175e5de9 0x175e5de9 13 13
1 bdtBad5.c:143 0x175e5cf9 32
2 path.c:178 0x175e5ef9 24
1 dynarray.c:84 0x175e5939 24
2 dynarray.c:95 0x175e5f29 16
2 path.c:191 0x175e5f59 13
2 path.c:205 0x175e5f79 6
2 path.c:205 0x175e5f99 7
3 path.c:223 0x175e5f59 0x175e5f59 13 13
4 path.c:246 0x175e5f59 13
4 path.c:31 0x175e5f79 6
4 path.c:31 0x175e5f99 7
4 dynarray.c:112 0x175e5f29 16
4 dynarray.c:113 0x175e5939 24
4 path.c:254 0x175e5ef9 24
4 bdtBad5.c:193 0x175e5cf9 32
4 path.c:246 0x175e5e09 13
4 path.c:31 0x175e5889 6
4 path.c:31 0x175e5b39 7
4 dynarray.c:112 0x175e5d69 16
4 dynarray.c:113 0x175e5d39 24
4 path.c:254 0x175e5989 24
4 path.c:246 0x175e5de9 13
4 path.c:31 0x175e56c9 6
4 path.c:31 0x175e5969 7
4 dynarray.c:112 0x175e5659 16
4 dynarray.c:113 0x175e5cc9 24
4 path.c:254 0x175e55c9 24
2 path.c:128 0x175e55c9 24
1 dynarray.c:84 0x175e5939 24
2 dynarray.c:95 0x175e5cc9 16
2 path.c:90 0x175e5969 6
2 path.c:90 0x175e56c9 4
2 path.c:90 0x175e5de9 5
3 dynarray.c:69 0x175e5fb9 0x175e5cc9 16 32
2 path.c:90 0x175e5b39 7
1 path.c:143 0x175e5659 22
2 path.c:178 0x175e5cc9 24
1 dynarray.c:84 0x175e5989 24
2 dynarray.c:95 0x175e5d39 16
2 path.c:191 0x175e5ef9 22
2 path.c:205 0x175e5889 6
3 path.c:223 0x175e5ef9 0x175e5ef9 22 6
4 path.c:246 0x175e5ef9 6
4 path.c:31 0x175e5889 6
4 dynarray.c:112 0x175e5d39 16
4 dynarray.c:113 0x175e5989 24
4 path.c:254 0x175e5cc9 24
2 path.c:178 0x175e5cc9 24
1 dynarray.c:84 0x175e5d69 24
2 dynarray.c:95 0x175e5989 16
2 path.c:191 0x175e5ef9 22
2 path.c:205 0x175e5889 6
2 path.c:205 0x175e5e09 4
3 path.c:223 0x175e5ef9 0x175e5ef9 22 10
4 path.c:246 0x175e5ef9 10
4 path.c:31 0x175e5889 6
4 path.c:31 0x175e5e09 4
4 dynarray.c:112 0x175e5989 16
4 dynarray.c:113 0x175e5d69 24
4 path.c:254 0x175e5cc9 24
2 path.c:178 0x175e5cc9 24
1 dynarray.c:84 0x175e5d39 24
2 dynarray.c:95 0x175e5d69 16
2 path.c:191 0x175e5ef9 22
2 path.c:205 0x175e5e09 6
2 path.c:205 0x175e5889 4
3 path.c:223 0x175e5ef9 0x175e5ef9 22 10
1 bdtBad5.c:143 0x175e5cf9 32
2 path.c:178 0x175e5ff9 24
1 dynarray.c:84 0x175e5989 24
2 dynarray.c:95 0x175e6029 16
2 path.c:191 0x175e5f99 10
2 path.c:205 0x175e5f79 6
2 path.c:205 0x175e5f59 4
3 path.c:223 0x175e5f99 0x175e5f99 10 10
4 path.c:246 0x175e5f99 10
4 path.c:31 0x175e5f79 6
4 path.c:31 0x175e5f59 4
4 dynarray.c:112 0x175e6029 16
4 dynarray.c:113 0x175e5989 24
4 path.c:254 0x175e5ff9 24
4 bdtBad5.c:193 0x175e5cf9 32
4 path.c:246 0x175e5659 22
4 path.c:31 0x175e5969 6
4 path.c:31 0x175e56c9 4
4 path.c:31 0x175e5de9 5
4 path.c:31 0x175e5b39 7
4 dynarray.c:112 0x175e5fb9 32
4 dynarray.c:113 0x175e5939 24
4 path.c:254 0x175e55c9 24
4 path.c:246 0x175e5ef9 10
4 path.c:31 0x175e5e09 6
4 path.c:31 0x175e5889 4
4 dynarray.c:112 0x175e5d69 16
4 dynarray.c:113 0x175e5d39 24
4 path.c:254 0x175e5cc9 24
2 path.c:128 0x175e5cc9 24
1 dynarray.c:84 0x175e6029 24
2 dynarray.c:95 0x175e5d39 16
2 path.c:90 0x175e5889 6
1 path.c:143 0x175e5d99 6
2 path.c:178 0x175e5ef9 24
1 dynarray.c:84 0x175e5d69 24
2 dynarray.c:95 0x175e55c9 16
2 path.c:191 0x175e5e09 6
2 path.c:205 0x175e5de9 6
3 path.c:223 0x175e5e09 0x175e5e09 6 6
4 path.c:246 0x175e5e09 6
4 path.c:31 0x175e5de9 6
4 dynarray.c:112 0x175e55c9 16
4 dynarray.c:113 0x175e5d69 24
4 path.c:254 0x175e5ef9 24
4 path.c:246 0x175e5d99 6
4 path.c:31 0x175e5889 6
4 dynarray.c:112 0x175e5d39 16
4 dynarray.c:113 0x175e6029 24
4 path.c:254 0x175e5cc9 24
2 path.c:128 0x175e5cc9 24
1 dynarray.c:84 0x175e5939 24
2 dynarray.c:95 0x175e6029 16
2 path.c:90 0x175e5889 6
2 path.c:90 0x175e5d99 7
1 path.c:143 0x175e5b39 13
2 path.c:178 0x175e5ef9 24
1 dynarray.c:84 0x175e5d39 24
2 dynarray.c:95 0x175e5d69 16
2 path.c:191 0x175e5de9 13
2 path.c:205 0x175e56c9 6
3 path.c:223 0x175e5de9 0x175e5de9 13 6
4 path.c:246 0x175e5de9 6
4 path.c:31 0x175e56c9 6
4 dynarray.c:112 0x175e5d69 16
4 dynarray.c:113 0x175e5d39 24
4 path.c:254 0x175e5ef9 24
2 path.c:178 0x175e5ef9 24
1 dynarray.c:84 0x175e55c9 24
2 dynarray.c:95 0x175e5d39 16
2 path.c:191 0x175e56c9 13
2 path.c:205 0x175e5de9 6
2 path.c:205 0x175e5969 7
3 path.c:223 0x175e56c9 0x175e56c9 13 13
4 path.c:246 0x175e56c9 13
4 path.c:31 0x175e5de9 6
4 path.c:31 0x175e5969 7
4 dynarray.c:112 0x175e5d39 16
4 dynarray.c:113 0x175e55c9 24
4 path.c:254 0x175e5ef9 24
4 path.c:246 0x175e5b39 13
4 path.c:31 0x175e5889 6
4 path.c:31 0x175e5d99 7
4 dynarray.c:112 0x175e6029 16
4 dynarray.c:113 0x175e5939 24
4 path.c:254 0x175e5cc9 24
2 path.c:128 0x175e5cc9 24
1 dynarray.c:84 0x175e5d69 24
2 dynarray.c:95 0x175e5939 16
2 path.c:90 0x175e5d99 6
2 path.c:90 0x175e5889 8
1 path.c:143 0x175e5e09 14
2 path.c:178 0x175e5ef9 24
1 dynarray.c:84 0x175e6029 24
2 dynarray.c:95 0x175e55c9 16
2 path.c:191 0x175e5b39 14
2 path.c:205 0x175e5de9 6
3 path.c:223 0x175e5b39 0x175e5b39 14 6
4 path.c:246 0x175e5b39 6
4 path.c:31 0x175e5de9 6
4 dynarray.c:112 0x175e55c9 16
4 dynarray.c:113 0x175e6029 24
4 path.c:254 0x175e5ef9 24
2 path.c:178 0x175e5ef9 24
1 dynarray.c:84 0x175e5d39 24
2 dynarray.c:95 0x175e6029 16
2 path.c:191 0x175e5de9 14
2 path.c:205 0x175e5b39 6
2 path.c:205 0x175e56c9 8
3 path.c:223 0x175e5de9 0x175e5de9 14 14
4 path.c:246 0x175e5de9 14
4 path.c:31 0x175e5b39 6
4 path.c:31 0x175e56c9 8
4 dynarray.c:112 0x175e6029 16
4 dynarray.c:113 0x175e5d39 24
4 path.c:254 0x175e5ef9 24
4 path.c:246 0x175e5e09 14
4 path.c:31 0x175e5d99 6
4 path.c:31 0x175e5889 8
4 dynarray.c:112 0x175e5939 16
4 dynarray.c:113 0x175e5d69 24
4 path.c:254 0x175e5cc9 24
2 path.c:128 0x175e5cc9 24
1 dynarray.c:84 0x175e55c9 24
2 dynarray.c:95 0x175e5d69 16
2 path.c:90 0x175e5889 6
2 path.c:90 0x175e5d99 7
1 path.c:143 0x175e5969 13
2 path.c:178 0x175e5ef9 24
1 dynarray.c:84 0x175e5939 24
2 dynarray.c:95 0x175e5d39 16
2 path.c:191 0x175e5e09 13
2 path.c:205 0x175e5b39 6
3 path.c:223 0x175e5e09 0x175e5e09 13 6
4 path.c:246 0x175e5e09 6
4 path.c:31 0x175e5b39 6
4 dynarray.c:112 0x175e5d39 16
4 dynarray.c:113 0x175e5939 24
4 path.c:254 0x175e5ef9 24
2 path.c:178 0x175e5ef9 24
1 dynarray.c:84 0x175e6029 24
2 dynarray.c:95 0x175e5939 16
2 path.c:191 0x175e5b39 13
2 path.c:205 0x175e5e09 6
2 path.c:205 0x175e5de9 7
3 path.c:223 0x175e5b39 0x175e5b39 13 13
4 path.c:246 0x175e5b39 13
4 path.c:31 0x175e5e09 6
4 path.c:31 0x175e5de9 7
4 dynarray.c:112 0x175e5939 16
4 dynarray.c:113 0x175e6029 24
4 path.c:254 0x175e5ef9 24
2 path.c:128 0x175e5ef9 24
1 dynarray.c:84 0x175e5d39 24
2 dynarray.c:95 0x175e6029 16
2 path.c:90 0x175e5de9 6
2 path.c:90 0x175e5e09 4
1 path.c:143 0x175e56c9 10
2 path.c:178 0x175e5659 24
1 dynarray.c:84 0x175e5939 24
2 dynarray.c:95 0x175e5ff9 16
2 path.c:191 0x175e5b39 10
2 path.c:205 0x175e5f79 6
3 path.c:223 0x175e5b39 0x175e5b39 10 6
4 path.c:246 0x175e5b39 6
4 path.c:31 0x175e5f79 6
4 dynarray.c:112 0x175e5ff9 16
4 dynarray.c:113 0x175e5939 24
4 path.c:254 0x175e5659 24
2 path.c:178 0x175e5659 24
1 dynarray.c:84 0x175e5989 24
2 dynarray.c:95 0x175e5939 16
2 path.c:191 0x175e5f79 10
2 path.c:205 0x175e5b39 6
2 path.c:205 0x175e5f99 4
3 path.c:223 0x175e5f79 0x175e5f79 10 10
4 path.c:246 0x175e5f79 10
4 path.c:31 0x175e5b39 6
4 path.c:31 0x175e5f99 4
4 dynarray.c:112 0x175e5939 16
4 dynarray.c:113 0x175e5989 24
4 path.c:254 0x175e5659 24
2 path.c:128 0x175e5659 24
1 dynarray.c:84 0x175e5ff9 24
2 dynarray.c:95 0x175e5989 16
2 path.c:90 0x175e5f99 6
2 path.c:90 0x175e5b39 4
2 path.c:90 0x175e5f79 5
3 dynarray.c:69 0x175e6059 0x175e5989 16 32
1 path.c:143 0x175e5939 15
2 path.c:178 0x175e5989 24
1 dynarray.c:84 0x175e5f29 24
2 dynarray.c:95 0x175e6099 16
2 path.c:191 0x175e60c9 15
2 path.c:205 0x175e60f9 6
3 path.c:223 0x175e60c9 0x175e60c9 15 6
4 path.c:246 0x175e60c9 6
4 path.c:31 0x175e60f9 6
4 dynarray.c:112 0x175e6099 16
4 dynarray.c:113 0x175e5f29 24
4 path.c:254 0x175e5989 24
2 path.c:178 0x175e5989 24
1 dynarray.c:84 0x175e6099 24
2 dynarray.c:95 0x175e5f29 16
2 path.c:191 0x175e6119 15
2 path.c:205 0x175e60f9 6
2 path.c:205 0x175e6149 4
3 path.c:223 0x175e6119 0x175e6119 15 10
4 path.c:246 0x175e6119 10
4 path.c:31 0x175e60f9 6
4 path.c:31 0x175e6149 4
4 dynarray.c:112 0x175e5f29 16
4 dynarray.c:113 0x175e6099 24
4 path.c:254 0x175e5989 24
2 path.c:128 0x175e5989 24
1 dynarray.c:84 0x175e6119 24
2 dynarray.c:95 0x175e6099 16
2 path.c:90 0x175e6149 6
2 path.c:90 0x175e60f9 4
2 path.c:90 0x175e6169 5
3 dynarray.c:69 0x175e6189 0x175e6099 16 32
2 path.c:90 0x175e61c9 7
1 path.c:143 0x175e5f29 22
2 path.c:178 0x175e6099 24
1 dynarray.c:84 0x175e60c9 24
2 dynarray.c:95 0x175e61e9 16
2 path.c:191 0x175e6219 22
2 path.c:205 0x175e6249 6
3 path.c:223 0x175e6219 0x175e6219 22 6
4 path.c:246 0x175e6219 6
4 path.c:31 0x175e6249 6
4 dynarray.c:112 0x175e61e9 16
4 dynarray.c:113 0x175e60c9 24
4 path.c:254 0x175e6099 24
2 path.c:178 0x175e6099 24
1 dynarray.c:84 0x175e61e9 24
2 dynarray.c:95 0x175e60c9 16
2 path.c:191 0x175e6269 22
2 path.c:205 0x175e6249 6
2 path.c:205 0x175e6299 4
3 path.c:223 0x175e6269 0x175e6269 22 10
4 path.c:246 0x175e6269 10
4 path.c:31 0x175e6249 6
4 path.c:31 0x175e6299 4
4 dynarray.c:112 0x175e60c9 16
4 dynarray.c:113 0x175e61e9 24
4 path.c:254 0x175e6099 24
1 dynarray.c:84 0x175e6269 24
2 dynarray.c:95 0x175e62b9 32
1 bdtBad5.c:662 0x175e62f9 59
4 dynarray.c:112 0x175e62b9 32
4 dynarray.c:113 0x175e6269 24
4 bdt_client.c:82 0x175e62f9 59
2 path.c:128 0x175e6099 24
1 dynarray.c:84 0x175e6269 24
2 dynarray.c:95 0x175e61e9 16
2 path.c:90 0x175e6299 6
2 path.c:90 0x175e6249 7
2 path.c:90 0x175e6349 12
3 dynarray.c:69 0x175e6369 0x175e61e9 16 32
1 path.c:143 0x175e60c9 25
2 path.c:178 0x175e61e9 24
1 dynarray.c:84 0x175e6219 24
2 dynarray.c:95 0x175e63a9 16
2 path.c:191 0x175e63d9 25
2 path.c:205 0x175e6409 6
3 path.c:223 0x175e63d9 0x175e63d9 25 6
4 path.c:246 0x175e63d9 6
4 path.c:31 0x175e6409 6
4 dynarray.c:112 0x175e63a9 16
4 dynarray.c:113 0x175e6219 24
4 path.c:254 0x175e61e9 24
2 path.c:178 0x175e61e9 24
1 dynarray.c:84 0x175e63a9 24
2 dynarray.c:95 0x175e6219 16
2 path.c:191 0x175e6429 25
2 path.c:205 0x175e6409 6
2 path.c:205 0x175e6459 7
3 path.c:223 0x175e6429 0x175e6429 25 13
4 path.c:246 0x175e6429 13
4 path.c:31 0x175e6409 6
4 path.c:31 0x175e6459 7
4 dynarray.c:112 0x175e6219 16
4 dynarray.c:113 0x175e63a9 24
4 path.c:254 0x175e61e9 24
2 path.c:178 0x175e61e9 24
1 dynarray.c:84 0x175e6429 24
2 dynarray.c:95 0x175e63a9 24
2 path.c:191 0x175e6479 25
2 path.c:205 0x175e6459 6
2 path.c:205 0x175e6409 7
2 path.c:205 0x175e64a9 12
3 path.c:223 0x175e6479 0x175e6479 25 25
4 path.c:246 0x175e6479 25
4 path.c:31 0x175e6459 6
4 path.c:31 0x175e6409 7
4 path.c:31 0x175e64a9 12
4 dynarray.c:112 0x175e63a9 24
4 dynarray.c:113 0x175e6429 24
4 path.c:254 0x175e61e9 24
4 path.c:246 0x175e60c9 25
4 path.c:31 0x175e6299 6
4 path.c:31 0x175e6249 7
4 path.c:31 0x175e6349 12
4 dynarray.c:112 0x175e6369 32
4 dynarray.c:113 0x175e6269 24
4 path.c:254 0x175e6099 24
2 path.c:128 0x175e6099 24
1 dynarray.c:84 0x175e6219 24
2 dynarray.c:95 0x175e6269 16
2 path.c:90 0x175e6349 6
2 path.c:90 0x175e6249 8
2 path.c:90 0x175e6299 12
3 dynarray.c:69 0x175e64c9 0x175e6269 16 32
1 path.c:143 0x175e60c9 26
2 path.c:178 0x175e6269 24
1 dynarray.c:84 0x175e61e9 24
2 dynarray.c:95 0x175e6429 16
2 path.c:191 0x175e6479 26
2 path.c:205 0x175e64a9 6
3 path.c:223 0x175e6479 0x175e6479 26 6
4 path.c:246 0x175e6479 6
4 path.c:31 0x175e64a9 6
4 dynarray.c:112 0x175e6429 16
4 dynarray.c:113 0x175e61e9 24
4 path.c:254 0x175e6269 24
2 path.c:178 0x175e6269 24
1 dynarray.c:84 0x175e63a9 24
2 dynarray.c:95 0x175e61e9 16
2 path.c:191 0x175e6479 26
2 path.c:205 0x175e64a9 6
2 path.c:205 0x175e6409 8
3 path.c:223 0x175e6479 0x175e6479 26 14
4 path.c:246 0x175e6479 14
4 path.c:31 0x175e64a9 6
4 path.c:31 0x175e6409 8
4 dynarray.c:112 0x175e61e9 16
4 dynarray.c:113 0x175e63a9 24
4 path.c:254 0x175e6269 24
2 path.c:178 0x175e6269 24
1 dynarray.c:84 0x175e6429 24
2 dynarray.c:95 0x175e63a9 24
2 path.c:191 0x175e6479 26
2 path.c:205 0x175e6409 6
2 path.c:205 0x175e64a9 8
2 path.c:205 0x175e6459 12
3 path.c:223 0x175e6479 0x175e6479 26 26
4 path.c:246 0x175e6479 26
4 path.c:31 0x175e6409 6
4 path.c:31 0x175e64a9 8
4 path.c:31 0x175e6459 12
4 dynarray.c:112 0x175e63a9 24
4 dynarray.c:113 0x175e6429 24
4 path.c:254 0x175e6269 24
2 path.c:128 0x175e6269 24
1 dynarray.c:84 0x175e61e9 24
2 dynarray.c:95 0x175e6429 16
2 path.c:90 0x175e6459 6
2 path.c:90 0x175e64a9 8
2 path.c:90 0x175e6409 12
3 dynarray.c:69 0x175e6509 0x175e6429 16 32
1 path.c:143 0x175e63a9 26
2 path.c:178 0x175e6429 24
1 dynarray.c:84 0x175e6479 24
2 dynarray.c:95 0x175e6549 16
2 path.c:191 0x175e6579 26
2 path.c:205 0x175e65a9 6
3 path.c:223 0x175e6579 0x175e6579 26 6
4 path.c:246 0x175e6579 6
4 path.c:31 0x175e65a9 6
4 dynarray.c:112 0x175e6549 16
4 dynarray.c:113 0x175e6479 24
4 path.c:254 0x175e6429 24
2 path.c:178 0x175e6429 24
1 dynarray.c:84 0x175e6579 24
2 dynarray.c:95 0x175e6479 16
2 path.c:191 0x175e65c9 26
2 path.c:205 0x175e65a9 6
2 path.c:205 0x175e65f9 8
3 path.c:223 0x175e65c9 0x175e65c9 26 14
4 path.c:246 0x175e65c9 14
4 path.c:31 0x175e65a9 6
4 path.c:31 0x175e65f9 8
4 dynarray.c:112 0x175e6479 16
4 dynarray.c:113 0x175e6579 24
4 path.c:254 0x175e6429 24
2 path.c:178 0x175e6429 24
1 dynarray.c:84 0x175e6549 24
2 dynarray.c:95 0x175e6579 24
2 path.c:191 0x175e65c9 26
2 path.c:205 0x175e65f9 6
2 path.c:205 0x175e65a9 8
2 path.c:205 0x175e6619 12
3 path.c:223 0x175e65c9 0x175e65c9 26 26
4 path.c:246 0x175e65c9 26
4 path.c:31 0x175e65f9 6
4 path.c:31 0x175e65a9 8
4 path.c:31 0x175e6619 12
4 dynarray.c:112 0x175e6579 24
4 dynarray.c:113 0x175e6549 24
4 path.c:254 0x175e6429 24
2 path.c:178 0x175e6429 24
1 dynarray.c:84 0x175e6479 24
2 dynarray.c:95 0x175e6549 24
2 path.c:191 0x175e65c9 26
2 path.c:205 0x175e6619 6
2 path.c:205 0x175e65a9 8
2 path.c:205 0x175e65f9 12
3 path.c:223 0x175e65c9 0x175e65c9 26 26
1 bdtBad5.c:143 0x175e6369 32
2 path.c:178 0x175e6639 24
1 dynarray.c:84 0x175e6579 24
2 dynarray.c:95 0x175e6669 24
2 path.c:191 0x175e6699 26
2 path.c:205 0x175e66c9 6
2 path.c:205 0x175e66e9 8
2 path.c:205 0x175e6709 12
3 path.c:223 0x175e6699 0x175e6699 26 26
4 path.c:246 0x175e65c9 26
4 path.c:31 0x175e6619 6
4 path.c:31 0x175e65a9 8
4 path.c:31 0x175e65f9 12
4 dynarray.c:112 0x175e6549 24
4 dynarray.c:113 0x175e6479 24
4 path.c:254 0x175e6429 24
4 path.c:246 0x175e63a9 26
4 path.c:31 0x175e6459 6
4 path.c:31 0x175e64a9 8
4 path.c:31 0x175e6409 12
4 dynarray.c:112 0x175e6509 32
4 dynarray.c:113 0x175e61e9 24
4 path.c:254 0x175e6269 24
2 path.c:128 0x175e6269 24
1 dynarray.c:84 0x175e65c9 24
2 dynarray.c:95 0x175e61e9 16
2 path.c:90 0x175e6409 6
2 path.c:90 0x175e64a9 7
2 path.c:90 0x175e6459 12
3 dynarray.c:69 0x175e6729 0x175e61e9 16 32
1 path.c:143 0x175e63a9 25
2 path.c:178 0x175e61e9 24
1 dynarray.c:84 0x175e6429 24
2 dynarray.c:95 0x175e6479 16
2 path.c:191 0x175e6769 25
2 path.c:205 0x175e65f9 6
3 path.c:223 0x175e6769 0x175e6769 25 6
4 path.c:246 0x175e6769 6
4 path.c:31 0x175e65f9 6
4 dynarray.c:112 0x175e6479 16
4 dynarray.c:113 0x175e6429 24
4 path.c:254 0x175e61e9 24
2 path.c:178 0x175e61e9 24
1 dynarray.c:84 0x175e6549 24
2 dynarray.c:95 0x175e6429 16
2 path.c:191 0x175e6769 25
2 path.c:205 0x175e65f9 6
2 path.c:205 0x175e65a9 7
3 path.c:223 0x175e6769 0x175e6769 25 13
4 path.c:246 0x175e6769 13
4 path.c:31 0x175e65f9 6
4 path.c:31 0x175e65a9 7
4 dynarray.c:112 0x175e6429 16
4 dynarray.c:113 0x175e6549 24
4 path.c:254 0x175e61e9 24
2 path.c:178 0x175e61e9 24
1 dynarray.c:84 0x175e6479 24
2 dynarray.c:95 0x175e6549 24
2 path.c:191 0x175e6769 25
2 path.c:205 0x175e65a9 6
2 path.c:205 0x175e65f9 7
2 path.c:205 0x175e6619 12
3 path.c:223 0x175e6769 0x175e6769 25 25
4 path.c:246 0x175e6769 25
4 path.c:31 0x175e65a9 6
4 path.c:31 0x175e65f9 7
4 path.c:31 0x175e6619 12
4 dynarray.c:112 0x175e6549 24
4 dynarray.c:113 0x175e6479 24
4 path.c:254 0x175e61e9 24
4 path.c:246 0x175e63a9 25
4 path.c:31 0x175e6409 6
4 path.c:31 0x175e64a9 7
4 path.c:31 0x175e6459 12
4 dynarray.c:112 0x175e6729 32
4 dynarray.c:113 0x175e65c9 24
4 path.c:254 0x175e6269 24
2 path.c:128 0x175e6269 24
1 dynarray.c:84 0x175e6429 24
2 dynarray.c:95 0x175e65c9 16
2 path.c:90 0x175e6459 6
2 path.c:90 0x175e64a9 8
2 path.c:90 0x175e6409 12
3 dynarray.c:69 0x175e6799 0x175e65c9 16 32
1 path.c:143 0x175e63a9 26
2 path.c:178 0x175e65c9 24
1 dynarray.c:84 0x175e61e9 24
2 dynarray.c:95 0x175e6479 16
2 path.c:191 0x175e6769 26
2 path.c:205 0x175e6619 6
3 path.c:223 0x175e6769 0x175e6769 26 6
4 path.c:246 0x175e6769 6
4 path.c:31 0x175e6619 6
4 dynarray.c:112 0x175e6479 16
4 dynarray.c:113 0x175e61e9 24
4 path.c:254 0x175e65c9 24
2 path.c:178 0x175e65c9 24
1 dynarray.c:84 0x175e6549 24
2 dynarray.c:95 0x175e61e9 16
2 path.c:191 0x175e6769 26
2 path.c:205 0x175e6619 6
2 path.c:205 0x175e65f9 8
3 path.c:223 0x175e6769 0x175e6769 26 14
4 path.c:246 0x175e6769 14
4 path.c:31 0x175e6619 6
4 path.c:31 0x175e65f9 8
4 dynarray.c:112 0x175e61e9 16
4 dynarray.c:113 0x175e6549 24
4 path.c:254 0x175e65c9 24
2 path.c:178 0x175e65c9 24
1 dynarray.c:84 0x175e6479 24
2 dynarray.c:95 0x175e6549 24
2 path.c:191 0x175e6769 26
2 path.c:205 0x175e65f9 6
2 path.c:205 0x175e6619 8
2 path.c:205 0x175e65a9 12
3 path.c:223 0x175e6769 0x175e6769 26 26
4 path.c:246 0x175e6769 26
4 path.c:31 0x175e65f9 6
4 path.c:31 0x175e6619 8
4 path.c:31 0x175e65a9 12
4 dynarray.c:112 0x175e6549 24
4 dynarray.c:113 0x175e6479 24
4 path.c:254 0x175e65c9 24
4 path.c:246 0x175e63a9 26
4 path.c:31 0x175e6459 6
4 path.c:31 0x175e64a9 8
4 path.c:31 0x175e6409 12
4 dynarray.c:112 0x175e6799 32
4 dynarray.c:113 0x175e6429 24
4 path.c:254 0x175e6269 24
2 path.c:128 0x175e6269 24
1 dynarray.c:84 0x175e61e9 24
2 dynarray.c:95 0x175e6429 16
2 path.c:90 0x175e6409 6
2 path.c:90 0x175e64a9 8
2 path.c:90 0x175e6459 12
3 dynarray.c:69 0x175e6799 0x175e6429 16 32
1 path.c:143 0x175e63a9 26
2 path.c:178 0x175e6429 24
1 dynarray.c:84 0x175e65c9 24
2 dynarray.c:95 0x175e6479 16
2 path.c:191 0x175e6769 26
2 path.c:205 0x175e65a9 6
3 path.c:223 0x175e6769 0x175e6769 26 6
4 path.c:246 0x175e6769 6
4 path.c:31 0x175e65a9 6
4 dynarray.c:112 0x175e6479 16
4 dynarray.c:113 0x175e65c9 24
4 path.c:254 0x175e6429 24
2 path.c:178 0x175e6429 24
1 dynarray.c:84 0x175e6549 24
2 dynarray.c:95 0x175e65c9 16
2 path.c:191 0x175e6769 26
2 path.c:205 0x175e65a9 6
2 path.c:205 0x175e6619 8
3 path.c:223 0x175e6769 0x175e6769 26 14
4 path.c:246 0x175e6769 14
4 path.c:31 0x175e65a9 6
4 path.c:31 0x175e6619 8
4 dynarray.c:112 0x175e65c9 16
4 dynarray.c:113 0x175e6549 24
4 path.c:254 0x175e6429 24
2 path.c:178 0x175e6429 24
1 dynarray.c:84 0x175e6479 24
2 dynarray.c:95 0x175e6549 24
2 path.c:191 0x175e6769 26
2 path.c:205 0x175e6619 6
2 path.c:205 0x175e65a9 8
2 path.c:205 0x175e65f9 12
3 path.c:223 0x175e6769 0x175e6769 26 26
4 path.c:246 0x175e6769 26
4 path.c:31 0x175e6619 6
4 path.c:31 0x175e65a9 8
4 path.c:31 0x175e65f9 12
4 dynarray.c:112 0x175e6549 24
4 dynarray.c:113 0x175e6479 24
4 path.c:254 0x175e6429 24
4 path.c:246 0x175e63a9 26
4 path.c:31 0x175e6409 6
4 path.c:31 0x175e64a9 8
4 path.c:31 0x175e6459 12
4 dynarray.c:112 0x175e6799 32
4 dynarray.c:113 0x175e61e9 24
4 path.c:254 0x175e6269 24
2 path.c:128 0x175e6269 24
1 dynarray.c:84 0x175e65c9 24
2 dynarray.c:95 0x175e61e9 16
2 path.c:90 0x175e6459 6
2 path.c:90 0x175e64a9 8
2 path.c:90 0x175e6409 12
3 dynarray.c:69 0x175e6799 0x175e61e9 16 32
2 path.c:90 0x175e65f9 6
1 path.c:143 0x175e6729 32
2 path.c:178 0x175e61e9 24
1 dynarray.c:84 0x175e63a9 24
2 dynarray.c:95 0x175e6429 16
2 path.c:191 0x175e67d9 32
2 path.c:205 0x175e65a9 6
3 path.c:223 0x175e67d9 0x175e67d9 32 6
4 path.c:246 0x175e67d9 6
4 path.c:31 0x175e65a9 6
4 dynarray.c:112 0x175e6429 16
4 dynarray.c:113 0x175e63a9 24
4 path.c:254 0x175e61e9 24
2 path.c:178 0x175e61e9 24
1 dynarray.c:84 0x175e6479 24
2 dynarray.c:95 0x175e63a9 16
2 path.c:191 0x175e6819 32
2 path.c:205 0x175e65a9 6
2 path.c:205 0x175e67d9 8
3 path.c:223 0x175e6819 0x175e6819 32 14
4 path.c:246 0x175e6819 14
4 path.c:31 0x175e65a9 6
4 path.c:31 0x175e67d9 8
4 dynarray.c:112 0x175e63a9 16
4 dynarray.c:113 0x175e6479 24
4 path.c:254 0x175e61e9 24
2 path.c:178 0x175e61e9 24
1 dynarray.c:84 0x175e6429 24
2 dynarray.c:95 0x175e6479 24
2 path.c:191 0x175e6859 32
2 path.c:205 0x175e67d9 6
2 path.c:205 0x175e65a9 8
2 path.c:205 0x175e6819 12
3 path.c:223 0x175e6859 0x175e6859 32 26
4 path.c:246 0x175e6859 26
4 path.c:31 0x175e67d9 6
4 path.c:31 0x175e65a9 8
4 path.c:31 0x175e6819 12
4 dynarray.c:112 0x175e6479 24
4 dynarray.c:113 0x175e6429 24
4 path.c:254 0x175e61e9 24
2 path.c:178 0x175e61e9 24
1 dynarray.c:84 0x175e63a9 24
2 dynarray.c:95 0x175e6899 32
2 path.c:191 0x175e68d9 32
2 path.c:205 0x175e6819 6
2 path.c:205 0x175e65a9 8
2 path.c:205 0x175e67d9 12
2 path.c:205 0x175e6839 6
3 path.c:223 0x175e68d9 0x175e68d9 32 32
4 path.c:246 0x175e68d9 32
4 path.c:31 0x175e6819 6
4 path.c:31 0x175e65a9 8
4 path.c:31 0x175e67d9 12
4 path.c:31 0x175e6839 6
4 dynarray.c:112 0x175e6899 32
4 dynarray.c:113 0x175e63a9 24
4 path.c:254 0x175e61e9 24
2 path.c:178 0x175e61e9 24
1 dynarray.c:84 0x175e63a9 24
2 dynarray.c:95 0x175e6899 32
2 path.c:191 0x175e68d9 32
2 path.c:205 0x175e6839 6
2 path.c:205 0x175e67d9 8
2 path.c:205 0x175e65a9 12
2 path.c:205 0x175e6819 6
3 path.c:223 0x175e68d9 0x175e68d9 32 32
1 bdtBad5.c:143 0x175e6859 32
2 path.c:178 0x175e6429 24
1 dynarray.c:84 0x175e6479 24
2 dynarray.c:95 0x175e6919 32
2 path.c:191 0x175e6959 32
2 path.c:205 0x175e67f9 6
2 path.c:205 0x175e6619 8
2 path.c:205 0x175e6999 12
2 path.c:205 0x175e69b9 6
3 path.c:223 0x175e6959 0x175e6959 32 32
4 path.c:246 0x175e68d9 32
4 path.c:31 0x175e6839 6
4 path.c:31 0x175e67d9 8
4 path.c:31 0x175e65a9 12
4 path.c:31 0x175e6819 6
4 dynarray.c:112 0x175e6899 32
4 dynarray.c:113 0x175e63a9 24
4 path.c:254 0x175e61e9 24
4 path.c:246 0x175e6729 32
4 path.c:31 0x175e6459 6
4 path.c:31 0x175e64a9 8
4 path.c:31 0x175e6409 12
4 path.c:31 0x175e65f9 6
4 dynarray.c:112 0x175e6799 32
4 dynarray.c:113 0x175e65c9 24
4 path.c:254 0x175e6269 24
2 path.c:128 0x175e6269 24
1 dynarray.c:84 0x175e63a9 24
2 dynarray.c:95 0x175e65c9 16
2 path.c:90 0x175e65f9 6
2 path.c:90 0x175e6409 8
2 path.c:90 0x175e64a9 12
3 dynarray.c:69 0x175e6799 0x175e65c9 16 32
2 path.c:90 0x175e6459 6
1 path.c:143 0x175e68d9 32
2 path.c:178 0x175e65c9 24
1 dynarray.c:84 0x175e61e9 24
2 dynarray.c:95 0x175e6549 16
2 path.c:191 0x175e6729 32
2 path.c:205 0x175e6819 6
3 path.c:223 0x175e6729 0x175e6729 32 6
4 path.c:246 0x175e6729 6
4 path.c:31 0x175e6819 6
4 dynarray.c:112 0x175e6549 16
4 dynarray.c:113 0x175e61e9 24
4 path.c:254 0x175e65c9 24
2 path.c:178 0x175e65c9 24
1 dynarray.c:84 0x175e6769 24
2 dynarray.c:95 0x175e61e9 16
2 path.c:191 0x175e69d9 32
2 path.c:205 0x175e6819 6
2 path.c:205 0x175e6729 8
3 path.c:223 0x175e69d9 0x175e69d9 32 14
4 path.c:246 0x175e69d9 14
4 path.c:31 0x175e6819 6
4 path.c:31 0x175e6729 8
4 dynarray.c:112 0x175e61e9 16
4 dynarray.c:113 0x175e6769 24
4 path.c:254 0x175e65c9 24
2 path.c:178 0x175e65c9 24
1 dynarray.c:84 0x175e6549 24
2 dynarray.c:95 0x175e6769 24
2 path.c:191 0x175e6a19 32
2 path.c:205 0x175e6729 6
2 path.c:205 0x175e6819 8
2 path.c:205 0x175e69d9 12
3 path.c:223 0x175e6a19 0x175e6a19 32 26
4 path.c:246 0x175e6a19 26
4 path.c:31 0x175e6729 6
4 path.c:31 0x175e6819 8
4 path.c:31 0x175e69d9 12
4 dynarray.c:112 0x175e6769 24
4 dynarray.c:113 0x175e6549 24
4 path.c:254 0x175e65c9 24
2 path.c:178 0x175e65c9 24
1 dynarray.c:84 0x175e61e9 24
2 dynarray.c:95 0x175e6a19 32
2 path.c:191 0x175e6a59 32
2 path.c:205 0x175e69d9 6
2 path.c:205 0x175e6819 8
2 path.c:205 0x175e6729 12
2 path.c:205 0x175e69f9 6
3 path.c:223 0x175e6a59 0x175e6a59 32 32
4 path.c:246 0x175e6a59 32
4 path.c:31 0x175e69d9 6
4 path.c:31 0x175e6819 8
4 path.c:31 0x175e6729 12
4 path.c:31 0x175e69f9 6
4 dynarray.c:112 0x175e6a19 32
4 dynarray.c:113 0x175e61e9 24
4 path.c:254 0x175e65c9 24
4 path.c:246 0x175e68d9 32
4 path.c:31 0x175e65f9 6
4 path.c:31 0x175e6409 8
4 path.c:31 0x175e64a9 12
4 path.c:31 0x175e6459 6
4 dynarray.c:112 0x175e6799 32
4 dynarray.c:113 0x175e63a9 24
4 path.c:254 0x175e6269 24
1 dynarray.c:84 0x175e61e9 24
2 dynarray.c:95 0x175e6a99 48
1 bdtBad5.c:662 0x175e6ae9 117
4 dynarray.c:112 0x175e6a99 48
4 dynarray.c:113 0x175e61e9 24
4 bdt_client.c:96 0x175e6ae9 117
2 path.c:128 0x175e6269 24
1 dynarray.c:84 0x175e61e9 24
2 dynarray.c:95 0x175e63a9 16
2 path.c:90 0x175e6459 6
2 path.c:90 0x175e64a9 8
2 path.c:90 0x175e6409 12
3 dynarray.c:69 0x175e6799 0x175e63a9 16 32
2 path.c:90 0x175e65f9 6
1 path.c:143 0x175e6899 32
2 path.c:178 0x175e63a9 24
1 dynarray.c:84 0x175e65c9 24
2 dynarray.c:95 0x175e6549 16
2 path.c:191 0x175e68d9 32
2 path.c:205 0x175e69f9 6
3 path.c:223 0x175e68d9 0x175e68d9 32 6
4 path.c:246 0x175e68d9 6
4 path.c:31 0x175e69f9 6
4 dynarray.c:112 0x175e6549 16
4 dynarray.c:113 0x175e65c9 24
4 path.c:254 0x175e63a9 24
2 path.c:178 0x175e63a9 24
1 dynarray.c:84 0x175e6769 24
2 dynarray.c:95 0x175e65c9 16
2 path.c:191 0x175e6a59 32
2 path.c:205 0x175e69f9 6
2 path.c:205 0x175e68d9 8
3 path.c:223 0x175e6a59 0x175e6a59 32 14
4 path.c:246 0x175e6a59 14
4 path.c:31 0x175e69f9 6
4 path.c:31 0x175e68d9 8
4 dynarray.c:112 0x175e65c9 16
4 dynarray.c:113 0x175e6769 24
4 path.c:254 0x175e63a9 24
2 path.c:178 0x175e63a9 24
1 dynarray.c:84 0x175e6549 24
2 dynarray.c:95 0x175e6769 24
2 path.c:191 0x175e6b79 32
2 path.c:205 0x175e68d9 6
2 path.c:205 0x175e69f9 8
2 path.c:205 0x175e6a59 12
3 path.c:223 0x175e6b79 0x175e6b79 32 26
4 path.c:246 0x175e6b79 26
4 path.c:31 0x175e68d9 6
4 path.c:31 0x175e69f9 8
4 path.c:31 0x175e6a59 12
4 dynarray.c:112 0x175e6769 24
4 dynarray.c:113 0x175e6549 24
4 path.c:254 0x175e63a9 24
2 path.c:178 0x175e63a9 24
1 dynarray.c:84 0x175e65c9 24
2 dynarray.c:95 0x175e6b79 32
2 path.c:191 0x175e6bb9 32
2 path.c:205 0x175e6a59 6
2 path.c:205 0x175e69f9 8
2 path.c:205 0x175e68d9 12
2 path.c:205 0x175e6a79 6
3 path.c:223 0x175e6bb9 0x175e6bb9 32 32
4 path.c:246 0x175e6bb9 32
4 path.c:31 0x175e6a59 6
4 path.c:31 0x175e69f9 8
4 path.c:31 0x175e68d9 12
4 path.c:31 0x175e6a79 6
4 dynarray.c:112 0x175e6b79 32
4 dynarray.c:113 0x175e65c9 24
4 path.c:254 0x175e63a9 24
4 path.c:246 0x175e6899 32
4 path.c:31 0x175e6459 6
4 path.c:31 0x175e64a9 8
4 path.c:31 0x175e6409 12
4 path.c:31 0x175e65f9 6
4 dynarray.c:112 0x175e6799 32
4 dynarray.c:113 0x175e61e9 24
4 path.c:254 0x175e6269 24
2 path.c:128 0x175e6269 24
1 dynarray.c:84 0x175e65c9 24
2 dynarray.c:95 0x175e61e9 16
2 path.c:90 0x175e65f9 6
2 path.c:90 0x175e6409 8
2 path.c:90 0x175e64a9 8
3 dynarray.c:69 0x175e6799 0x175e61e9 16 32
1 path.c:143 0x175e63a9 22
2 path.c:178 0x175e61e9 24
1 dynarray.c:84 0x175e6549 24
2 dynarray.c:95 0x175e6769 16
2 path.c:191 0x175e6bf9 22
2 path.c:205 0x175e6459 6
3 path.c:223 0x175e6bf9 0x175e6bf9 22 6
4 path.c:246 0x175e6bf9 6
4 path.c:31 0x175e6459 6
4 dynarray.c:112 0x175e6769 16
4 dynarray.c:113 0x175e6549 24
4 path.c:254 0x175e61e9 24
2 path.c:178 0x175e61e9 24
1 dynarray.c:84 0x175e6bf9 24
2 dynarray.c:95 0x175e6549 16
2 path.c:191 0x175e6c29 22
2 path.c:205 0x175e6459 6
2 path.c:205 0x175e6a79 8
3 path.c:223 0x175e6c29 0x175e6c29 22 14
4 path.c:246 0x175e6c29 14
4 path.c:31 0x175e6459 6
4 path.c:31 0x175e6a79 8
4 dynarray.c:112 0x175e6549 16
4 dynarray.c:113 0x175e6bf9 24
4 path.c:254 0x175e61e9 24
2 path.c:178 0x175e61e9 24
1 dynarray.c:84 0x175e6769 24
2 dynarray.c:95 0x175e6bf9 24
2 path.c:191 0x175e6c29 22
2 path.c:205 0x175e6a79 6
2 path.c:205 0x175e6459 8
2 path.c:205 0x175e68d9 8
3 path.c:223 0x175e6c29 0x175e6c29 22 22
4 path.c:246 0x175e6c29 22
4 path.c:31 0x175e6a79 6
4 path.c:31 0x175e6459 8
4 path.c:31 0x175e68d9 8
4 dynarray.c:112 0x175e6bf9 24
4 dynarray.c:113 0x175e6769 24
4 path.c:254 0x175e61e9 24
2 path.c:128 0x175e61e9 24
1 dynarray.c:84 0x175e6549 24
2 dynarray.c:95 0x175e6769 16
2 path.c:90 0x175e68d9 6
2 path.c:90 0x175e6459 8
2 path.c:90 0x175e6a79 8
3 dynarray.c:69 0x175e6899 0x175e6769 16 32
1 path.c:143 0x175e6bf9 22
2 path.c:178 0x175e6769 24
1 dynarray.c:84 0x175e6c29 24
2 dynarray.c:95 0x175e6c59 16
2 path.c:191 0x175e6c89 22
2 path.c:205 0x175e69f9 6
3 path.c:223 0x175e6c89 0x175e6c89 22 6
4 path.c:246 0x175e6c89 6
4 path.c:31 0x175e69f9 6
4 dynarray.c:112 0x175e6c59 16
4 dynarray.c:113 0x175e6c29 24
4 path.c:254 0x175e6769 24
2 path.c:178 0x175e6769 24
1 dynarray.c:84 0x175e6c89 24
2 dynarray.c:95 0x175e6c29 16
2 path.c:191 0x175e6cb9 22
2 path.c:205 0x175e69f9 6
2 path.c:205 0x175e6a59 8
3 path.c:223 0x175e6cb9 0x175e6cb9 22 14
4 path.c:246 0x175e6cb9 14
4 path.c:31 0x175e69f9 6
4 path.c:31 0x175e6a59 8
4 dynarray.c:112 0x175e6c29 16
4 dynarray.c:113 0x175e6c89 24
4 path.c:254 0x175e6769 24
2 path.c:178 0x175e6769 24
1 dynarray.c:84 0x175e6c59 24
2 dynarray.c:95 0x175e6c89 24
2 path.c:191 0x175e6cb9 22
2 path.c:205 0x175e6a59 6
2 path.c:205 0x175e69f9 8
2 path.c:205 0x175e68f9 8
3 path.c:223 0x175e6cb9 0x175e6cb9 22 22
4 path.c:246 0x175e6cb9 22
4 path.c:31 0x175e6a59 6
4 path.c:31 0x175e69f9 8
4 path.c:31 0x175e68f9 8
4 dynarray.c:112 0x175e6c89 24
4 dynarray.c:113 0x175e6c59 24
4 path.c:254 0x175e6769 24
2 path.c:128 0x175e6769 24
1 dynarray.c:84 0x175e6c29 24
2 dynarray.c:95 0x175e6c59 16
2 path.c:90 0x175e68f9 6
2 path.c:90 0x175e69f9 8
2 path.c:90 0x175e6a59 8
3 dynarray.c:69 0x175e6b79 0x175e6c59 16 32
1 path.c:143 0x175e6c89 22
2 path.c:178 0x175e6c59 24
1 dynarray.c:84 0x175e6cb9 24
2 dynarray.c:95 0x175e6ce9 16
2 path.c:191 0x175e6d19 22
2 path.c:205 0x175e6729 6
3 path.c:223 0x175e6d19 0x175e6d19 22 6
4 path.c:246 0x175e6d19 6
4 path.c:31 0x175e6729 6
4 dynarray.c:112 0x175e6ce9 16
4 dynarray.c:113 0x175e6cb9 24
4 path.c:254 0x175e6c59 24
2 path.c:178 0x175e6c59 24
1 dynarray.c:84 0x175e6d19 24
2 dynarray.c:95 0x175e6cb9 16
2 path.c:191 0x175e6d49 22
2 path.c:205 0x175e6729 6
2 path.c:205 0x175e6819 8
3 path.c:223 0x175e6d49 0x175e6d49 22 14
4 path.c:246 0x175e6d49 14
4 path.c:31 0x175e6729 6
4 path.c:31 0x175e6819 8
4 dynarray.c:112 0x175e6cb9 16
4 dynarray.c:113 0x175e6d19 24
4 path.c:254 0x175e6c59 24
2 path.c:178 0x175e6c59 24
1 dynarray.c:84 0x175e6ce9 24
2 dynarray.c:95 0x175e6d19 24
2 path.c:191 0x175e6d49 22
2 path.c:205 0x175e6819 6
2 path.c:205 0x175e6729 8
2 path.c:205 0x175e69d9 8
3 path.c:223 0x175e6d49 0x175e6d49 22 22
4 path.c:246 0x175e6d49 22
4 path.c:31 0x175e6819 6
4 path.c:31 0x175e6729 8
4 path.c:31 0x175e69d9 8
4 dynarray.c:112 0x175e6d19 24
4 dynarray.c:113 0x175e6ce9 24
4 path.c:254 0x175e6c59 24
2 path.c:128 0x175e6c59 24
1 dynarray.c:84 0x175e6cb9 24
2 dynarray.c:95 0x175e6ce9 16
2 path.c:90 0x175e69d9 6
2 path.c:90 0x175e6729 8
1 path.c:143 0x175e5f59 14
2 path.c:178 0x175e6d49 24
1 dynarray.c:84 0x175e6d19 24
2 dynarray.c:95 0x175e6d79 16
2 path.c:191 0x175e6819 14
2 path.c:205 0x175e65a9 6
3 path.c:223 0x175e6819 0x175e6819 14 6
4 path.c:246 0x175e6819 6
4 path.c:31 0x175e65a9 6
4 dynarray.c:112 0x175e6d79 16
4 dynarray.c:113 0x175e6d19 24
4 path.c:254 0x175e6d49 24
2 path.c:178 0x175e6d49 24
1 dynarray.c:84 0x175e6d79 24
2 dynarray.c:95 0x175e6d19 16
2 path.c:191 0x175e65a9 14
2 path.c:205 0x175e6819 6
2 path.c:205 0x175e67d9 8
3 path.c:223 0x175e65a9 0x175e65a9 14 14
4 path.c:246 0x175e65a9 14
4 path.c:31 0x175e6819 6
4 path.c:31 0x175e67d9 8
4 dynarray.c:112 0x175e6d19 16
4 dynarray.c:113 0x175e6d79 24
4 path.c:254 0x175e6d49 24
4 path.c:246 0x175e5f59 14
4 path.c:31 0x175e69d9 6
4 path.c:31 0x175e6729 8
4 dynarray.c:112 0x175e6ce9 16
4 dynarray.c:113 0x175e6cb9 24
4 path.c:254 0x175e6c59 24
4 path.c:246 0x175e6959 32
4 path.c:31 0x175e67f9 6
4 path.c:31 0x175e6619 8
4 path.c:31 0x175e6999 12
4 path.c:31 0x175e69b9 6
4 dynarray.c:112 0x175e6919 32
4 dynarray.c:113 0x175e6479 24
4 path.c:254 0x175e6429 24
4 bdtBad5.c:263 0x175e6859 32
4 path.c:246 0x175e6699 26
4 path.c:31 0x175e66c9 6
4 path.c:31 0x175e66e9 8
4 path.c:31 0x175e6709 12
4 dynarray.c:112 0x175e6669 24
4 dynarray.c:113 0x175e6579 24
4 path.c:254 0x175e6639 24
4 bdtBad5.c:263 0x175e6369 32
4 path.c:246 0x175e5e99 14
4 path.c:31 0x175e5eb9 6
4 path.c:31 0x175e5ed9 8
4 dynarray.c:112 0x175e5e69 16
4 dynarray.c:113 0x175e5709 24
4 path.c:254 0x175e5db9 24
4 bdtBad5.c:263 0x175e5e29 32
2 path.c:128 0x175e5db9 24
1 dynarray.c:84 0x175e6d19 24
2 dynarray.c:95 0x175e5709 16
2 path.c:90 0x175e5ed9 6
1 path.c:143 0x175e6749 6
2 path.c:178 0x175e6639 24
1 dynarray.c:84 0x175e5e69 24
2 dynarray.c:95 0x175e6579 16
2 path.c:191 0x175e5eb9 6
2 path.c:205 0x175e6709 6
3 path.c:223 0x175e5eb9 0x175e5eb9 6 6
4 path.c:246 0x175e5eb9 6
4 path.c:31 0x175e6709 6
4 dynarray.c:112 0x175e6579 16
4 dynarray.c:113 0x175e5e69 24
4 path.c:254 0x175e6639 24
4 path.c:246 0x175e6749 6
4 path.c:31 0x175e5ed9 6
4 dynarray.c:112 0x175e5709 16
4 dynarray.c:113 0x175e6d19 24
4 path.c:254 0x175e5db9 24
2 path.c:128 0x175e5db9 24
1 dynarray.c:84 0x175e6669 24
2 dynarray.c:95 0x175e6d19 16
2 path.c:90 0x175e5ed9 6
2 path.c:90 0x175e6749 7
1 path.c:143 0x175e5e99 13
2 path.c:178 0x175e6639 24
1 dynarray.c:84 0x175e5709 24
2 dynarray.c:95 0x175e5e69 16
2 path.c:191 0x175e6709 13
2 path.c:205 0x175e66e9 6
3 path.c:223 0x175e6709 0x175e6709 13 6
4 path.c:246 0x175e6709 6
4 path.c:31 0x175e66e9 6
4 dynarray.c:112 0x175e5e69 16
4 dynarray.c:113 0x175e5709 24
4 path.c:254 0x175e6639 24
2 path.c:178 0x175e6639 24
1 dynarray.c:84 0x175e6579 24
2 dynarray.c:95 0x175e5709 16
2 path.c:191 0x175e66e9 13
2 path.c:205 0x175e6709 6
2 path.c:205 0x175e66c9 7
3 path.c:223 0x175e66e9 0x175e66e9 13 13
4 path.c:246 0x175e66e9 13
4 path.c:31 0x175e6709 6
4 path.c:31 0x175e66c9 7
4 dynarray.c:112 0x175e5709 16
4 dynarray.c:113 0x175e6579 24
4 path.c:254 0x175e6639 24
4 path.c:246 0x175e5e99 13
4 path.c:31 0x175e5ed9 6
4 path.c:31 0x175e6749 7
4 dynarray.c:112 0x175e6d19 16
4 dynarray.c:113 0x175e6669 24
4 path.c:254 0x175e5db9 24
2 path.c:128 0x175e5db9 24
1 dynarray.c:84 0x175e5e69 24
2 dynarray.c:95 0x175e6669 16
2 path.c:90 0x175e6749 6
2 path.c:90 0x175e5ed9 8
1 path.c:143 0x175e5eb9 14
2 path.c:178 0x175e6639 24
1 dynarray.c:84 0x175e6d19 24
2 dynarray.c:95 0x175e6579 16
2 path.c:191 0x175e5e99 14
2 path.c:205 0x175e6709 6
3 path.c:223 0x175e5e99 0x175e5e99 14 6
4 path.c:246 0x175e5e99 6
4 path.c:31 0x175e6709 6
4 dynarray.c:112 0x175e6579 16
4 dynarray.c:113 0x175e6d19 24
4 path.c:254 0x175e6639 24
2 path.c:178 0x175e6639 24
1 dynarray.c:84 0x175e5709 24
2 dynarray.c:95 0x175e6d19 16
2 path.c:191 0x175e6709 14
2 path.c:205 0x175e5e99 6
2 path.c:205 0x175e66e9 8
3 path.c:223 0x175e6709 0x175e6709 14 14
4 path.c:246 0x175e6709 14
4 path.c:31 0x175e5e99 6
4 path.c:31 0x175e66e9 8
4 dynarray.c:112 0x175e6d19 16
4 dynarray.c:113 0x175e5709 24
4 path.c:254 0x175e6639 24
2 path.c:128 0x175e6639 24
1 dynarray.c:84 0x175e6579 24
2 dynarray.c:95 0x175e5709 16
2 path.c:90 0x175e66e9 6
2 path.c:90 0x175e5e99 8
2 path.c:90 0x175e6709 12
3 dynarray.c:69 0x175e5e29 0x175e5709 16 32
1 path.c:143 0x175e6d19 26
2 path.c:178 0x175e5709 24
1 dynarray.c:84 0x175e6699 24
2 dynarray.c:95 0x175e6429 16
2 path.c:191 0x175e6c59 26
2 path.c:205 0x175e69b9 6
3 path.c:223 0x175e6c59 0x175e6c59 26 6
4 path.c:246 0x175e6c59 6
4 path.c:31 0x175e69b9 6
4 dynarray.c:112 0x175e6429 16
4 dynarray.c:113 0x175e6699 24
4 path.c:254 0x175e5709 24
2 path.c:178 0x175e5709 24
1 dynarray.c:84 0x175e6479 24
2 dynarray.c:95 0x175e6699 16
2 path.c:191 0x175e6c59 26
2 path.c:205 0x175e69b9 6
2 path.c:205 0x175e6999 8
3 path.c:223 0x175e6c59 0x175e6c59 26 14
4 path.c:246 0x175e6c59 14
4 path.c:31 0x175e69b9 6
4 path.c:31 0x175e6999 8
4 dynarray.c:112 0x175e6699 16
4 dynarray.c:113 0x175e6479 24
4 path.c:254 0x175e5709 24
2 path.c:128 0x175e5709 24
1 dynarray.c:84 0x175e6429 24
2 dynarray.c:95 0x175e6479 16
2 path.c:90 0x175e6999 6
2 path.c:90 0x175e69b9 8
2 path.c:90 0x175e6619 12
3 dynarray.c:69 0x175e6369 0x175e6479 16 32
2 path.c:90 0x175e67f9 6
1 path.c:143 0x175e6a19 32
2 path.c:178 0x175e6479 24
1 dynarray.c:84 0x175e6699 24
2 dynarray.c:95 0x175e6c59 16
2 path.c:191 0x175e6859 32
2 path.c:205 0x175e6729 6
3 path.c:223 0x175e6859 0x175e6859 32 6
4 path.c:246 0x175e6859 6
4 path.c:31 0x175e6729 6
4 dynarray.c:112 0x175e6c59 16
4 dynarray.c:113 0x175e6699 24
4 path.c:254 0x175e6479 24
2 path.c:178 0x175e6479 24
1 dynarray.c:84 0x175e6cb9 24
2 dynarray.c:95 0x175e6699 16
2 path.c:191 0x175e6959 32
2 path.c:205 0x175e6729 6
2 path.c:205 0x175e6859 8
3 path.c:223 0x175e6959 0x175e6959 32 14
4 path.c:246 0x175e6959 14
4 path.c:31 0x175e6729 6
4 path.c:31 0x175e6859 8
4 dynarray.c:112 0x175e6699 16
4 dynarray.c:113 0x175e6cb9 24
4 path.c:254 0x175e6479 24
1 dynarray.c:84 0x175e6c59 24
2 dynarray.c:95 0x175e6479 24
1 bdtBad5.c:662 0x175e6919 45
4 dynarray.c:112 0x175e6479 24
4 dynarray.c:113 0x175e6c59 24
4 bdt_client.c:113 0x175e6919 45
2 path.c:128 0x175e6c59 24
1 dynarray.c:84 0x175e6cb9 24
2 dynarray.c:95 0x175e6479 16
2 path.c:90 0x175e6859 13
1 path.c:143 0x175e66c9 13
2 path.c:178 0x175e6ce9 24
1 dynarray.c:84 0x175e6699 24
2 dynarray.c:95 0x175e6d49 16
2 path.c:191 0x175e6729 13
2 path.c:205 0x175e6979 13
3 path.c:223 0x175e6729 0x175e6729 13 13
4 path.c:246 0x175e6729 13
4 path.c:31 0x175e6979 13
4 dynarray.c:112 0x175e6d49 16
4 dynarray.c:113 0x175e6699 24
4 path.c:254 0x175e6ce9 24
4 path.c:246 0x175e66c9 13
4 path.c:31 0x175e6859 13
4 dynarray.c:112 0x175e6479 16
4 dynarray.c:113 0x175e6cb9 24
4 path.c:254 0x175e6c59 24
2 path.c:128 0x175e6c59 24
1 dynarray.c:84 0x175e6d79 24
2 dynarray.c:95 0x175e6cb9 16
2 path.c:90 0x175e6859 6
1 path.c:143 0x175e6959 6
2 path.c:178 0x175e6ce9 24
1 dynarray.c:84 0x175e6479 24
2 dynarray.c:95 0x175e6699 16
2 path.c:191 0x175e66c9 6
2 path.c:205 0x175e6729 6
3 path.c:223 0x175e66c9 0x175e66c9 6 6
4 path.c:246 0x175e66c9 6
4 path.c:31 0x175e6729 6
4 dynarray.c:112 0x175e6699 16
4 dynarray.c:113 0x175e6479 24
4 path.c:254 0x175e6ce9 24
4 path.c:246 0x175e6959 6
4 path.c:31 0x175e6859 6
4 dynarray.c:112 0x175e6cb9 16
4 dynarray.c:113 0x175e6d79 24
4 path.c:254 0x175e6c59 24
4 path.c:246 0x175e5bf9 25
4 path.c:31 0x175e5c29 6
4 path.c:31 0x175e5c49 7
4 path.c:31 0x175e5c69 12
4 dynarray.c:112 0x175e5bc9 24
4 dynarray.c:113 0x175e5909 24
4 path.c:254 0x175e5b99 24
4 bdtBad5.c:263 0x175e5b59 32
4 path.c:246 0x175e5aa9 13
4 path.c:31 0x175e5ac9 6
4 path.c:31 0x175e5ae9 7
4 dynarray.c:112 0x175e5a79 16
4 dynarray.c:113 0x175e5599 24
4 path.c:254 0x175e5a49 24
4 bdtBad5.c:263 0x175e5a09 32
4 path.c:246 0x175e5849 6
4 path.c:31 0x175e5869 6
4 dynarray.c:112 0x175e5819 16
4 dynarray.c:113 0x175e55f9 24
4 path.c:254 0x175e57e9 24
4 bdtBad5.c:263 0x175e57a9 32
2 path.c:128 0x175e57e9 24
1 dynarray.c:84 0x175e6d49 24
2 dynarray.c:95 0x175e55f9 16
2 path.c:90 0x175e5869 6
2 path.c:90 0x175e5849 7
1 path.c:143 0x175e6979 13
4 path.c:246 0x175e6979 13
4 path.c:31 0x175e5869 6
4 path.c:31 0x175e5849 7
4 dynarray.c:112 0x175e55f9 16
4 dynarray.c:113 0x175e6d49 24
4 path.c:254 0x175e57e9 24
2 path.c:128 0x175e57e9 24
1 dynarray.c:84 0x175e5819 24
2 dynarray.c:95 0x175e6d49 16
2 path.c:90 0x175e5849 6
1 path.c:143 0x175e6979 6
4 path.c:246 0x175e6979 6
4 path.c:31 0x175e5849 6
4 dynarray.c:112 0x175e6d49 16
4 dynarray.c:113 0x175e5819 24
4 path.c:254 0x175e57e9 24
2 path.c:128 0x175e57e9 24
1 dynarray.c:84 0x175e55f9 24
2 dynarray.c:95 0x175e5819 16
2 path.c:90 0x175e5849 6
1 path.c:143 0x175e6979 6
4 path.c:246 0x175e6979 6
4 path.c:31 0x175e5849 6
4 dynarray.c:112 0x175e5819 16
4 dynarray.c:113 0x175e55f9 24
4 path.c:254 0x175e57e9 24
2 path.c:128 0x175e57e9 24
1 dynarray.c:84 0x175e6d49 24
2 dynarray.c:95 0x175e55f9 16
2 path.c:90 0x175e5849 13
1 path.c:143 0x175e6979 13
4 path.c:246 0x175e6979 13
4 path.c:31 0x175e5849 13
4 dynarray.c:112 0x175e55f9 16
4 dynarray.c:113 0x175e6d49 24
4 path.c:254 0x175e57e9 24
1 dynarray.c:84 0x175e5819 24
2 dynarray.c:95 0x175e57e9 16
1 bdtBad5.c:662 0x175e6979 1
4 dynarray.c:112 0x175e57e9 16
4 dynarray.c:113 0x175e5819 24
4 bdt_client.c:124 0x175e6979 1
2 path.c:128 0x175e5819 24
1 dynarray.c:84 0x175e6d49 24
2 dynarray.c:95 0x175e57e9 16
2 path.c:90 0x175e5849 2
2 path.c:90 0x175e5869 2
1 path.c:143 0x175e6979 4
2 path.c:178 0x175e5a49 24
1 dynarray.c:84 0x175e55f9 24
2 dynarray.c:95 0x175e5599 16
2 path.c:191 0x175e5ae9 4
2 path.c:205 0x175e5aa9 2
3 path.c:223 0x175e5ae9 0x175e5ae9 4 2
1 bdtBad5.c:143 0x175e6919 32
2 path.c:178 0x175e5b99 24
1 dynarray.c:84 0x175e5a79 24
2 dynarray.c:95 0x175e5909 16
2 path.c:191 0x175e5c69 2
2 path.c:205 0x175e5c49 2
3 path.c:223 0x175e5c69 0x175e5c69 2 2
4 path.c:246 0x175e5ae9 2
4 path.c:31 0x175e5aa9 2
4 dynarray.c:112 0x175e5599 16
4 dynarray.c:113 0x175e55f9 24
4 path.c:254 0x175e5a49 24
2 path.c:178 0x175e5a49 24
1 dynarray.c:84 0x175e5bc9 24
2 dynarray.c:95 0x175e55f9 16
2 path.c:191 0x175e5aa9 4
2 path.c:205 0x175e5ae9 2
2 path.c:205 0x175e5c29 2
3 path.c:223 0x175e5aa9 0x175e5aa9 4 4
1 bdtBad5.c:143 0x175e6509 32
2 path.c:178 0x175e5bf9 24
1 dynarray.c:84 0x175e5599 24
2 dynarray.c:95 0x175e6c59 16
2 path.c:191 0x175e6859 4
2 path.c:205 0x175e6959 2
2 path.c:205 0x175e6729 2
3 path.c:223 0x175e6859 0x175e6859 4 4
4 path.c:246 0x175e5aa9 4
4 path.c:31 0x175e5ae9 2
4 path.c:31 0x175e5c29 2
4 dynarray.c:112 0x175e55f9 16
4 dynarray.c:113 0x175e5bc9 24
4 path.c:254 0x175e5a49 24
4 path.c:246 0x175e6979 4
4 path.c:31 0x175e5849 2
4 path.c:31 0x175e5869 2
4 dynarray.c:112 0x175e57e9 16
4 dynarray.c:113 0x175e6d49 24
4 path.c:254 0x175e5819 24
1 dynarray.c:84 0x175e6d79 24
2 dynarray.c:95 0x175e5819 16
1 bdtBad5.c:662 0x175e5ac9 7
4 dynarray.c:112 0x175e5819 16
4 dynarray.c:113 0x175e6d79 24
4 bdt_client.c:136 0x175e5ac9 7
2 path.c:128 0x175e6d79 24
1 dynarray.c:84 0x175e6d49 24
2 dynarray.c:95 0x175e5819 16
2 path.c:90 0x175e5869 2
2 path.c:90 0x175e5849 2
1 path.c:143 0x175e5ac9 4
2 path.c:178 0x175e5a49 24
1 dynarray.c:84 0x175e57e9 24
2 dynarray.c:95 0x175e5bc9 16
2 path.c:191 0x175e6979 4
2 path.c:205 0x175e5ae9 2
3 path.c:223 0x175e6979 0x175e6979 4 2
4 path.c:246 0x175e6979 2
4 path.c:31 0x175e5ae9 2
4 dynarray.c:112 0x175e5bc9 16
4 dynarray.c:113 0x175e57e9 24
4 path.c:254 0x175e5a49 24
2 path.c:178 0x175e5a49 24
1 dynarray.c:84 0x175e55f9 24
2 dynarray.c:95 0x175e57e9 16
2 path.c:191 0x175e5ae9 4
2 path.c:205 0x175e6979 2
2 path.c:205 0x175e5aa9 2
3 path.c:223 0x175e5ae9 0x175e5ae9 4 4
4 path.c:246 0x175e5ae9 4
4 path.c:31 0x175e6979 2
4 path.c:31 0x175e5aa9 2
4 dynarray.c:112 0x175e57e9 16
4 dynarray.c:113 0x175e55f9 24
4 path.c:254 0x175e5a49 24
2 path.c:178 0x175e5a49 24
1 dynarray.c:84 0x175e5bc9 24
2 dynarray.c:95 0x175e55f9 16
2 path.c:191 0x175e5aa9 4
2 path.c:205 0x175e6979 2
2 path.c:205 0x175e5ae9 2
3 path.c:223 0x175e5aa9 0x175e5aa9 4 4
1 bdtBad5.c:143 0x175e62b9 32
2 path.c:178 0x175e6cb9 24
1 dynarray.c:84 0x175e57e9 24
2 dynarray.c:95 0x175e6ce9 16
2 path.c:191 0x175e66c9 4
2 path.c:205 0x175e6879 2
2 path.c:205 0x175e69d9 2
3 path.c:223 0x175e66c9 0x175e66c9 4 4
4 path.c:246 0x175e5aa9 4
4 path.c:31 0x175e6979 2
4 path.c:31 0x175e5ae9 2
4 dynarray.c:112 0x175e55f9 16
4 dynarray.c:113 0x175e5bc9 24
4 path.c:254 0x175e5a49 24
4 path.c:246 0x175e5ac9 4
4 path.c:31 0x175e5869 2
4 path.c:31 0x175e5849 2
4 dynarray.c:112 0x175e5819 16
4 dynarray.c:113 0x175e6d49 24
4 path.c:254 0x175e6d79 24
1 dynarray.c:84 0x175e6479 24
2 dynarray.c:95 0x175e6d79 24
1 bdtBad5.c:662 0x175e5c29 11
4 dynarray.c:112 0x175e6d79 24
4 dynarray.c:113 0x175e6479 24
4 bdt_client.c:140 0x175e5c29 11
2 path.c:128 0x175e6479 24
1 dynarray.c:84 0x175e6d49 24
2 dynarray.c:95 0x175e6d79 16
2 path.c:90 0x175e5849 2
2 path.c:90 0x175e5869 2
1 path.c:143 0x175e5c29 4
2 path.c:178 0x175e5a49 24
1 dynarray.c:84 0x175e5819 24
2 dynarray.c:95 0x175e5bc9 16
2 path.c:191 0x175e5ac9 4
2 path.c:205 0x175e6979 2
3 path.c:223 0x175e5ac9 0x175e5ac9 4 2
4 path.c:246 0x175e5ac9 2
4 path.c:31 0x175e6979 2
4 dynarray.c:112 0x175e5bc9 16
4 dynarray.c:113 0x175e5819 24
4 path.c:254 0x175e5a49 24
2 path.c:178 0x175e5a49 24
1 dynarray.c:84 0x175e55f9 24
2 dynarray.c:95 0x175e5819 16
2 path.c:191 0x175e6979 4
2 path.c:205 0x175e5ac9 2
2 path.c:205 0x175e5aa9 2
3 path.c:223 0x175e6979 0x175e6979 4 4
4 path.c:246 0x175e6979 4
4 path.c:31 0x175e5ac9 2
4 path.c:31 0x175e5aa9 2
4 dynarray.c:112 0x175e5819 16
4 dynarray.c:113 0x175e55f9 24
4 path.c:254 0x175e5a49 24
4 path.c:246 0x175e5c29 4
4 path.c:31 0x175e5849 2
4 path.c:31 0x175e5869 2
4 dynarray.c:112 0x175e6d79 16
4 dynarray.c:113 0x175e6d49 24
4 path.c:254 0x175e6479 24
4 path.c:246 0x175e6859 4
4 path.c:31 0x175e6959 2
4 path.c:31 0x175e6729 2
4 dynarray.c:112 0x175e6c59 16
4 dynarray.c:113 0x175e5599 24
4 path.c:254 0x175e5bf9 24
4 bdtBad5.c:263 0x175e6509 32
1 dynarray.c:84 0x175e5bc9 24
2 dynarray.c:95 0x175e5bf9 16
1 bdtBad5.c:662 0x175e5ae9 7
4 dynarray.c:112 0x175e5bf9 16
4 dynarray.c:113 0x175e5bc9 24
4 bdt_client.c:144 0x175e5ae9 7
2 path.c:128 0x175e5bc9 24
1 dynarray.c:84 0x175e5599 24
2 dynarray.c:95 0x175e5bf9 16
2 path.c:90 0x175e6729 2
2 path.c:90 0x175e6959 3
1 path.c:143 0x175e5ae9 5
2 path.c:178 0x175e6479 24
1 dynarray.c:84 0x175e6c59 24
2 dynarray.c:95 0x175e6d49 16
2 path.c:191 0x175e6859 5
2 path.c:205 0x175e5849 2
3 path.c:223 0x175e6859 0x175e6859 5 2
4 path.c:246 0x175e6859 2
4 path.c:31 0x175e5849 2
4 dynarray.c:112 0x175e6d49 16
4 dynarray.c:113 0x175e6c59 24
4 path.c:254 0x175e6479 24
2 path.c:178 0x175e6479 24
1 dynarray.c:84 0x175e6d79 24
2 dynarray.c:95 0x175e6c59 16
2 path.c:191 0x175e5849 5
2 path.c:205 0x175e6859 2
2 path.c:205 0x175e5c29 3
3 path.c:223 0x175e5849 0x175e5849 5 5
4 path.c:246 0x175e5849 5
4 path.c:31 0x175e6859 2
4 path.c:31 0x175e5c29 3
4 dynarray.c:112 0x175e6c59 16
4 dynarray.c:113 0x175e6d79 24
4 path.c:254 0x175e6479 24
2 path.c:178 0x175e6479 24
1 dynarray.c:84 0x175e6d49 24
2 dynarray.c:95 0x175e6d79 16
2 path.c:191 0x175e5c29 5
2 path.c:205 0x175e6859 2
2 path.c:205 0x175e5849 3
3 path.c:223 0x175e5c29 0x175e5c29 5 5
1 bdtBad5.c:143 0x175e6509 32
2 path.c:178 0x175e5a49 24
1 dynarray.c:84 0x175e6c59 24
2 dynarray.c:95 0x175e55f9 16
2 path.c:191 0x175e5aa9 5
2 path.c:205 0x175e5ac9 2
2 path.c:205 0x175e6979 3
3 path.c:223 0x175e5aa9 0x175e5aa9 5 5
4 path.c:246 0x175e5c29 5
4 path.c:31 0x175e6859 2
4 path.c:31 0x175e5849 3
4 dynarray.c:112 0x175e6d79 16
4 dynarray.c:113 0x175e6d49 24
4 path.c:254 0x175e6479 24
4 path.c:246 0x175e5ae9 5
4 path.c:31 0x175e6729 2
4 path.c:31 0x175e6959 3
4 dynarray.c:112 0x175e5bf9 16
4 dynarray.c:113 0x175e5599 24
4 path.c:254 0x175e5bc9 24
1 dynarray.c:84 0x175e5819 24
2 dynarray.c:95 0x175e5bc9 24
1 bdtBad5.c:662 0x175e5869 12
4 dynarray.c:112 0x175e5bc9 24
4 dynarray.c:113 0x175e5819 24
4 bdt_client.c:148 0x175e5869 12
2 path.c:128 0x175e5819 24
1 dynarray.c:84 0x175e5599 24
2 dynarray.c:95 0x175e5bc9 16
2 path.c:90 0x175e6959 2
2 path.c:90 0x175e6729 3
1 path.c:143 0x175e5869 5
2 path.c:178 0x175e6479 24
1 dynarray.c:84 0x175e5bf9 24
2 dynarray.c:95 0x175e6d49 16
2 path.c:191 0x175e5ae9 5
2 path.c:205 0x175e6859 2
3 path.c:223 0x175e5ae9 0x175e5ae9 5 2
4 path.c:246 0x175e5ae9 2
4 path.c:31 0x175e6859 2
4 dynarray.c:112 0x175e6d49 16
4 dynarray.c:113 0x175e5bf9 24
4 path.c:254 0x175e6479 24
2 path.c:178 0x175e6479 24
1 dynarray.c:84 0x175e6d79 24
2 dynarray.c:95 0x175e5bf9 16
2 path.c:191 0x175e6859 5
2 path.c:205 0x175e5ae9 2
2 path.c:205 0x175e5c29 3
3 path.c:223 0x175e6859 0x175e6859 5 5
4 path.c:246 0x175e6859 5
4 path.c:31 0x175e5ae9 2
4 path.c:31 0x175e5c29 3
4 dynarray.c:112 0x175e5bf9 16
4 dynarray.c:113 0x175e6d79 24
4 path.c:254 0x175e6479 24
4 path.c:246 0x175e5869 5
4 path.c:31 0x175e6959 2
4 path.c:31 0x175e6729 3
4 dynarray.c:112 0x175e5bc9 16
4 dynarray.c:113 0x175e5599 24
4 path.c:254 0x175e5819 24
4 path.c:246 0x175e5aa9 5
4 path.c:31 0x175e5ac9 2
4 path.c:31 0x175e6979 3
4 dynarray.c:112 0x175e55f9 16
4 dynarray.c:113 0x175e6c59 24
4 path.c:254 0x175e5a49 24
4 bdtBad5.c:263 0x175e6509 32
1 dynarray.c:84 0x175e6d49 24
2 dynarray.c:95 0x175e5a49 16
1 bdtBad5.c:662 0x175e5849 7
4 dynarray.c:112 0x175e5a49 16
4 dynarray.c:113 0x175e6d49 24
4 bdt_client.c:152 0x175e5849 7
2 path.c:128 0x175e6d49 24
1 dynarray.c:84 0x175e6c59 24
2 dynarray.c:95 0x175e5a49 16
2 path.c:90 0x175e6979 2
2 path.c:90 0x175e5ac9 3
1 path.c:143 0x175e5849 5
2 path.c:178 0x175e5819 24
1 dynarray.c:84 0x175e55f9 24
2 dynarray.c:95 0x175e5599 16
2 path.c:191 0x175e5aa9 5
2 path.c:205 0x175e6959 2
3 path.c:223 0x175e5aa9 0x175e5aa9 5 2
4 path.c:246 0x175e5aa9 2
4 path.c:31 0x175e6959 2
4 dynarray.c:112 0x175e5599 16
4 dynarray.c:113 0x175e55f9 24
4 path.c:254 0x175e5819 24
2 path.c:178 0x175e5819 24
1 dynarray.c:84 0x175e5bc9 24
2 dynarray.c:95 0x175e55f9 16
2 path.c:191 0x175e6959 5
2 path.c:205 0x175e5aa9 2
2 path.c:205 0x175e5869 3
3 path.c:223 0x175e6959 0x175e6959 5 5
4 path.c:246 0x175e6959 5
4 path.c:31 0x175e5aa9 2
4 path.c:31 0x175e5869 3
4 dynarray.c:112 0x175e55f9 16
4 dynarray.c:113 0x175e5bc9 24
4 path.c:254 0x175e5819 24
2 path.c:178 0x175e5819 24
1 dynarray.c:84 0x175e5599 24
2 dynarray.c:95 0x175e5bc9 16
2 path.c:191 0x175e5869 5
2 path.c:205 0x175e5aa9 2
2 path.c:205 0x175e6959 3
3 path.c:223 0x175e5869 0x175e5869 5 5
1 bdtBad5.c:143 0x175e6509 32
2 path.c:178 0x175e6479 24
1 dynarray.c:84 0x175e55f9 24
2 dynarray.c:95 0x175e6d79 16
2 path.c:191 0x175e5c29 5
2 path.c:205 0x175e5ae9 2
2 path.c:205 0x175e6859 3
3 path.c:223 0x175e5c29 0x175e5c29 5 5
4 path.c:246 0x175e5869 5
4 path.c:31 0x175e5aa9 2
4 path.c:31 0x175e6959 3
4 dynarray.c:112 0x175e5bc9 16
4 dynarray.c:113 0x175e5599 24
4 path.c:254 0x175e5819 24
4 path.c:246 0x175e5849 5
4 path.c:31 0x175e6979 2
4 path.c:31 0x175e5ac9 3
4 dynarray.c:112 0x175e5a49 16
4 dynarray.c:113 0x175e6c59 24
4 path.c:254 0x175e6d49 24
1 dynarray.c:84 0x175e5bf9 24
2 dynarray.c:95 0x175e6d49 24
1 bdtBad5.c:662 0x175e6729 12
4 dynarray.c:112 0x175e6d49 24
4 dynarray.c:113 0x175e5bf9 24
4 bdt_client.c:156 0x175e6729 12
2 path.c:128 0x175e5bf9 24
1 dynarray.c:84 0x175e6c59 24
2 dynarray.c:95 0x175e6d49 16
2 path.c:90 0x175e5ac9 2
2 path.c:90 0x175e6979 2
1 path.c:143 0x175e6729 4
2 path.c:178 0x175e5819 24
1 dynarray.c:84 0x175e5a49 24
2 dynarray.c:95 0x175e5599 16
2 path.c:191 0x175e5849 4
2 path.c:205 0x175e5aa9 2
3 path.c:223 0x175e5849 0x175e5849 4 2
4 path.c:246 0x175e5849 2
4 path.c:31 0x175e5aa9 2
4 dynarray.c:112 0x175e5599 16
4 dynarray.c:113 0x175e5a49 24
4 path.c:254 0x175e5819 24
2 path.c:178 0x175e5819 24
1 dynarray.c:84 0x175e5bc9 24
2 dynarray.c:95 0x175e5a49 16
2 path.c:191 0x175e5aa9 4
2 path.c:205 0x175e5849 2
2 path.c:205 0x175e5869 2
3 path.c:223 0x175e5aa9 0x175e5aa9 4 4
4 path.c:246 0x175e5aa9 4
4 path.c:31 0x175e5849 2
4 path.c:31 0x175e5869 2
4 dynarray.c:112 0x175e5a49 16
4 dynarray.c:113 0x175e5bc9 24
4 path.c:254 0x175e5819 24
4 path.c:246 0x175e6729 4
4 path.c:31 0x175e5ac9 2
4 path.c:31 0x175e6979 2
4 dynarray.c:112 0x175e6d49 16
4 dynarray.c:113 0x175e6c59 24
4 path.c:254 0x175e5bf9 24
4 path.c:246 0x175e66c9 4
4 path.c:31 0x175e6879 2
4 path.c:31 0x175e69d9 2
4 dynarray.c:112 0x175e6ce9 16
4 dynarray.c:113 0x175e57e9 24
4 path.c:254 0x175e6cb9 24
4 bdtBad5.c:263 0x175e62b9 32
1 dynarray.c:84 0x175e5599 24
2 dynarray.c:95 0x175e6cb9 16
1 bdtBad5.c:662 0x175e6959 8
4 dynarray.c:112 0x175e6cb9 16
4 dynarray.c:113 0x175e5599 24
4 bdt_client.c:160 0x175e6959 8
4 path.c:246 0x175e5c29 5
4 path.c:31 0x175e5ae9 2
4 path.c:31 0x175e6859 3
4 dynarray.c:112 0x175e6d79 16
4 dynarray.c:113 0x175e55f9 24
4 path.c:254 0x175e6479 24
4 bdtBad5.c:263 0x175e6509 32
4 path.c:246 0x175e5c69 2
4 path.c:31 0x175e5c49 2
4 dynarray.c:112 0x175e5909 16
4 dynarray.c:113 0x175e5a79 24
4 path.c:254 0x175e5b99 24
4 bdtBad5.c:263 0x175e6919 32
